294
1
2
3
4
5
6
7
8
9
10
11
12
13
14
15
16
17
18
19
20
21
22
23
24
25
26
27
28
29
30
31
32
33
34
35
36
37
38
39
40
41
42
43
44
45
46
47
48
49
50
51
101
102
153
154
206
207
260
261
315
316
371
372
428
429
486
487
545
546
605
606
666
667
728
729
791
792
855
856
920
921
986
987
1053
1054
1121
1122
1190
1191
1260
1261
1331
1332
1403
1404
1476
1477
1550
1551
1625
1626
1701
1702
1778
1779
1856
1857
1935
1936
2015
2016
2096
2097
2178
2179
2261
2262
2345
2346
2430
2431
2516
2517
2603
2604
2691
2692
2780
2781
2870
2871
2961
2962
3053
3054
3146
3147
3240
3241
3335
3336
3431
3432
3528
3529
3626
3627
3725
3726
3823
3824
3920
3921
4016
4017
4111
4112
4205
4206
4298
4299
4390
4391
4481
4482
4571
4572
4660
4661
4748
4749
4835
4836
4921
4922
5006
5007
5090
5091
5173
5174
5255
5256
5336
5337
5416
5417
5495
5496
5573
5574
5650
5651
5726
5727
5801
5802
5875
5876
5948
5949
6020
6021
6091
6092
6161
6162
6230
6231
6298
6299
6365
6366
6431
6432
6496
6497
6560
6561
6623
6624
6685
6686
6746
6747
6806
6807
6865
6866
6923
6924
6980
6981
7036
7037
7091
7092
7145
7146
7198
7199
7250
7251
7301
7302
7303
7304
7305
7306
7307
7308
7309
7310
7311
7312
7313
7314
7315
7316
7317
7318
7319
7320
7321
7322
7323
7324
7325
7326
7327
7328
7329
7330
7331
7332
7333
7334
7335
7336
7337
7338
7339
7340
7341
7342
7343
7344
7345
7346
7347
7348
7349
7350
7351