64056
89914
1819
40104
64146
69588
31245
83686
49508
5509
96034
84227
47535
95733
19690
45616
93556
3340
6682
72033
87041
49057
62903
25881
17001
52377
30770
89815
6705
60907
72776
85525
81880
51509
77196
94208
17395
52522
46513
87855
65247
23942
62775
16460
11212
41944
4717
4231
49119
65415
18855
87613
1
15473
21140
79632
38697
73958
26905
68577
22564
3920
74937
54475
45980
13944
26415
94068
70197
28879
81309
64182
866
92148
63486
64413
5145
9267
81373
62956
76871
48571
73445
44187
71594
43353
97123
43285
43554
89732
15874
51689
23817
6516
82353
47628
82767
17203
5386
48216
21058
29968
25387
93782
30844
29080
6525
61141
63794
50675
84482
60409
33829
97157
86136
99766
70964
47708
61761
4216
27855
47516
41581
47943
22777
5260
46543
5260
81793
97281
48140
42438
18718
67564
83915
61868
64262
25260
93975
71030
25351
75951
49418
81665
22128
79217
96002
49331
13535
3266
35706
40176
82589
47507
15044
60302
9656
25902
82023
3504
