70897
49156
41981
3760
3640
56927
22959
14474
63242
63132
54656
67537
80657
69615
45226
68574
60043
72660
40083
35100
39426
31013
63750
25584
2714
88111
73326
44578
17130
41665
60604
37438
14025
93723
32151
39023
96729
1105
60839
88549
46696
79846
38323
67361
8688
97803
65916
57925
67065
17051
1043
60698
78507
22014
28157
40807
1546
90436
46529
8573
60299
32399
62700
66950
98626
37517
42725
84790
21638
32261
18449
77648
84129
58041
53111
97414
69918
36276
54496
48614
12483
89085
78605
62561
35462
33563
93505
70823
41717
63816
71546
26577
51600
77957
48534
26438
84941
97245
30739
86228
96971
61343
44792
21905
16018
67358
11534
81493
90262
50922
82803
65361
32189
84971
9948
60594
52637
96244
14470
423
1358
70667
4794
41842
78078
36893
28516
33507
46798
82187
66809
21940
76879
66668
66797
16757
46991
60619
68765
5326
82521
35124
17959
73712
53352
88755
55548
54184
37174
92331
59933
79804
53560
79968
58186
83718
96041
7712
47742
34820
33233
40976
60816
52308
15806
18823
68124
89405
13693
76846
54569
21161
17386
90921
7427
12748
68532
31602
37362
83045
38257
93198
4286
13539
46741
82792
43570
84747
14559
22523
83555
51310
55112
33375
12589
92835
58237
30567
92974
282
77660
69292
30238
77353
19427
35155
89066
52808
34804
76070
2011
13049
49357
21716
43743
74536
10024
32831
42163
22748
3955
65689
68101
48395
96749
27058
87590
12477
53440
31735
74899
69517
43191
58469
70518
72959
88095
30624
26198
78196
97878
25387
8967
47076
35478
39659
37645
43011
83601
11924
98979
87911
29304
17483
35887
31196
52531
19378
17592
56992
95219
69137
90609
28399
217
10175
70550
37325
43713
42236
67659
94900
41221
57731
43731
60845
85405
60103
74771
70443
74108
20582
42268
74885
8928
22736
96343
64748
88536
84155
26371
97274
86650
31467
38779
95842
92172
38519
77803
34673
98476
18162
32861
63306
60179
85505
56019
63759
88948
84829
64648
68548
34996
93521
27947
99866
97892
84493
31379
19216
29156
43445
80383
2695
29837
99196
43863
79853
8866
33951
49000
93697
52445
95983
21849
55913
61096
39616
22949
84744
39189
66727
53857
23238
71902
40182
9034
42690
96503
82664
17941
40111
68718
64325
64450
39444
40652
19483
84895
3991
4354
16289
32062
62149
14544
33850
50362
40048
85436
78750
37220
83088
59727
97200
67340
33588
73018
10265
30083
13921
83802
17676
75573
43503
8103
80662
82444
93867
88485
6072
49306
58837
39809
12745
73034
86426
48556
66631
9889
85578
58903
23653
20296
84280
56927
18559
74714
75799
64464
84251
46615
46943
76062
79126
38975
36240
16371
39896
82970
20808
60986
64197
11726
78457
51391
60952
48021
16169
44119
87064
52729
97632
65566
16405
60594
40853
97163
61435
81576
92166
90659
88935
69553
15046
10283
39433
55560
61155
17378
74818
10049
16947
53813
40482
37794
41864
43121
36996
20124
33843
12720
51912
2050
74307
46975
4698
76662
18221
9064
7172
45812
5042
19692
37947
34657
73519
52692
72490
8014
67290
1398
342
78803
19142
85381
97845
12969
99489
4750
8437
21369
9333
8695
13111
86946
89389
26285
51114
5365
5518
10764
75238
18905
55799
73693
97285
96954
26738
32232
97318
61855
5105
61747
35287
76137
27766
36602
15402
96338
24641
54628
12339
59645
79529
75223
73928
2497
65
57376
67404
15069
51443
62144
35622
12244
68799
84203
75837
50177
20259
99065
46715
37990
46692
56401
49154
86425
55050
15636
13364
99421
89974
7580
58298
50634
52923
15323
70109
94826
79639
98976
73762
43826
25094
42079
46235
88437
40353
72548
40915
71192
57905
8066
60912
10273
30995
94618
33900
42189
98420
47637
2947
89983
68948
67775
56471
74746
39191
87846
76031
71160
75248
13780
83105
62553
1809
50686
15318
77609
52690
55206
58774
89436
43853
27315
6222
28067
34021
48561
720
99790
38839
89496
61267
20845
62301
46596
70598
59055
3788
28479
35857
34888
90572
92570
10347
63220
74011
36566
88840
18723
12921
74182
60147
81351
49732
71599
18697
