32097
71433
65718
68651
97718
3321
54336
80320
20451
70743
39624
4944
40577
40594
39082
29057
25770
60330
51982
29986
24404
62967
8120
69100
70736
37727
17381
96098
18576
23926
6927
98914
62169
32654
50897
79255
82056
69672
62427
51044
29497
23651
29638
48230
35873
96481
35920
89433
3027
86857
10398
79833
97087
94696
6930
35458
31631
92146
9280
91736
86345
7077
6317
6663
64447
86874
74147
89371
46133
54250
42032
77186
46215
32465
5764
48371
31840
4987
85858
93849
842
84063
8483
79058
62739
94043
14506
6906
2825
28500
76335
44448
44995
15306
23421
99429
61127
20794
45390
28266
3812
42964
56657
24316
65116
84437
68243
74442
86821
58453
21184
82911
67188
65675
91478
44596
25835
85903
78986
4209
1667
57052
41987
64969
69055
63815
35304
8644
64607
30417
52979
59306
20859
5720
66388
65436
4094
44652
85565
89165
51274
27532
55118
77482
95661
18345
26757
48136
62241
44349
27849
52773
2428
82647
69749
81458
22779
64423
10848
46334
44577
54543
7343
27518
10166
33042
49669
81657
27760
95774
94369
2717
19240
4053
59837
85612
5066
47646
59972
76181
26926
41760
2196
95835
72146
56954
75612
5811
24111
80939
1282
24558
20106
33267
9646
32146
51962
97695
50076
87885
95785
2792
24344
51538
4807
68898
69502
34476
44009
49069
96209
15107
86681
22941
16023
32644
31460
55717
65441
24965
33650
9535
55706
99840
76736
91474
45435
24210
39027
41301
48097
83509
36240
2764
48136
2141
43576
84870
8286
27304
20489
4018
6140
61218
77830
4239
40504
81645
40456
80997
97385
17212
68615
84112
61623
42599
8566
47338
3296
29066
46909
85966
57909
28075
43935
19567
56244
79920
19126
14565
43403
25316
56482
808
57175
55810
88948
97672
13265
68662
9505
88421
69270
93500
41808
6678
10463
31588
85350
45812
18501
93963
