24314
39200
60186
46142
48040
66598
40660
34883
44789
26069
59364
50156
38407
44149
70479
86806
95398
22730
51860
63745
82381
72934
28791
28168
69938
90955
69306
67796
73477
75382
90569
99435
62404
47320
54925
24934
31542
43336
45311
65211
13177
6797
92594
99566
14471
5643
82208
50820
93203
53922
94112
67148
34903
10627
28633
58527
66396
72428
41160
49775
34648
66839
50947
13022
95512
89186
3444
40196
94565
10410
51597
10756
81719
13323
79496
1385
82625
92387
21494
72762
53094
76362
31625
53757
67907
4407
31652
25549
42290
4261
11495
87147
53246
86060
73084
59691
18603
77201
97824
59660
4275
82312
78919
40720
64675
57983
92677
70505
77596
44343
87746
71923
13066
94890
47848
18915
75813
92156
32153
33663
82926
29885
17808
86270
82155
82316
61456
48831
82012
67990
60708
3524
52438
49193
32594
49031
64270
88716
33913
91056
67085
13040
28182
41118
58232
5396
55570
83044
70950
73299
85703
98690
6447
3289
28670
73479
53669
30466
46818
28147
81191
12307
49106
45923
48288
4888
60795
83928
66688
95220
44207
74127
50883
45856
1013
32533
23071
57219
13226
5605
88924
49337
78561
89936
72329
7669
66280
65294
91109
27724
61884
82009
71458
29931
83208
41390
36398
99941
36480
2552
63070
40105
38848
40478
84995
95290
63626
68554
18674
40557
66211
24069
18994
89368
22119
97276
14876
99083
54032
63643
45446
15446
42010
54785
7739
9573
189
76320
39554
19638
64329
50538
95512
15040
67472
28254
30762
53246
85769
77617
84989
98860
13185
17874
59439
20618
72328
23248
1722
75101
89068
76070
56919
25902
50880
99187
9316
33777
33021
45440
26622
87028
12674
66601
28054
21909
99116
25704
28981
10305
87732
55044
68068
66240
97380
97398
97930
43968
74134
145
17317
68461
39835
60953
41663
54054
31187
49605
49573
28822
14277
53266
5421
90955
70436
12128
42684
78966
32281
28889
99026
40006
3532
48879
22315
29868
22915
17918
16902
74481
