93538
96726
32802
90420
34715
77966
15857
3867
8859
86801
93697
57858
62583
51820
78556
39081
15078
15582
83465
16598
37875
60864
76037
11266
45976
2728
3689
5645
8980
81686
72372
38685
86955
91764
68012
1487
38925
47704
13877
44247
41754
37790
57964
20261
94037
22974
82231
30418
63286
29001
20164
91109
65291
36151
60644
29831
41948
976
4476
15963
28179
46109
25176
59315
69767
27731
67769
56006
71971
35681
98320
30085
23749
98528
92847
10025
54234
55020
26952
91823
36773
14411
97202
74904
61449
61059
71763
13387
49402
63458
31154
3481
81609
24558
20286
27882
60975
58737
90033
16
19634
1210
60619
94825
23322
47947
89974
18492
11484
88316
77952
57144
45478
28732
81959
53989
17809
13477
61020
95739
2745
28644
3704
42366
3017
26831
30580
9342
68467
33747
94002
8487
30595
93273
27025
72409
11878
74848
19137
28214
30569
6182
19245
48788
30372
5332
85971
94421
19935
69117
21844
63876
9575
29588
41315
2245
81944
16972
32819
63024
29550
66015
82197
93815
35088
73074
28820
8905
60525
53586
26634
27703
47643
63710
80085
95598
16478
35959
19520
63310
78643
36569
72177
82096
59956
82116
73228
75447
51131
54575
46618
73000
76471
27518
67557
39320
88549
61605
97536
99122
61854
44753
58608
51171
70131
41573
86435
75720
90902
77676
71223
74811
86156
17363
62193
41123
60699
98008
74574
29258
98918
61092
98405
3459
26951
68387
65527
57741
40276
12199
85167
48231
76715
20861
9386
43284
1639
24832
37429
84476
5860
84793
12625
61121
97256
91026
7009
32235
94637
23179
27211
83157
6647
11145
10387
79075
99708
61344
11147
74732
27071
8091
9383
58393
5994
17026
94820
48900
91849
6746
6840
27235
6703
65802
27783
68475
35433
25140
44403
46378
4904
866
5568
11069
11067
48832
14516
90380
54986
71134
1142
37360
91904
84976
23747
40370
87391
6653
50625
27820
11424
17579
69543
37284
84950
65308
67864
78144
24042
10404
17527
98288
4210
59812
87483
68609
91733
29036
91456
24132
60082
48959
61014
47599
27553
78569
12930
50157
17196
2117
55721
94534
51912
78409
52977
18699
56309
70966
30727
52430
42455
20686
82622
75619
9121
27447
90043
45326
83410
83734
34542
18692
79872
51909
37129
20826
45267
97159
12922
50592
97070
80448
80573
82965
50647
79941
13615
14215
63707
45414
65517
5659
7209
98088
41733
13055
99334
68072
30424
41953
13475
13307
38750
44389
92343
87400
13808
69317
68413
19174
56251
97987
5817
34016
60528
36215
40649
86307
38428
98099
5319
83205
2254
182
78161
63003
426
91437
1957
46045
11731
72650
64319
2844
14659
8895
29113
82606
55419
10747
51128
15735
42199
53742
96166
46211
94157
21314
25532
63881
71346
94021
87591
92738
6425
67370
89643
49171
50499
61881
783
13961
33836
92252
60752
63456
27418
87595
40965
78890
73462
1679
21973
98217
32010
20971
16545
92130
66596
68964
79399
35089
64727
17923
3273
3201
58567
53607
6610
63739
77699
94902
70570
25838
29221
48514
82400
98582
60709
78956
88371
51242
18663
96068
52586
90806
69112
6119
57861
64260
97882
38283
71752
57210
55817
45891
34443
96493
58867
91287
5794
72323
94437
54533
36318
75302
23817
59357
1112
95297
5712
84903
57021
52707
98062
28751
51332
28058
24328
5585
25275
23159
16297
6558
17389
26191
68223
7029
80531
64166
56741
94815
81857
9059
97502
97444
57544
58766
22841
15115
43362
40623
75072
16184
98346
83825
17105
23944
81957
77459
66093
17345
34982
73142
56705
83981
51307
5456
38368
1325
11356
89354
5435
81596
78542
11671
50777
97070
37564
63618
21638
5781
77647
62833
41861
22746
95054
87060
46729
28743
7241
86980
55665
77569
35985
62965
83895
53406
28607
79708
66964
42526
45142
53710
41604
18037
44828
81520
92953
92724
57765
81403
41523
73251
26896
97767
3543
49104
51647
66235
15458
71613
57649
57642
67346
22246
56876
11508
40915
35085
49394
33745
95471
26007
51554
69336
89909
90538
16078
68672
70243
63724
36885
46005
90617
88573
5865
80132
70944
14711
9957
30966
26488
45890
24981
41066
33691
73802
77610
58456
22418
76423
8679
56265
7567
21645
79722
35719
92605
1491
20196
81948
94099
28510
15292
96833
49689
54192
83548
59817
82208
19333
89668
66096
99780
18272
81031
62041
15726
52724
26285
39987
72999
66716
71284
68674
55608
91685
11266
21666
64132
90278
8776
23989
23925
68771
64258
67004
82994
31195
70570
43200
41769
73416
53846
26125
39146
62321
21232
66073
98162
14177
917
89452
10536
76905
71742
78897
12096
33616
38328
72232
70699
79263
13255
51311
74793
78556
20239
96525
74116
91560
31596
59455
84313
53457
99465
54649
24346
16953
33315
91952
9610
9631
16220
63063
