37033
48914
43566
98811
12656
13793
87762
22787
52699
12423
74217
34872
1735
885
67647
47580
33978
25884
83971
2707
49015
21322
16238
11595
65635
14734
8675
58750
25330
37711
41236
55554
30405
62639
36378
57485
51912
38186
95967
56758
49728
67949
19288
32757
51118
70506
43074
84870
34993
74862
81288
86523
66836
42847
26072
85248
23887
69531
1870
31506
41689
94035
42132
48801
1477
56361
82364
59253
63138
60960
34454
52362
30614
54717
25288
30070
15599
95893
47582
78557
41289
81283
82719
6320
680
11443
14023
49161
53532
8310
54506
75582
12650
55900
65535
30916
33472
12977
42215
35128
81247
46681
87436
97805
7176
58109
89644
34234
18936
14626
59293
58759
81850
69488
65781
95781
34727
36875
50360
84780
49050
99976
71056
63656
1657
61056
63113
94484
69470
95704
72749
47414
90055
48528
43246
82009
63952
4549
418
60698
3691
89400
99491
96321
60307
92135
57197
74910
80921
67077
1616
5860
70562
55595
27834
34589
47941
75045
49960
7533
98240
50331
89317
6015
36249
13659
34871
64041
294
69998
54960
55497
1441
19639
29400
78504
53283
44951
7794
78841
5433
6026
83611
40391
98420
49395
4139
28478
49230
15328
13871
1725
65090
32460
53200
9750
68349
13589
5474
67552
97452
13448
3557
42810
27995
78120
71957
9663
33727
6476
92407
11649
80124
56614
39484
37541
12796
64758
38411
46722
69471
402
49624
85530
7700
59753
84013
12653
676
99555
98924
207
10667
35420
18090
97516
3612
72592
58597
36933
19260
2807
34784
25158
59015
88519
42716
99581
98273
65218
9382
37073
71534
23927
18251
82419
16964
89180
97110
15287
2314
82890
75322
98119
86260
61461
85683
42756
98210
32401
1020
912
45510
97348
57484
22746
79746
31072
25160
38827
73432
90458
42231
3700
74939
53838
31319
94040
22830
19266
65984
81051
11077
40394
51531
95287
3722
50637
27355
72492
1582
20107
87980
11348
64455
5555
56783
88160
90043
91135
30068
59566
45445
77303
39733
42245
38560
56476
60208
88407
5139
17332
9668
77488
72472
44706
66699
18022
42804
29034
41675
99062
18616
68109
7052
47816
67759
34677
2576
39318
99187
95964
90119
64994
89665
5720
38413
99884
68348
45702
70386
13082
29467
71745
5142
42596
3665
19672
72789
4388
75605
48247
73412
25742
89503
40261
91415
85407
35117
48511
63275
7122
54471
61089
30443
89148
54214
69811
89698
60383
50041
57019
80688
33356
7960
69166
24731
76131
82446
20718
50109
48629
83667
68884
7191
44302
34958
18497
91630
45412
7592
57142
55718
39264
42671
83177
96652
53841
89570
73811
66069
54155
6882
46699
47593
95435
85181
96790
98507
55925
61192
40223
47832
70608
58
69056
86138
57567
26429
14453
72414
70999
85953
31688
20066
29037
16508
57909
7867
50594
3165
53082
92216
93326
82330
15894
74500
14625
48943
69598
1697
79184
5834
37887
49530
10238
76465
77876
55541
26974
81316
6084
34418
27905
54018
44053
19707
69142
46115
22847
34743
47570
38968
20111
1186
31785
47779
59768
46008
88513
66154
82599
67078
28805
59822
96102
63701
46917
75288
33954
31497
45132
83186
99287
61006
30113
26993
31665
66161
30497
95500
25307
2499
21507
82076
35507
15538
50248
35270
41610
87190
35151
43653
88080
22385
64680
33089
326
39290
43958
86721
68895
94564
33377
26982
14524
90033
90540
24811
87229
68978
66045
24009
15231
18942
14655
88307
3993
53495
66314
95208
91957
47876
56240
14052
97848
52710
40004
16013
44452
6224
18027
70849
15792
8418
64336
89248
98441
10618
96719
70474
73466
10643
39563
12797
63057
27499
16705
38786
95406
60096
69525
79073
32719
11921
25314
46575
10478
87906
42590
18388
61180
40936
33576
24737
42724
63500
9481
23333
60489
84926
11480
13389
62866
46477
79472
16286
2588
85240
71725
19535
90693
63348
81425
47141
26294
31492
925
82899
63560
14988
61168
33383
77387
56891
22272
74515
11252
45671
11691
79615
34546
94944
98639
77711
2432
29541
57643
38635
98868
65907
10094
26069
52903
55381
40615
1193
49695
86340
64821
97992
10943
15538
76702
26511
94498
20116
27438
92473
59916
29866
82808
50708
65538
14256
73678
35682
3421
60536
93207
35201
41048
87944
5432
92976
23188
98595
12818
42232
93666
68079
85136
85956
24983
28105
78693
49592
93860
89725
73479
39151
12729
98742
26196
41683
21059
4824
79427
5970
56098
62709
81365
39007
60260
67519
56541
48516
41798
56819
25932
53200
86808
89462
4572
70861
23789
35606
6492
79717
67108
83450
60321
30422
12674
86334
84301
65281
27993
38763
86752
77012
69478
81751
47192
12205
72488
96556
94330
94203
94073
51456
30089
6689
44694
18659
53578
42592
23467
77731
15604
83213
71542
68161
82843
29592
80200
46705
11209
62125
34137
45118
20237
55349
36070
10702
24453
22540
46439
45758
13754
9403
81445
42644
82717
97659
43996
38537
88542
17683
15369
88348
69002
4612
10492
75404
75310
64481
96719
47601
70205
45938
94818
81645
8865
38970
21628
39853
59403
44818
96412
92640
30747
80915
17430
35398
58597
1150
21603
30931
54965
25161
68336
57896
53429
80609
38696
41919
80806
69518
13101
89100
56329
73759
84516
31581
61704
15647
79895
31648
39602
87367
171
74552
64153
57569
48626
10774
84920
55001
98744
85930
75653
17383
55947
20799
20713
79033
92664
75171
45671
52829
83171
47268
43938
41152
33488
25431
68592
86283
92345
20587
47723
43506
41818
66706
42662
29811
709
82010
1348
67559
30105
36145
63895
5878
8762
67858
54071
62807
46053
43878
38928
88327
22203
42809
59262
2429
89382
87737
25816
13242
32938
38126
40355
68005
79660
85208
36745
34293
49426
75686
45070
50399
77955
15994
61650
22183
91573
83661
59420
78916
