91083
31216
6155
3132
39076
50915
62053
88470
54761
72631
84072
56724
45572
86691
9291
17611
29640
93990
13685
69120
73287
45241
56729
28364
91714
89299
12375
58900
62611
12397
1795
90083
7924
83084
9769
80408
51533
22406
29969
54962
59826
95538
44660
47239
18426
69625
1469
97548
91334
2989
3855
4068
48719
23135
82814
88335
36408
15174
65102
24570
93802
78288
97875
91679
7525
15796
31173
38151
15543
4150
98023
3277
50821
37853
67226
13220
34761
70837
75984
67430
98742
70226
78560
49757
27022
65725
73018
39334
76070
17006
90863
58889
34110
32517
54013
82636
40185
56044
20058
32226
84545
92145
50119
17475
61421
68214
43881
28675
41492
29513
93530
59261
74374
33866
12266
31482
21434
55038
94017
13407
56027
17958
58674
53228
51959
74990
31825
16273
11540
90354
99465
91510
62024
29614
66539
37524
73577
52763
33417
63056
23058
83015
86544
84173
46025
68809
78512
68982
84257
73788
48660
71506
47955
18727
8090
68963
70434
60382
82592
51157
38705
25143
73488
67013
35790
20187
59785
11547
29918
21452
25266
36635
91947
86314
51298
90921
15422
59253
70128
38066
53626
31064
24307
68236
74787
76351
25664
5355
70308
30068
51849
22105
31435
71779
59997
5996
37252
66084
35414
73067
71156
59357
28469
873
4224
56423
64988
49379
51884
96251
44451
57230
25294
13013
66174
41599
60612
8018
46416
92408
18067
69059
8976
36171
98273
56636
48349
51094
25697
31297
77881
43253
98482
22983
85640
43792
55
41831
27823
59033
10967
266
93538
99278
49404
58523
75666
27746
5578
19878
80294
8753
18942
87931
1784
93649
77703
56160
82102
64438
97569
29779
61378
58171
60976
81574
11930
20344
69239
16938
30117
82482
78120
68738
39378
27946
52269
59904
33723
715
85796
60845
63645
24508
94933
29764
36110
34066
94302
56921
66734
76775
20744
38623
85676
21021
68005
83418
58994
7785
41735
1486
44374
3932
37337
48632
54114
59523
83147
88577
49155
37183
78238
1412
35672
69158
87837
2073
80401
7180
39893
40673
2354
61588
93808
36246
36961
79391
26626
47164
3953
86044
3186
4996
42385
12690
64809
34005
5252
49469
86022
45754
31985
6210
10647
37455
39904
24420
87275
33740
95312
68973
79699
94413
41418
34220
30337
65574
73677
27501
3989
78120
63359
43095
35448
96197
37313
11663
47576
88562
25877
4038
96377
38119
91787
83985
36431
19046
50660
42118
83720
56952
88286
2651
83490
45443
71445
75992
68168
22225
37364
33445
14737
9570
32164
5329
82117
97464
50782
50854
27180
93212
9869
16898
62977
78520
61028
93572
34570
4257
24514
87051
46525
14130
93152
64637
81742
21421
22730
83327
3682
67693
88500
91444
33413
69077
47679
92922
39059
4249
4970
85857
68317
18632
32117
30756
94640
11644
43405
69657
34518
37970
76757
4867
26949
89866
74711
55568
46785
35429
1060
41867
51081
67531
67336
99086
31858
69797
78544
209
69934
29516
39700
61351
52489
22819
93735
23974
32017
64705
87187
48294
66105
55689
82867
14930
86184
67853
58326
16293
98958
96022
45429
25600
26662
54535
79744
59577
41615
26782
38688
1055
46724
73173
54523
19602
96658
73653
92276
22191
44372
23126
83554
81650
34438
12344
4968
28197
48384
12824
84512
48866
37757
42294
10752
20974
58097
16927
8048
8981
41332
98292
26299
79225
15261
16508
75815
33952
96897
96457
16945
34948
51354
31225
89937
77752
19805
36101
43300
90084
78693
77478
88528
62544
97993
3934
75580
76026
18710
11538
46870
68474
69162
52103
87784
83753
85755
41620
48864
67322
97040
46549
68818
17306
69781
17894
78358
65233
2576
7173
12681
48339
86268
34423
4963
44782
30940
86283
74815
74495
86753
1996
63967
21584
60169
56815
6737
9319
48320
75853
54960
55701
82340
6808
6053
56464
85410
47287
8770
83078
13109
61625
43972
45914
52311
33101
97329
57231
10490
80395
57426
34950
29685
21902
86072
16438
8726
98161
17904
1614
13502
61233
53484
16648
98115
10228
14106
83389
49721
94503
27395
95368
6645
20186
10542
38834
83094
81725
12649
56732
64304
98094
69161
34906
13449
63020
9733
93010
55923
20316
46144
87715
77806
48895
48998
82787
93407
87478
948
9428
1688
46267
90068
31032
63218
42053
79735
39069
87987
54216
61049
41312
29964
32035
60266
59950
36748
88459
37154
35367
1962
92205
70399
31455
14224
18526
83338
60299
89628
39461
17278
87934
14563
26615
10570
48586
12553
3704
89331
82407
82486
22129
20345
21182
36126
40757
18195
77855
90325
