18620
15700
81433
33936
90772
39902
39052
78662
27453
46037
69040
87899
81430
78450
29128
88944
5228
30571
25386
27464
57864
45714
69812
55585
17627
31459
7827
27974
62252
2804
18881
64098
16999
92022
55959
43552
82183
82786
74246
56924
34605
42635
5579
37085
52131
41225
63504
45130
37318
52075
13885
81365
14509
42625
17967
34822
45272
61456
48642
74724
49276
32375
96403
24107
31932
62836
19055
39552
6096
68801
48727
51490
53084
9624
51087
97032
98025
14953
34870
1548
76216
70883
34940
36461
40714
14709
39067
98737
6781
66658
97458
22524
46101
2838
44797
45215
32830
46408
77159
8865
4601
23595
60604
83509
34489
97683
4657
51324
14747
57496
12040
89914
29771
97133
16185
39203
44294
80847
39962
29456
53213
40970
52972
87909
31753
7659
70415
28309
88807
16988
24194
61342
62350
88554
46341
44499
3725
5250
36244
17384
77381
66261
36340
42761
54312
19555
16052
94849
967
12327
60729
4427
60837
26790
81179
85258
93173
94644
117
28170
72484
6278
34444
57784
63487
50392
76752
2500
69068
36234
85790
30746
3648
64032
23851
55841
70957
19436
29144
7999
23789
74937
83168
15072
53698
85217
26993
23579
901
64270
96017
28369
88803
29891
80423
62968
73583
95741
77999
33229
57218
82731
87337
54335
42081
9821
92658
75525
6923
9586
16604
48115
57582
96051
64302
10441
51169
91271
50869
28283
9764
93037
95231
41175
28832
38823
75747
23675
46573
90741
77587
76232
73364
32738
18154
12742
85218
34695
15091
11203
61831
98300
61488
40055
98373
56722
94868
65863
40515
54108
90420
87960
84555
81796
74619
32456
48574
95913
43005
71720
56682
85630
75361
16033
86237
2871
72857
51504
7778
2627
94979
72695
99020
78326
49134
79594
37822
8771
82816
76597
74450
62231
47044
26163
50717
29097
40535
71579
72779
77308
6626
51974
55367
44334
39498
88291
38170
96075
62530
21378
29851
96330
69888
32645
61850
40829
72535
73957
32664
16875
61803
76486
93692
53706
97541
98175
70029
29527
43571
6317
23746
98930
10759
75394
53246
99055
27512
10947
80160
84343
38844
87622
5075
28097
38373
13925
15013
14353
62710
7344
99133
25659
24693
81610
74528
11382
30736
12796
41287
97048
18306
62744
75138
67940
62135
97054
27030
29863
32239
40381
31920
16430
43183
64271
33825
75644
12220
2041
10846
28792
44071
31454
32403
51785
82048
58938
1366
83098
9098
79115
25991
13335
48047
70146
30789
59202
97943
19164
51462
69285
52842
52563
66944
50564
80758
73411
1395
42945
93695
82533
80629
4347
14802
81019
51018
1042
45629
19978
64299
26902
55363
78287
99023
1124
54579
10917
28508
16749
78701
19107
56245
31894
90803
49205
22564
12168
19735
29463
41180
46077
77790
3374
50905
65498
52222
14327
66325
10437
36889
39433
81661
81266
64156
60315
24337
22543
12910
95464
68894
80247
6126
2459
7981
68901
70920
88911
35005
76567
15352
48454
22861
24056
79465
62381
84782
79964
43161
78750
76910
15281
20468
98849
47585
60301
38610
65822
55638
2456
91017
62109
69143
36459
66002
81018
17099
47743
87301
43335
99448
76710
59041
82299
65588
74679
85900
19606
48242
22670
39331
1270
88032
41285
62693
55272
4563
73969
51986
72832
62068
76803
14594
1990
41851
95714
96060
75835
69793
56674
74365
78327
55086
35877
52551
78075
76166
15363
33738
34750
1452
64712
37694
4011
56053
21642
15072
34897
41005
73303
34298
68546
78888
65937
56792
8966
98832
93367
78838
45236
84952
34353
2833
60090
95184
25404
7064
62299
12234
68985
11330
29555
15071
87320
85836
44762
57873
39126
22790
51723
13795
20614
83931
46117
83163
72969
52975
54517
79918
16264
59560
37854
96099
24436
726
86331
2137
47388
67324
50209
70453
74722
85982
75214
11558
20825
12336
82504
85368
93172
58205
51201
95852
84716
4263
26434
94445
7102
40455
87648
6773
54211
89006
70653
58317
55165
99363
42412
7528
42407
60749
80035
99686
23890
56205
4769
31484
8624
82139
67941
64816
91976
79342
78893
48690
61131
65288
4890
456
31975
23249
59788
61699
76437
91377
31958
80190
43958
4355
82504
77188
22234
71561
72281
39186
20785
28954
50515
24836
96141
76926
59025
1336
69576
13397
74118
19970
17312
90232
23170
7772
39001
61815
74699
91446
33055
57177
9479
80730
26998
91599
35737
21252
27553
39899
14002
81773
68522
21879
6402
67327
44797
485
61482
48321
27947
65221
88607
66069
62850
67181
66017
17507
45708
87805
63371
36021
81532
61072
43341
71318
13823
28280
37358
29223
10669
85947
68079
62026
79877
90570
15438
1708
70973
9083
94344
1870
4089
50828
30156
99626
44695
85694
83020
25997
19077
43809
83929
82492
38154
4771
4112
62631
66918
18862
84874
30024
43231
59050
7499
69459
13121
80803
82091
4071
9971
66836
80470
20221
62117
55883
31276
62114
67371
98432
35383
50482
23883
48101
46533
43804
54484
84892
95827
96577
6302
76086
19215
77059
48939
11837
74631
86709
32868
5786
9688
75163
4986
26081
62079
68188
10352
19200
42850
21386
38185
7775
67707
79791
96037
84383
63282
62583
18836
85832
84020
3231
39120
16964
30878
58275
61262
99344
65501
52717
95909
48405
62825
56691
21064
32747
41274
86591
43410
41242
52780
94244
37448
77444
4767
50025
40920
16537
23115
39943
82733
97643
48745
82769
14229
