58048
61783
12862
35052
41091
44825
1759
29337
10155
38913
68352
4922
74649
9662
35754
63243
49568
56990
61014
86567
41994
54219
6235
36157
35883
67248
88095
65763
33864
21818
98541
66179
63281
44012
11353
49646
74154
53130
33167
22818
48983
36972
23225
83853
8516
87306
93755
12852
33612
17932
12327
5449
31243
29258
58903
26799
52475
21666
43504
37519
21928
95233
65521
64340
61722
5473
92676
56274
88381
73766
56472
82070
28384
77059
1707
86527
37281
64125
90227
31923
18267
65334
43536
6412
19059
79374
15280
83640
40689
33752
12797
67192
18483
26143
37041
49635
34043
60796
82178
59019
87444
98219
29956
55618
1167
37207
89732
78514
41414
46081
72576
25336
28520
54592
47394
79006
66072
9473
8326
72794
48124
84993
85924
9319
5572
25123
59685
20302
26277
76043
76519
71938
28942
46739
48538
85733
88018
11312
94327
56425
96104
39361
406
7321
11313
10457
14093
28954
69989
35204
35320
99385
49972
68778
53176
83809
46234
63085
73042
57317
69258
60798
2170
87706
96956
88556
5389
55211
3182
57469
8360
72812
50071
26838
13385
4481
67474
31619
2257
59303
50654
15677
31983
66826
87205
51242
82435
13335
75819
60232
90078
39919
23045
85256
98907
71278
99609
87090
78557
59152
5151
71313
284
86072
29371
69537
24119
83821
8656
20299
34939
76573
60109
11179
71596
61096
29755
57106
21414
85742
18295
29
2506
86139
46364
22313
28309
78533
91627
70171
42587
1733
72345
84360
28887
35349
66210
33104
36023
5780
39265
36840
20617
21918
17651
65885
89122
60016
64699
80514
24908
41449
27554
68166
11161
18324
91038
14656
7254
99932
21892
25249
5142
17989
3795
87344
83034
40436
52745
39265
86190
2249
63398
79297
99191
27268
69890
15576
30328
67527
9445
20876
7039
85848
53724
16521
81364
53672
21420
66853
66412
29167
6006
19614
68625
20587
44829
78559
46413
26678
19900
42294
13267
79608
16773
88023
12978
96490
75809
20353
25908
72971
49912
43706
18501
26711
34476
52131
23302
19749
58827
62442
33745
56814
23848
45607
16797
71609
37754
37200
87285
74872
41171
30477
50319
46747
23666
75265
2708
11534
16820
22351
90599
35360
3713
66463
48807
36590
11331
51149
97389
95025
50976
6024
43001
88988
42129
90836
26403
79323
97537
21699
73227
96174
61433
52578
42707
68095
78841
79748
28522
63591
31827
28455
47306
92663
8344
69390
53534
40216
70973
97814
44647
74396
66414
90347
67211
90991
61958
33391
3788
19963
12495
93069
10880
31996
50753
69302
90953
41648
54488
46267
15964
9239
77280
18015
76221
96077
34361
31353
6572
26910
11553
48414
42069
59716
13954
88402
77185
55969
91392
62060
46522
84508
69973
63242
10691
78913
83195
29760
18616
1997
32152
30280
26983
51601
12237
75558
88946
69304
23569
90683
77365
87976
33999
20251
82997
75318
87108
70509
25007
98558
43003
21541
30019
50457
7030
68406
76666
38562
40630
72936
65161
48353
59668
27492
55923
46495
8419
48507
27613
92833
52203
31015
33163
79110
58328
5605
82487
8549
33519
46407
52532
73545
56430
82659
19160
78607
86121
67351
21108
92545
41543
54151
3829
97576
33098
28450
50524
33586
85273
29895
89006
13216
19110
92125
66264
7796
64948
10704
7684
75290
49398
32347
24882
19513
45939
37580
4911
34830
95784
64805
4371
2334
94846
96526
84512
62204
3660
98129
57915
92537
70027
66075
73681
77340
58937
5777
46261
45718
60972
19679
33191
10488
98955
43177
88943
27495
72986
20029
65947
36853
76320
59771
99600
34169
78681
67448
1618
53474
9663
80526
95612
24168
82752
89442
60085
91712
80311
56553
97288
66150
71526
83538
21442
83683
58834
9438
56858
34629
43770
50497
55272
26029
70477
18875
82481
8965
44232
80035
86948
9359
33443
28244
47511
56597
46415
76144
3684
6731
29023
67703
268
6370
56055
34128
28072
39533
87543
19445
14529
42808
31794
6464
11839
64123
99135
74698
45983
77209
44533
19602
27563
47586
83293
57087
84889
76404
21945
28794
61076
25968
76213
11976
20157
55054
49632
23096
32286
63343
19894
86389
55105
62335
25424
17612
97174
55082
61991
49120
40110
18869
88276
95123
8659
43670
399
25649
12396
84776
68284
84193
39116
40442
31553
47466
58190
64684
29271
85860
92236
71593
86430
40413
37485
80569
446
86035
56993
91816
63237
1657
36641
