69645
17404
1376
177
11138
27803
31939
93737
62085
42465
64708
49062
34179
44381
47655
67401
3036
86174
45885
94308
62896
43839
84787
24153
99576
94958
41243
57515
38416
29027
92839
20329
4519
5440
76462
84981
60026
54466
46101
86793
57486
68216
54869
4418
69579
52121
18451
69641
23493
2874
46129
90951
83233
46042
51461
15927
84918
5757
77423
20136
38855
89874
90436
94656
67697
56958
14249
10731
52481
86196
87982
68263
7622
98011
42917
84948
2159
71699
99728
54832
87583
76791
91886
98933
82560
77168
21794
46262
1630
81077
54027
21200
98704
96256
44626
72651
26703
7287
96929
61748
92160
22048
22801
28090
7897
35858
73357
79612
18089
35375
85423
98143
88113
9757
68979
21565
16473
53891
36696
54211
37966
37604
49452
69717
45904
75872
21313
5047
66793
67897
94005
736
73294
77737
54246
20623
20641
5827
27593
84440
37843
49266
39556
68617
98078
69148
88767
74474
32655
75510
27840
28729
39685
4619
95345
68826
72338
99369
86908
75070
72110
11461
95000
42900
39961
23818
85309
41859
12519
43358
12881
82898
31715
37783
13322
12666
64307
85445
33367
72225
42653
74633
91002
98420
59953
27801
78066
8666
61852
37278
37911
94439
31838
81908
67176
55071
70372
48870
4134
31695
16924
11573
76305
51266
60359
13064
87179
62564
26124
74791
25866
39942
18656
92855
84399
46283
34247
98040
65160
84248
43282
41951
55511
24361
71350
29486
38249
79823
86140
47679
94848
1171
21388
42581
43733
89002
40307
69405
37939
69949
58992
86552
25534
49931
15274
81449
52032
49458
80252
5243
56812
38324
68489
54488
85166
21527
8363
70818
4100
84598
86562
34423
73409
84713
79981
3790
83786
74120
34498
2696
30858
64313
43169
75875
48044
83299
16311
27044
72023
43973
22772
17143
62321
29258
15377
36677
41200
9107
34089
73962
61494
35822
7896
80855
48440
17385
50711
89210
96805
43554
67811
54854
36724
36504
57361
1244
10683
16575
6546
2312
29957
14487
43622
83108
1559
23901
15925
27924
36390
72746
19391
68471
65793
98034
7637
79485
7071
37131
57930
35770
28810
98537
67585
83258
73948
47215
97373
47043
2564
33334
68509
41649
17219
9041
56540
62950
31436
15458
9217
27186
36553
81564
45929
80448
13669
57999
73794
31767
25779
12023
79735
64616
10469
34965
29149
55178
75655
60488
19761
71110
79850
60813
4259
41861
54337
78800
7083
80733
97369
66360
19461
99908
40143
34146
62319
92607
50825
73833
59169
61279
6226
92505
60369
47431
21061
98772
6353
67216
81772
2204
10487
77299
85959
31537
82161
87846
39321
42800
97532
3580
9742
76136
59027
9954
82835
29543
65280
29332
4702
49123
40635
51909
36104
88643
47627
97735
77445
66300
27089
89731
56119
43582
78566
13038
96786
69938
8662
3277
21000
77695
36794
45487
45376
74283
56464
76540
67115
63266
5790
66732
42198
32052
3409
11039
74968
72367
55252
87197
48017
49669
33824
36280
28498
9674
74726
91886
90912
3976
25072
26288
97366
32504
15302
96124
73989
38140
9536
56170
16872
48283
20236
67705
52386
39513
50335
57724
65080
4717
50345
86942
91683
27152
