81623
42348
99471
14619
395
27709
69698
39535
39060
45917
50579
31668
43351
762
9967
32834
45644
28424
89480
27290
8460
25499
58811
38819
45964
96735
99099
35997
45708
51420
68069
59455
10552
15021
83387
70936
35398
82107
91201
81905
24797
17960
64315
49218
45945
19482
98726
27045
96771
71118
48472
37754
51005
78485
56802
69878
21066
31233
6594
28599
55543
37406
24807
53295
60744
84148
34406
77773
5455
14095
52779
41703
34533
63114
88125
66550
80349
83297
84569
85976
21345
75209
12990
69198
94093
75340
97586
96225
19259
88604
8170
36153
52749
21405
34966
43879
21057
58407
96418
26622
44489
35631
11044
39546
93420
93820
91829
49578
61112
49264
95985
58148
71918
94350
84051
97152
75767
37103
10426
7809
8875
7798
82325
79396
26493
1475
85996
63993
36232
87771
87702
94407
80187
3961
72569
15356
30519
53443
86798
92782
76604
60128
98114
92810
92041
79302
85449
20418
77005
37477
11993
78289
75385
67621
25622
48603
67055
21864
67580
14678
33367
81381
53949
25416
88590
42617
25040
63417
61518
40387
35231
7401
99853
71578
80155
81249
55222
8304
29281
55506
88812
36320
50026
12592
16618
23357
74465
4268
89172
12761
71533
