8164
82825
19304
42552
80316
65674
93419
7007
49387
60739
35125
74744
66166
26122
17040
26523
42762
98563
24095
58762
19194
39122
42266
8627
4309
20685
66111
14624
54840
63817
53848
63396
72911
33825
61086
28226
15707
40108
33704
31387
21240
28990
36530
61025
61315
33187
37520
43673
36755
34902
57142
15780
30870
15292
29412
51791
34881
624
4765
92349
53637
74901
55517
74121
91490
10138
22066
92502
6544
68611
62360
30142
6774
56585
38305
57755
43613
55932
90864
59086
37636
28925
20556
49206
46831
82237
1857
44448
60702
88724
18716
3345
73083
90
13944
90846
53060
39840
97700
22838
96731
44196
59594
24721
2848
18696
75137
86256
72470
207
90306
15352
86777
57921
7971
85748
68067
32614
86714
37670
76728
1058
96286
26626
41579
61957
54489
23368
62507
71088
97746
47863
62678
6605
11897
71775
2882
20511
70988
47468
2675
29312
99868
16991
42006
15698
91339
21749
42871
53808
70454
72761
53335
33274
7213
52419
75822
41649
34503
1571
98156
71243
30546
557
99148
44554
74446
79460
10823
2607
79630
91388
26484
72487
53018
53015
47825
24197
17709
98872
65185
42680
73810
10060
62782
78469
55682
64095
35397
99875
74481
10486
94489
50987
12297
6437
30094
22981
58507
48750
80108
71321
50169
11498
40706
58411
96317
44488
30625
70120
30999
4783
97934
45306
51682
82752
30676
70064
58351
45109
2365
22908
14216
50346
49860
13445
1335
96738
44500
35290
43839
39745
77631
54121
17570
64204
38802
73699
58075
17078
18899
66551
18780
98833
21369
21730
18035
75678
12438
49666
47378
10925
85854
93580
93947
21649
59206
28311
57408
46598
57219
80600
16090
62977
72704
79977
18191
13266
27964
46397
42003
98626
88459
39570
84048
62744
6406
35706
95806
29140
94763
59948
98449
65957
51646
87274
60518
35214
71765
30963
25955
38243
94815
65986
29208
95722
51026
84731
30303
99233
71214
54477
45863
41693
32648
39883
42003
76290
12966
69445
91801
67713
22094
62517
83804
85497
76774
92925
98524
47237
73792
46586
47383
49167
6400
33733
92837
23305
53646
41468
39621
33875
54488
59335
5123
71128
57559
79437
41828
17984
13315
63364
96602
54051
48078
80781
50265
22654
29101
59015
86467
19358
96269
39296
91344
65320
99478
13574
84721
5413
40927
15892
29833
19620
78729
64288
61606
56623
2245
93045
13464
90756
40402
80826
9468
67699
12036
67827
22266
40282
71920
64567
77908
3709
47625
86256
16013
19289
781
99942
88106
67399
81512
46689
98124
93985
76975
98064
57149
10269
83937
25002
39390
72644
61202
97892
88234
8897
40426
99287
29876
67917
93537
15143
7618
52982
71447
76802
52366
53479
42112
54211
54147
16593
66291
50905
95704
99008
56449
23308
52245
9118
68260
40713
51397
92472
75055
18065
24220
27393
73306
91213
61828
83712
61867
63840
22731
55480
29199
36561
13454
8304
71180
31948
89301
83611
47360
54314
93337
75687
65652
70068
69706
42743
64443
63309
52368
30535
37003
12034
42126
76247
15804
42942
43548
21365
4017
57284
38897
95182
7933
76572
28686
35363
87446
35155
67739
88662
1991
46788
71867
83408
86447
94298
63309
85791
45539
35268
63053
44283
6133
82425
24941
90644
14578
4975
40180
2058
10879
6630
21432
36795
53003
67410
3100
35627
2959
89513
68742
32860
21595
62671
37746
44381
51153
61351
11450
95547
93636
5040
93851
19005
18917
53541
63840
91702
59282
71842
84615
91390
66723
83555
91475
35820
25787
38304
1646
22625
28197
46636
39106
14526
25688
86148
63559
13074
84637
54477
35794
34490
70075
38664
41581
43513
87548
86113
33090
15277
9035
99976
30518
81306
3782
41254
57134
73605
86392
1258
58459
10620
82905
11308
80543
70504
853
81618
53557
70646
71396
8318
44934
17851
10662
56392
11263
10822
23284
17043
89950
65774
43877
50584
30353
97036
81843
