53521
64319
76189
99575
39162
65525
6214
98452
46873
28495
6682
25855
47954
54671
19372
39513
90872
56282
29535
22795
36409
24461
5685
18095
72118
98871
44190
39426
66868
49944
54922
8214
95166
49813
41493
32177
51618
19836
18787
19897
88522
1266
71513
93340
44043
1241
90417
27096
84763
18658
27592
6448
64648
53845
88964
56688
2525
52128
30584
53174
2191
24441
45750
75671
83080
28098
22288
21358
55148
77634
13467
38674
59252
89331
2049
88774
3748
43601
44924
82886
59388
76850
65510
82245
27826
88753
12809
82506
74135
72065
29509
36710
10704
40167
66957
99834
38746
42468
52094
3868
94356
19635
50614
95111
8659
59261
81649
84987
76080
68209
22169
82211
31073
80269
94109
87504
61919
67081
53850
42298
40263
16511
2258
30023
17050
85670
3863
32559
29364
25768
46076
45308
78397
12769
83457
52120
76368
1524
98144
55898
19691
51621
65402
52257
27045
50635
43072
21941
84199
84768
5364
3007
62559
78080
14937
85862
25388
39548
72664
53292
4470
22164
1730
63467
20726
10083
11897
46665
34899
8514
50777
56109
48872
16639
81904
79785
34555
16257
34129
83505
45486
8197
43579
15735
66384
74704
57905
61824
77894
39100
92992
89287
57558
33928
24569
76661
3838
75646
61318
66226
57545
77581
82130
25488
4552
13472
28050
43843
74996
71314
19243
29214
7389
11596
18987
4706
21180
65155
90201
37449
38248
73978
85476
60817
12701
93212
78800
77076
69019
34448
86395
50264
11237
39053
35059
18764
50292
25879
19361
73485
3025
60125
43790
61006
44557
39445
72648
81235
45836
89575
8984
56302
140
4841
94297
51392
36172
58825
63013
29105
31091
47306
99903
16688
74420
9266
34631
60115
93280
2328
65569
30480
30686
86432
34746
36565
71921
93872
77505
82687
39066
35003
43961
93071
20757
7003
34750
2973
73066
38010
10865
92689
18155
10763
26525
13313
79920
68594
95054
22759
30331
12147
30672
17034
76530
47675
13866
5172
96942
47059
4684
36448
34778
25901
76824
45651
79287
39092
65801
36186
8919
33223
16760
71657
36344
81991
81662
94334
82816
64470
51612
33540
18877
26674
17992
8497
39735
94270
35873
68541
96856
78646
14810
48886
82443
39684
85682
52236
60410
36695
87644
95536
56331
13910
86533
87065
59561
28696
75239
21783
53314
39421
17598
2525
72970
25410
80237
11085
99228
13886
51639
66655
20923
38129
74312
19315
52467
47244
14496
33408
62795
31017
64263
19626
66586
13282
13137
75537
44230
4015
40517
92000
94614
84089
66249
77587
84273
27175
54555
44590
37805
40723
96368
88613
17669
32266
96734
78965
66563
78481
67513
59230
32598
92529
70989
36368
66275
50097
77323
12604
69043
46426
87897
87094
85786
15261
37677
23997
68056
46255
22597
50096
91256
89789
2779
8463
87135
37475
9039
54940
53123
12827
28694
41330
21956
99621
67056
83198
18913
75432
73326
61045
99702
4643
83734
51407
49634
78896
70806
29015
34198
73558
95574
22696
22480
16176
39292
46048
58121
37243
42923
59189
27585
94776
6158
49998
72486
32256
93164
52292
11567
44464
59548
44223
78667
87522
54141
92983
45576
78155
60303
31480
83176
82765
24314
69204
20611
99339
73212
52841
90435
84523
51121
2466
97810
74409
1604
56268
23775
90622
94036
60781
66467
13247
34240
44432
39903
38964
13801
10031
87506
26422
38513
76398
27065
61483
34322
90872
25137
52374
58909
22787
2136
89136
48714
33298
94447
72923
4754
99016
46883
38782
65975
45966
77639
60486
36188
26229
48626
37813
19773
42387
86672
25338
82389
94533
35532
67396
85840
91102
75022
56293
51004
28143
21781
30178
79442
1950
26308
73159
12780
77042
2836
73330
29423
85532
72515
34321
70394
84779
66048
22766
50302
47983
19544
67825
45434
6998
6835
9419
