36822
52245
76106
58530
60068
57269
61987
26399
11091
70423
90724
9750
67844
66965
74999
30548
90428
17313
32256
73326
62319
27507
83230
19170
69229
60497
43173
15983
56060
5048
34613
81934
90815
62244
74747
40636
49572
44682
61788
60154
18757
30418
2648
13341
89957
82584
89273
94291
98395
36288
42779
14854
28942
67051
3193
66196
83159
89470
48232
63298
67392
91158
76916
95067
25295
85243
93205
79407
98414
64785
70973
71106
55622
64466
74754
90842
86153
78735
50601
35862
1905
51332
88226
97064
42404
38686
89287
43253
20474
59197
57244
41236
88141
71703
51655
60224
40693
79715
24095
60649
12071
33053
74073
91063
46879
95515
31391
12164
63328
66053
86326
34329
47292
81650
50843
94128
40410
92684
42716
6393
4802
86061
40031
11279
63473
37708
55959
90567
28838
4283
33015
54101
42093
14022
52223
95809
53237
88630
95643
89129
75601
21982
90682
33998
49588
57092
1430
81677
48095
40437
15926
49741
50703
92181
8857
97480
5257
12192
36612
61718
83795
44961
45947
54739
25066
51657
48689
99540
38005
84485
32989
23032
19521
27397
46574
45101
15854
57899
99253
90607
29488
97328
90635
12420
43260
51412
74578
46516
99782
99290
24334
24940
37707
67402
61664
49084
46580
24728
59394
74292
59188
57862
19952
77197
54291
28223
72353
69478
93523
79448
16941
85894
63981
50606
80856
10489
42671
60336
27797
12749
40468
58375
93052
45321
21634
94144
89126
6516
30192
27178
48450
94380
86574
1145
37753
74538
46978
22061
93594
51259
43742
22001
90387
70398
47788
52251
60928
93877
13836
34263
45015
68284
85580
3178
44183
64957
51392
6859
9887
95576
51391
73494
88678
5830
43823
32817
90960
20118
42728
69802
39874
52552
39708
5448
93656
13671
20412
36850
18540
28314
80949
28224
19783
38029
40949
25909
15906
91135
38395
73592
65496
25281
76561
29081
27143
20810
75559
30957
51146
48703
59981
32255
66545
54122
90010
9054
38882
5767
16114
64466
32761
2268
7085
82968
18855
59751
67680
46379
17445
9519
25493
1016
69898
11426
26952
65629
75677
37069
39457
91734
25536
97326
10688
31763
1520
81076
86969
36207
1173
36054
40370
88511
77068
58873
98793
95959
63341
69137
14870
86120
88342
22332
47812
11668
46841
67900
67638
41486
26406
82364
23338
12906
50661
2843
45521
38828
17042
53549
79977
4160
68513
97015
71342
48614
47370
52871
35685
17372
34858
9851
77325
67506
82737
11540
18595
46207
92270
22986
21484
7032
92279
83898
87251
2311
11011
24492
24095
83728
26466
62384
73837
58784
16663
13063
86343
88493
15037
32535
25024
71087
6682
68596
78269
37877
78644
27034
40040
90648
61738
60678
8113
35043
72595
62755
30571
11372
82689
91452
10175
93142
6034
69817
52102
14305
9066
94349
13296
98830
4929
46614
81316
687
99904
35165
77063
18656
12228
99817
39141
28618
82803
86983
7868
76069
43531
53328
84082
93582
2060
75399
91898
51769
41653
35162
25419
18058
21747
15565
7205
85135
98421
76256
30899
40453
64577
87509
1922
79472
37083
80185
28530
18595
92432
21235
50778
38803
73668
47758
27074
88008
59404
88070
26983
88950
674
65493
4862
40228
93216
19760
51616
60625
61432
91952
41533
11363
85872
1789
7624
37283
8511
911
92312
96158
99404
12398
30525
95451
64519
65363
29425
27786
17570
3815
12946
90287
28668
91327
277
88600
99371
47145
85086
64088
97451
35458
76989
42083
15230
87435
58228
80492
92794
65427
96907
1234
71711
80381
43405
12102
16055
47075
18695
73615
55629
7162
82319
34266
71202
67311
43621
48301
53399
88900
52642
2758
25564
26739
76641
14967
26511
47211
34790
18074
1480
61012
26894
30339
48962
82339
52293
4102
17235
74874
72219
72252
37521
65370
22859
53880
20619
97900
37302
46551
30679
65986
82250
20186
83483
95898
60053
37053
97152
62263
68075
53693
50651
96972
45843
13828
79783
3990
75613
16425
61532
16218
34190
40013
5714
25993
22769
23246
87812
88045
27514
42403
18686
32952
86281
89109
55574
40108
56570
36057
14315
2188
96275
84824
45207
67825
82161
18143
84220
75916
1297
29042
87459
93480
57752
71264
99854
39432
40908
69227
99005
18878
2586
41494
91891
6742
87970
29326
25881
5548
59910
81370
6040
60086
47720
26876
88140
41483
39930
73054
41146
14876
25752
87291
44099
78380
72093
71920
416
6501
2007
8057
17530
48388
16313
35791
11663
20507
72887
50561
56157
94338
7751
30055
97401
12621
48596
62310
14814
72438
34746
23907
654
90114
17825
57254
81631
11418
74528
17941
97355
50979
16886
6956
90600
37114
36302
68333
51175
2411
65399
20341
88887
96469
86321
97841
91651
5079
55660
14763
52237
39944
54560
8872
21468
14668
7770
6122
66855
46310
47597
38826
83764
17173
27665
70757
21092
98821
17308
22981
45302
79441
30136
56864
75320
46738
59989
55124
76381
61427
13952
48167
3347
11199
45516
61188
33342
61675
1208
7567
23725
19419
1146
26112
74521
92476
