56736
69187
79637
14154
14375
88257
25058
2683
20939
79781
97456
50212
1478
72843
26241
61700
69677
66420
5667
89356
91569
37746
61051
93126
71051
33302
1365
1537
59024
80876
54953
82495
83305
90104
3966
48516
63821
34812
73836
82735
16693
33209
96709
80699
61897
61632
52227
58533
32072
54032
95395
80498
34845
52773
9499
8290
47699
86571
72124
70596
22938
58536
94314
94532
50727
31267
86746
30469
70461
96846
22522
38635
34873
17317
3773
89524
17344
15879
98760
60721
10758
90513
97474
90220
96071
10152
36989
70581
60381
38744
72902
39514
17850
14707
20181
40497
32234
92257
55569
92015
57039
26980
64430
15808
98530
60786
27527
33185
67796
30971
77673
44089
21030
94671
12563
55954
91951
23326
28303
28797
96950
82054
38268
49113
42082
65942
63869
38247
81448
19287
27688
40840
68769
14690
45123
25773
8150
16640
98321
65712
46025
98894
85635
41940
54226
26431
71166
48579
33877
51141
12221
44659
21478
5684
17574
23637
2091
12057
86404
38071
29939
50424
96640
32083
24015
59649
52156
96053
45464
63712
60853
66694
74532
37822
152
51211
87789
44550
32754
56695
91106
83682
63760
55216
90557
9734
80326
11276
81904
78229
87018
41343
9785
85794
43863
65123
89974
70066
29823
45074
2254
33111
92032
94306
47479
46706
561
63625
20320
89332
9889
95901
78949
53115
31425
60245
94614
44185
46557
49697
37551
82081
36653
44170
1128
82804
75319
5350
83364
86024
18902
82067
34166
59681
43853
63336
37625
84862
14026
21840
31642
90340
17341
43073
71949
69529
89456
34656
24213
72864
42194
56568
16501
25773
36446
6052
4735
76356
83119
30945
96103
27827
21403
31970
39515
58473
11270
48213
28254
76566
86536
605
67857
99116
46212
95640
42069
81772
15068
65893
61372
62410
79432
45086
2093
13092
1235
43524
39556
24059
32136
4656
45994
69328
90312
85332
63095
26205
25064
11036
70118
40640
78899
12911
51401
46891
63057
55865
21876
63293
90704
16335
95864
96237
62106
64505
82969
91542
68047
48820
65282
76444
71634
70576
52411
36281
44337
73214
24985
67728
69715
54598
63360
45043
87739
41143
16110
27301
34000
40116
92720
22981
31277
10700
66529
13500
16060
65665
47510
19434
29601
33516
29904
72183
71883
75921
36978
29672
7658
67093
74364
47493
26272
414
64456
86458
91491
93233
67271
4105
73865
13150
97922
41008
36416
48447
27582
73059
44518
91516
3269
57975
92799
97186
42271
58299
85785
17807
49258
74065
74667
3760
68311
66012
40228
91750
18145
94889
21398
83810
66684
43896
20286
47385
80955
29662
67717
41180
39922
42447
8456
92647
21403
88357
62225
21055
69651
35384
35492
15025
17431
90936
99720
35230
75621
61325
14385
21652
14361
63243
57510
40358
42721
73818
32837
7182
48629
19193
50980
75046
87441
11828
31973
67813
6109
53852
48640
86650
60284
27812
24028
4822
23983
97018
11880
3635
5611
35467
26733
85968
70170
1924
49673
34361
25386
64279
17148
58118
59275
68652
3465
98142
18331
32970
32663
29463
89055
26894
2478
19454
90949
78955
71909
64676
6385
27638
54661
41136
61925
5927
73312
61378
36703
18421
63531
37462
6369
36669
74029
1267
35926
1728
86132
32915
11393
83204
76985
94269
48816
1175
72342
57555
39514
71398
78767
59076
82778
85058
50780
94818
21349
82119
36091
8425
31086
21900
51523
2610
24107
96071
73587
32474
4504
67590
80887
13563
67349
54391
60632
98647
55305
8733
88501
45303
82501
72151
9968
11295
2660
11815
91897
76593
37615
66844
75833
99535
93378
52793
48871
70216
73845
88977
54352
26636
57000
26726
92833
48442
25144
66887
13908
39293
39211
62039
71386
51958
17641
2870
8235
170
22564
89057
53366
38109
70211
82753
49971
72051
68504
37387
94587
99304
42691
86007
47396
46976
39662
61783
77511
7462
3260
8507
32091
38703
86426
21093
65084
15346
11434
35064
30268
81880
6746
59891
33977
70643
38189
23817
55477
6257
13185
67413
77460
23663
69676
89617
25452
79321
66175
13409
93147
34496
66023
98492
30813
35705
57485
85508
95836
10507
71707
10316
8365
36723
52866
77714
20705
30010
98977
31786
96731
28405
27876
4638
7058
33000
30813
66818
77039
91384
55845
41088
77900
84777
14912
76469
26423
983
31995
11602
55536
43352
45173
85494
37046
40890
42673
79558
78454
86464
52181
97658
78396
38745
13696
10456
9720
79092
49154
6892
5580
17032
96783
8985
52108
87303
4865
16422
41364
77609
78072
54489
10219
69313
39990
2970
84669
63248
17688
84431
64807
99598
68399
88143
23286
64549
54365
473
49555
6938
29852
4101
53526
65573
34092
96783
45532
32240
85592
65652
34541
46563
46772
35168
33565
36995
73317
85831
30054
87113
79887
16651
69766
18248
43029
97125
15240
38142
23136
24101
74437
10913
20216
65411
51474
56028
83044
35522
49604
83320
67879
8745
56692
17269
91527
32610
65392
56830
43879
58094
24106
57030
17387
54191
80502
5397
75076
22131
66991
99926
14725
69147
87001
15918
94770
43196
92288
76407
67268
68443
94671
15249
14902
56534
30761
43116
12576
854
95151
94726
29516
89923
76432
50548
55125
2017
71103
88073
70960
65795
13035
26408
2252
91401
40640
83534
65315
92963
30224
67994
