60168
62359
39283
21170
36176
95991
31846
33547
88696
51135
34404
72564
14490
6398
76751
49792
26133
99016
26136
91168
26335
84235
55211
47028
33841
92196
76167
58747
43091
72819
94379
72934
28809
38051
49821
61396
32583
51523
76309
44267
91250
78311
17375
24705
86522
91920
93055
26509
11795
41987
14416
80753
65480
14423
91873
34221
90404
65780
79600
50947
86018
85654
41376
48591
24103
34719
13161
53649
99562
21776
74497
73661
45657
20745
24549
70623
37640
88023
89129
77716
278
21992
62533
31239
23100
9656
12290
91317
72498
30491
46150
98456
71904
34597
58688
58469
291
81027
39843
65545
35115
12954
39530
62405
38575
58894
41157
97551
55687
83683
2439
72464
59191
69276
74347
76468
39663
83621
8346
83560
99477
95993
8264
34113
66393
19124
76207
44712
96529
2331
41869
81696
87383
65538
51408
98140
69291
51720
25743
70043
88383
84748
78714
75381
35542
50961
12946
39495
14316
76032
85633
21940
75924
43762
57590
43427
81677
453
7036
46944
82105
7301
4481
54399
27983
44033
6912
19283
51182
29561
38191
86917
72915
9931
78094
56726
13450
70169
84919
95779
90732
54871
25848
79504
5625
32463
85503
34004
18588
10041
66144
24827
26649
99539
82935
79317
50351
51713
94509
43834
38179
11999
92750
63180
90532
11809
6290
27452
96863
90140
49637
61357
67945
43641
74201
32660
30523
28315
48636
29988
33688
83082
14015
5620
95354
14206
24285
96160
93079
70370
94252
23188
76233
50735
36068
36968
46130
22815
70726
99265
17270
83358
53528
6036
36190
73609
51814
27488
94694
60467
59405
91490
31355
17001
