64107
3136
96891
70809
64553
32204
4732
37201
52794
27736
77940
84252
5976
14617
52312
89669
78973
16316
1958
71401
26
39747
13930
23603
12938
32277
41051
57693
22275
79924
97227
85981
12954
83119
85436
26055
77421
85516
71337
66728
92300
42420
35039
20802
41992
98265
50128
96270
89097
97403
52386
45782
40895
79085
70896
4324
57287
6083
1387
96997
88663
46797
5633
92665
22122
72969
21625
94939
51269
49303
66990
99585
68515
77317
12750
6875
9365
13660
96017
58810
55627
12912
28610
74306
28794
46562
43822
80573
76026
23359
5704
85858
69251
81692
84229
7610
2810
41877
75579
60804
86939
95453
19564
23788
93014
69575
35781
33486
12089
37533
66671
18118
40701
51191
78961
53853
7194
47817
35267
31875
98064
32291
4755
44345
36826
56114
35746
41563
7915
6894
64046
78376
4886
86182
78542
55467
15917
89524
10204
70634
40158
10548
52165
26513
55918
70662
56933
94436
36011
27595
92005
9179
26742
39590
67327
66380
75124
57404
77030
13191
3809
83611
23731
63518
95083
77841
16482
31734
53923
97616
53042
63289
75711
47367
13672
46919
46616
63005
7032
21450
53999
86055
18992
40232
80369
79930
22330
28235
97478
11303
9259
60708
67112
61843
9645
7970
91919
49724
55481
28559
43330
26353
46862
52396
24191
71699
66175
76990
1145
41344
75605
2920
66160
20078
18333
59942
57740
10376
25885
22026
90475
29507
13153
78489
6477
6317
18438
19099
74107
57876
18640
3636
18065
87225
19366
20869
70490
76367
86186
98232
85150
53428
46691
1740
56141
89578
53242
65758
28672
29824
53418
14212
82605
82228
69193
78699
9359
82351
36741
84642
89581
13906
6530
64258
12712
2640
47976
64583
60108
8360
44458
50121
844
19814
2851
52927
23641
8806
37013
98035
49523
23429
16748
29087
37914
95750
2831
77908
13798
6537
14509
62455
5404
88789
98656
60187
90540
62860
89427
88377
5301
78897
63699
29227
71288
97053
11016
65863
46810
62665
46978
45408
3728
32043
6173
57279
74656
74989
54713
8714
5194
22430
63355
95256
82663
41678
79921
1522
96527
7934
34357
27043
16237
98482
1292
13332
49665
65872
33319
51539
69650
48014
63478
75162
67317
46645
57568
89246
8949
51054
75885
56364
38086
1225
79897
50375
76377
73715
92093
1578
35392
34630
86895
91328
57144
36965
57003
10554
53563
44358
62941
74807
14423
39977
33824
88603
99452
27776
44466
73773
23423
53800
48012
20378
82927
67447
94089
84496
60400
6836
10268
44746
74617
28372
69254
38927
27466
8599
5699
33468
24247
26142
84951
31621
19047
83252
61263
1431
57946
49975
95154
1463
60872
9390
28595
1165
97864
49629
42570
33405
77319
87578
44337
79374
72480
20169
51317
70479
68013
82099
55066
98223
10938
43581
62140
51288
99505
8421
18943
49107
39795
71208
34760
13240
42910
62857
21179
11647
25513
55999
66996
26737
13358
15894
65446
35633
31077
68554
5231
50564
92115
15699
28318
48670
80092
55944
45865
23706
37239
73258
88879
17230
46706
27304
52346
33841
13621
25654
70578
13879
14737
75162
37386
27721
98281
98956
57467
68389
74356
66512
84992
53699
41774
17216
71916
5476
49675
62595
11891
51620
91561
29036
25915
96901
75619
51390
92991
30312
8213
48221
83078
80674
67425
1785
458
97925
30296
29966
93459
25075
51135
73417
31038
35336
68815
29101
88280
40249
48441
41173
21225
27860
37049
11838
46690
65101
34241
18322
74890
95506
46666
17538
71662
82217
10266
87279
52971
87005
25954
91963
37134
38559
63138
71968
99840
27853
41040
38503
93507
74661
210
10782
5961
37593
25953
58862
43606
90058
81569
14120
31437
56577
52392
79688
26220
97693
91532
15484
40062
47448
95053
86635
69322
45022
18018
50114
18488
61554
73379
12327
83
4563
33147
20169
80116
85563
75594
49734
23787
61617
93419
30402
78316
8480
95879
87412
8764
51902
2847
3351
78589
74320
40539
88121
39435
26819
7386
7999
64285
10666
84043
57291
24600
49111
14034
60910
75474
48345
80771
72814
73049
46617
52953
83815
5593
72462
63349
72668
73642
76885
25972
26627
5470
70013
83413
21829
41933
80361
9836
89884
69332
64331
75679
4983
20468
24886
7553
5595
2421
51584
51160
16506
44861
69254
66206
60473
94806
79560
50408
44192
12757
98545
4580
70539
51022
33987
12626
68235
17787
8977
18976
41091
50124
22607
41515
21926
35634
45015
60561
71008
35789
72242
73714
85563
74315
16460
2613
85386
61052
79098
80699
10054
25778
48262
41029
5475
37301
77521
59988
91698
80946
40790
96452
89929
62134
17459
96521
44628
95294
43291
11366
6314
25695
65850
73
42401
17082
68267
60539
16896
20078
72184
49555
25219
15355
99522
18149
87672
1442
63456
66
94267
69801
71589
49977
54632
79407
58758
33556
39648
9606
23296
24008
6239
33377
18747
58959
73403
13388
53185
57802
66112
80373
70204
92648
64103
7335
29533
46007
84894
43999
70942
75087
94489
23649
32694
36358
75290
99146
5280
4522
88651
6410
32520
47531
49257
92039
25330
93582
80232
76971
28568
47204
41340
60254
78318
79648
18134
95979
5848
33695
27120
2287
85183
44845
31216
84160
83834
89524
70785
71305
60695
26514
98466
88940
61484
266
60774
92690
90299
24040
96134
9045
85985
57057
17519
29960
3956
32868
18308
14172
97986
86102
82227
48715
12188
61595
92417
21839
31015
73550
20721
53180
94568
12979
36147
18537
67859
79105
1308
94979
55903
34725
27252
37274
81596
56711
30654
78738
90319
70920
82751
28641
14052
25692
56669
14136
18508
69964
68986
87494
69391
60692
72362
88994
88355
29859
89030
22366
25590
93779
79673
63041
54186
86721
18931
79724
91517
47079
97251
6936
74866
77368
