56155
19346
94894
34118
17588
62619
15668
56824
25566
13847
50113
2426
81408
98893
26139
77782
89048
73557
19470
9342
30478
45414
94767
40322
38832
7208
53617
39728
20398
39263
93477
97177
62905
33029
41100
7975
25293
79332
5357
30412
34010
53340
97552
21494
12509
13449
92462
28566
44156
13476
50284
32337
14189
6507
88517
1728
93629
94653
83544
32832
17218
51717
94272
2927
68491
15386
34646
76062
18008
12096
78229
49182
65534
41067
56229
27071
13634
4286
10483
60576
48697
26312
84863
75654
25769
61829
82408
60716
45914
39688
81248
66569
78938
40002
89923
6928
20380
45428
32234
28064
79552
49314
83072
43567
75227
41745
29895
4549
67211
29786
9655
96772
75582
80352
67896
24283
34774
3118
5644
54053
97006
16800
20391
57948
38656
64845
10109
97056
34284
66238
93669
48943
45858
3610
7408
80865
29563
64218
65809
21282
89208
59642
24351
78201
3807
57129
54551
95943
27285
59566
35095
31885
577
71904
78638
71524
30536
89641
51491
83913
76093
39573
2852
50084
40042
94546
1615
74512
94582
72305
81982
13999
70438
13814
24235
29528
12888
18516
43963
84725
53462
93033
31925
79510
63334
45681
77407
19298
43620
31912
20578
78856
68807
25445
13776
25451
32451
56336
28044
18364
49076
20636
19423
1199
42873
26503
69632
49559
2294
98811
37733
29753
106
18265
3205
64158
70697
21920
46610
85617
635
39776
1604
97024
24471
86712
21525
32737
25726
70561
35144
45968
22770
15492
19384
20556
70949
35110
91903
26771
35879
21834
23426
8831
88215
48106
88540
6766
37492
854
14402
77082
61804
93408
49397
85363
1107
18672
58268
99520
64865
23883
56583
14846
59507
646
25611
91319
67875
94201
98809
79838
11317
43007
83063
57095
95545
63715
71690
78758
83626
97505
21929
97445
53650
31510
7249
75656
84651
3651
14255
54411
72272
90760
35364
15768
5432
68199
11583
1720
36944
14477
4890
23160
54538
16455
26622
10669
4169
9778
17186
23821
34777
65018
63069
47515
22810
2769
49786
62552
95883
90589
83814
83209
7824
41161
72953
7030
22173
94428
32765
21369
37837
26732
86830
57388
39156
87084
50531
75316
73032
14727
31956
4679
48072
43005
49182
50055
14840
42328
50846
6587
22361
99637
36346
10051
53926
73283
3396
73734
25030
617
3850
38662
77938
70823
63832
84953
30907
7683
21163
20088
35511
35952
51944
74879
62775
30885
98854
99694
78025
73249
76338
62218
75358
51739
12321
3570
25570
71263
92440
12061
46152
38902
1004
23182
28634
9631
2986
50593
57083
81003
83335
95981
21977
30014
53733
75558
75969
86221
52646
37818
92187
32975
2127
30846
71791
23228
44278
8038
5393
87892
61658
38552
22726
3108
89117
13098
66634
68029
49644
6880
961
26855
93804
79587
7350
47865
91163
57229
43240
48061
12837
52482
22493
24800
56893
38845
41157
25414
2814
99527
3736
52335
37565
24384
10157
64593
74044
27572
40268
96846
82786
4748
21241
74194
79760
41744
83658
55059
56955
26553
4358
85280
8170
3305
98266
94328
90010
40591
57468
9172
67587
67058
43704
2838
25741
54647
20253
33082
79854
4159
60802
61831
95396
9019
96478
78213
22324
41192
57595
76967
69330
18117
33965
69917
83601
71377
16792
30944
64415
46486
96180
94533
23307
18752
71223
44453
9953
12621
84410
42512
51077
61208
18743
57617
99829
38933
94517
62431
65046
43224
73084
68995
83631
91215
17257
75515
15044
34160
72128
94273
74475
75987
16133
25277
80735
12985
90099
31741
76276
89056
41792
61870
79944
85270
25151
46689
58186
33671
66923
85782
47398
63335
58829
11795
28944
51621
50663
463
49114
65390
8909
65648
88865
35633
66478
48516
22679
14537
22076
76499
62214
16445
52518
31031
58643
43491
77942
23346
37683
42888
68418
34706
63271
35880
879
31480
69720
98368
67537
16335
67877
59979
1164
24576
18434
22075
18616
19291
74988
75749
91897
80463
30818
28305
35846
21602
56556
21025
53203
2668
91020
42235
1314
40241
44473
7722
40184
44844
92395
95526
88834
41228
78596
83918
56114
50200
9079
50098
23128
30156
2550
42671
37358
93034
69814
43453
33351
22756
22511
83427
21496
34477
61757
73890
84945
20108
69221
56887
95153
29569
17010
68978
98799
38104
28474
49180
42990
47766
59614
5652
91710
65772
30289
86216
44371
93984
15716
75284
97116
52078
12023
64061
89171
42307
14680
12082
50102
45805
95641
36214
9216
19448
33836
28198
45647
38130
44401
13621
46835
84
64641
23881
4106
82497
89157
58313
7022
1175
2954
66047
2910
91400
39545
76502
64669
87365
91176
53624
58467
34693
20265
42009
23377
24591
64990
13031
67249
89014
97704
5882
47317
44000
82425
92145
40044
12970
87135
73059
12627
3274
37989
46122
88376
47646
55712
51934
49834
57497
89603
33433
47046
67090
61520
7698
73779
76650
51059
65464
41812
28352
93888
75295
22534
71854
27758
78051
36166
95709
5225
12870
51793
17467
98441
18300
16209
38665
49587
1558
56222
81156
70660
65063
97600
28359
68232
22476
14259
99025
62723
26410
63568
81960
87385
66779
77826
57947
89838
82481
67963
29694
18450
59635
53474
72174
57202
67060
62346
4078
75907
3991
46409
66359
87758
6229
31085
75997
53119
74964
63904
2082
37371
57480
43454
87220
21298
20748
99581
10008
75135
17618
56710
53961
41847
50869
45035
14763
31564
92842
29145
41110
7329
17669
297
64660
42393
49338
27078
31727
51287
21858
79617
3371
40727
87765
34795
41416
92150
98011
34045
45657
75263
9971
1398
52191
1463
60862
37303
44266
57338
71329
83570
65439
11677
18249
6427
60111
64516
37012
68216
98583
3724
81581
53669
72835
53466
85609
83990
75074
39626
29675
91130
93868
59851
28408
35668
82299
30353
6835
34632
69093
87972
37723
20376
97028
54186
61013
78285
83227
17904
2618
9628
3008
65802
52939
36259
3030
82843
55392
6194
50307
61325
92047
73223
21438
94416
37178
9745
31024
89577
80089
69959
89748
18677
96022
50289
70970
24752
68268
95611
49952
30529
35795
73368
61937
40765
58769
83075
4337
99304
59300
86003
84147
52501
6535
28993
84449
83231
73941
97370
93518
14192
2162
64861
6542
35544
53298
13194
73324
90173
41750
70707
25622
49935
72980
67849
74887
38233
14594
27851
25177
