82973
23413
4845
38691
82134
95396
72687
11329
50996
91265
83944
66263
86272
79634
99118
42704
77427
909
6928
79195
66804
10521
39038
11428
54763
21360
87576
8408
15582
2641
553
11692
82875
12871
84363
86259
3281
36854
93374
57306
43953
60843
34388
94852
73079
55974
58388
17513
13255
48028
53480
18155
94931
31361
91319
67350
11506
36494
14576
25669
98813
84390
85103
92806
29817
55858
41492
40382
30280
71809
40573
16005
82975
19250
80177
68740
96705
68936
20078
30648
71974
13505
34592
95367
97564
9717
43628
62950
61634
35068
79286
70277
57104
67595
52194
98304
4177
68084
85809
41302
2792
86198
87755
38910
64614
26177
25052
9479
57857
93823
64708
82602
28803
4380
32634
10125
41327
60692
32259
38106
44
12720
49436
47335
93895
82981
52385
16962
15055
87933
74406
34643
72978
2588
42997
67351
35212
4788
91728
19567
85337
96645
60900
40056
93884
33520
59472
94791
50609
95736
24161
1785
5747
14841
71839
23705
14109
14822
98505
36114
68922
49022
32103
33036
52270
5854
97330
97248
15804
20526
98355
50318
39075
66047
69965
6871
93432
4683
89182
88919
66835
60822
77781
9296
79275
27879
61354
8372
39687
45373
82749
25151
63275
77761
96660
2737
83157
93868
98073
68856
52016
84922
59990
94734
38152
70250
75498
20092
75888
22570
15766
38372
32746
99640
28896
64528
5080
95650
14847
57820
50109
24301
18757
44017
5287
15911
88998
75249
35952
53179
47177
81514
88976
84404
15053
5376
13830
38978
37964
70936
43073
27891
35866
19448
1675
41771
1463
47203
38936
60644
50162
6404
47925
63120
8715
76701
55463
68140
8410
83943
30579
59699
24561
33388
71206
34104
76801
37232
87577
70394
74289
50791
6337
57415
56478
87996
71829
15877
43450
65121
20342
30340
70083
21717
49279
54627
35438
89740
96290
74588
52774
25679
83343
4385
36453
86219
67533
56669
9786
15594
74097
63034
62449
22213
67714
29037
27668
53543
45559
87882
87681
31401
9927
68504
51296
84964
99441
17331
79462
15710
25887
8418
63773
47427
78713
43923
88733
55070
20987
86068
31321
28923
9356
72741
71062
14923
26076
51831
288
78408
13642
24155
37674
66734
51848
11509
58360
96332
13328
64891
61132
61724
76663
98378
97106
57889
66094
76412
85267
23069
23703
96401
37949
46725
3607
94598
13975
46800
8281
61111
8688
1830
64559
79696
78481
26624
61195
9636
82666
5361
41039
547
7696
42925
58965
76364
17704
64119
81610
42049
51253
81159
16827
55708
56904
62418
19423
69860
29856
69878
25326
78488
78434
89084
18768
11317
12529
53635
36392
93385
6406
66318
58377
36553
45390
40989
29731
49968
19945
33145
94875
48806
81557
92839
15413
4776
22575
61206
74719
17890
86785
41344
53504
96932
59021
5606
87986
15826
20458
54642
96602
64783
91536
18562
82375
38615
16532
87613
86143
49
72868
78589
80777
23125
14053
83915
58331
60950
77974
12951
70782
93092
11839
19532
40551
90824
81585
16110
59466
93214
46962
3069
44126
13695
93739
91921
11829
95318
21609
73017
84281
3280
90390
72290
16251
85589
27964
57245
83165
46940
1201
90038
45297
66843
45687
84922
36801
51024
41625
8713
5268
34834
11628
66141
51806
59127
1394
37060
92823
12566
86368
79438
82771
79716
26517
80921
2056
51617
67202
32482
26117
44629
56904
10255
50376
34431
22176
86132
51337
44920
6711
44052
16546
36585
44778
57128
75431
15543
99538
80854
9252
33010
53905
39625
11441
65348
95564
27616
9556
57138
88708
10824
46910
73885
72749
4655
55583
46980
72924
10916
33145
1494
49204
29411
62817
37101
48305
12591
91133
84165
58832
6756
98358
80486
1755
20337
64973
9660
17364
78586
52495
9282
35789
64758
78689
96364
40883
10436
75964
68395
56908
82160
77266
21374
3966
17836
76244
80927
81516
94630
57794
69288
49526
60172
91247
29446
83985
30837
21555
98193
87488
54744
83771
62059
36462
52806
2923
44325
44399
88803
25074
57286
15053
78881
55947
11900
51079
32260
60911
6709
71973
18127
4450
19584
80420
78828
78426
99394
98278
56392
86530
97
72456
68322
17222
17044
26790
59273
49311
74432
8800
67847
93000
73905
49826
82218
74793
47177
23556
14620
27099
60374
51328
2994
42685
94414
62836
48145
324
74315
78028
16763
61056
40696
29957
84495
74395
49061
99227
58990
20679
46569
78464
10413
49395
12082
29819
46430
53923
53135
40061
99984
50566
33312
16167
51419
4043
55135
99576
81609
62823
47115
9428
49707
35749
99043
54055
8002
56327
56866
75950
7062
42887
27644
18110
6967
