64353
66143
52571
24477
16735
5549
93006
39069
73628
84881
29995
94346
24214
7436
15688
34609
74473
81278
19759
42195
34173
24814
47872
79837
11950
97251
70404
14150
12091
21917
17627
23839
76010
97115
7781
46302
7562
87675
81636
88283
64424
60812
21129
20093
87706
72168
30526
88613
78773
22073
56338
21898
15953
88114
16834
57705
34367
97986
3500
9550
69559
36398
5179
87199
89938
81472
90865
13536
14197
39600
69275
26746
27982
93127
22307
25609
79002
92536
85382
6405
41590
13944
20418
52534
421
63776
96813
72432
8654
45376
62323
37714
28221
7121
49092
51678
59274
68233
20345
78433
12026
67049
20394
84852
67260
96906
44608
91436
11738
87078
96852
93860
21560
50380
49710
4597
194
55062
67362
73478
58492
86553
92561
77396
51430
44388
37480
22575
60628
71307
53490
77949
32908
35058
87030
55128
53199
78848
57755
69319
45057
23651
21026
56263
53867
44784
99533
82849
76498
56137
88521
73562
56741
18424
55528
81239
68310
42536
68993
58851
56484
85793
284
39118
5692
37403
50871
732
43367
59832
60336
93832
80380
95121
51824
13064
25143
59282
69276
44190
92190
33998
55402
69656
56594
22730
10883
99899
83029
68128
63658
378
82601
29300
62388
9421
21750
91034
90352
88948
25617
22475
75010
18990
83192
20043
44343
37616
73376
58537
53864
40524
89789
35408
77783
88980
47725
26102
24345
31161
9080
73133
98724
20180
60417
8245
97105
12156
25503
55512
72741
49684
86736
83689
68730
79879
29813
68347
63190
21926
12805
88552
20221
86637
94501
18833
84694
60002
37447
85122
403
94065
28556
33111
69492
1682
34452
9168
6349
26813
29950
77442
71229
58965
6101
92241
97952
79273
79179
12017
55824
66401
83829
80480
8738
53063
42246
11373
54012
8428
56863
96382
40034
28022
76428
10395
75166
40958
34706
15039
50603
94440
57191
59901
7021
47431
74325
51310
78854
99254
69616
782
50899
94591
27904
79434
59736
83958
32690
90695
67043
78206
92014
31540
23419
16942
49824
42278
29683
73973
64068
46566
87890
48016
3960
56879
16428
33832
36918
66050
82549
37835
40621
62793
81599
92938
87450
98296
64929
39969
7264
91969
88120
77515
40036
97382
17657
38348
42302
54190
97560
28832
10713
28504
37736
67826
32147
92709
42950
83526
62932
16141
55298
70582
79636
30310
33982
75521
30748
96521
43895
66107
52200
39798
69189
49764
90312
20876
9477
37501
3134
97891
54729
3024
85507
80964
70133
61825
84330
6500
54374
91973
38615
53356
63729
37232
93829
90383
20315
73802
1849
83953
45533
84618
26553
5155
79397
69589
30620
59236
62957
26521
21576
14645
74380
65671
84407
35722
19505
71015
24297
21572
84858
93234
86067
24113
65048
53317
6866
60539
77420
51373
95469
49625
74533
12851
15228
87317
59685
63847
78293
34976
2237
8506
36152
23411
37799
84771
75868
77524
23674
99813
2581
39890
2023
93462
6889
17038
2256
46783
80695
89464
90010
43700
56898
15576
42838
6135
7014
20795
2379
57615
36364
95971
19233
26657
68925
34023
70210
79445
13239
10401
87823
71424
46978
61496
99045
29403
50835
35520
24365
19612
62317
82686
39026
22872
6898
15653
46114
25642
97601
7269
55775
45181
74721
516
6353
38394
84781
85372
1612
97186
72169
48970
73461
8210
78083
28943
11739
