5140
48801
73436
87686
56976
74498
2394
46816
25432
18037
64896
85416
1417
86092
98527
46533
10662
66483
32683
73750
51444
9235
51393
79157
33270
93596
23887
95691
92926
46231
92682
34195
2684
29017
83228
17182
20718
89968
20370
84832
65893
67797
4937
64164
28123
59445
18735
59609
51336
666
87992
62367
48867
72323
44048
86962
30725
29544
75603
26337
38664
57222
69308
71594
98395
83563
84787
69160
8505
33512
6371
86682
92801
75808
56894
29386
46771
11323
48840
90888
9774
66023
84949
36634
92277
89503
4073
4172
82133
19516
98663
62352
45358
54273
7665
1377
25275
77495
12980
27229
29117
6310
38768
7588
73348
79069
71008
61734
37920
68973
79607
4224
55608
155
37211
41278
35275
55442
87549
79881
87589
99510
21695
42465
88187
97465
73089
84876
76673
87143
41478
91937
50100
63483
2108
73503
66684
55326
49584
4280
29545
18835
65761
42972
71111
37438
87816
30493
6593
5811
86368
3011
69571
84894
44088
63480
84225
46254
52641
35137
67118
77369
20161
72076
86731
94468
2636
25551
41008
6568
40635
60076
42250
93162
97769
80668
24530
98774
59082
71749
11549
10157
56264
59244
2523
66403
42148
90335
50160
58594
39386
80107
18164
3801
37513
996
15989
28389
8830
89454
15657
67525
56544
14710
59487
81642
98614
96714
68433
6336
27513
74599
58518
89770
69837
12954
67449
31135
244
91161
85009
15062
41668
50816
69224
40089
8032
77907
15511
64423
16921
69972
28199
39162
17707
83870
22765
68018
45572
77063
63042
23309
23700
44490
10395
60559
94583
14141
31499
8547
66965
97341
77831
67973
17392
94560
13416
30146
84626
34193
27565
27179
41425
70329
26518
47176
21192
85897
51870
91711
16991
39899
24577
18645
57220
61570
61061
923
95918
30366
52564
41450
36271
88565
40440
15507
33295
13082
58398
65394
96021
24719
48010
47060
30669
36656
85906
25492
34389
39349
90076
34437
64070
86324
98597
56800
66546
84497
36843
44617
65212
3684
8863
82005
53644
2895
65126
825
49228
25762
12212
87013
9157
44137
40262
65643
7316
27415
51155
24759
13662
85552
74364
31834
7632
76040
58336
12487
93940
79247
22987
98627
72806
32577
53530
12723
47242
71816
7362
36194
27432
57796
94120
13184
16597
68200
74260
66043
33897
7841
3644
45845
48002
36168
30632
10077
59904
28032
28043
10417
85363
72923
15116
86043
46050
78889
94211
92456
84052
80302
93526
52106
66815
53380
70446
91337
48926
20064
90427
28289
3335
69370
53428
98335
27678
45745
93913
47505
71295
46253
31327
90051
15374
32563
95697
13924
72322
99756
97647
27396
51040
51868
53612
71398
62230
13894
15415
75396
12151
61603
88640
9691
54473
74074
56332
84028
37891
9282
53591
61237
2170
70308
64492
95339
37032
68953
35508
66176
27061
4544
19268
67070
61305
58634
78943
8378
88750
61088
96994
28027
50110
9711
42194
50214
12600
24095
56039
5429
77427
84783
23612
18796
19632
51134
94876
89472
56800
65427
20099
21417
26792
36781
57778
25337
85232
56379
4893
92940
10951
25260
87731
47881
31865
77618
36762
2851
54984
56081
51176
99248
2306
40820
37701
74728
19295
51689
84195
94624
34446
31683
1259
95852
7152
81091
34754
26382
6641
44606
18594
19688
17182
58445
595
21843
64115
41193
34365
88986
1391
60612
87410
94897
94439
29086
69577
32227
72066
72631
36881
56702
7945
82589
73482
11143
25922
95124
99224
75715
3943
51591
91655
22058
78848
72598
49814
2276
28589
30254
62335
78776
29618
26645
74533
97982
55274
81959
78167
29752
95916
3005
73422
35087
43383
41991
75430
87281
91047
66495
57267
56166
56291
44452
37875
71439
34685
2773
36720
9269
44455
44878
27280
96513
16020
10937
28556
98804
24457
35059
77823
52649
52664
95924
28699
17386
9858
71523
16396
60453
13671
94715
26598
48880
74732
64198
95960
1290
36
95312
60581
57881
55717
96707
54047
51000
1035
32483
38795
5853
23474
74802
33533
69773
69751
69252
75332
59173
79385
24414
27775
25919
86159
98123
16157
79315
58360
85797
37237
56267
1133
21026
54449
10389
43622
75259
49691
90920
79713
91953
59963
4302
24314
10968
81139
95109
87015
31292
72013
48739
51792
24299
39523
5880
85128
45825
30701
88234
75467
3226
98366
66340
34370
13378
45996
53533
64061
39237
92437
85208
17243
16118
29259
39506
43114
74250
72552
74394
28474
31465
36850
96835
4629
