24246
6233
42406
94272
19345
72415
80711
2608
14036
66019
38789
5020
21681
42453
20249
53240
69860
36648
74345
95115
82732
15176
21507
1452
39603
80485
21279
47963
38253
22112
78074
15201
80700
82496
92701
28060
60144
74660
2140
61988
60735
55497
6345
95502
86585
21811
59115
87897
13116
56500
144
7265
2372
9390
27348
26957
44316
51257
52407
48619
78445
90427
48190
96698
14180
89110
84322
63038
4579
61265
56627
60750
35754
75261
47528
73955
74236
23023
