992
8298
16711
66110
31827
53456
17089
7600
24121
97375
48467
73402
99158
91695
36116
88816
37569
64798
27208
43876
78489
7028
72748
59576
93867
32981
18622
54441
5476
19184
90926
97324
90404
14847
37419
92570
20879
69492
35480
813
6300
14409
97341
52684
49134
74760
95672
63570
92115
76028
96741
5342
21755
42141
24417
35582
2629
63230
86188
26341
48305
38356
72152
72849
87930
72922
89601
97855
62661
31622
19350
99378
83043
15878
75383
18701
97314
49654
16651
31254
61336
19342
99051
85861
63437
22100
66608
37383
41936
32629
63839
34351
39457
756
6019
36520
66383
41560
70758
47559
95859
75941
72834
55195
84775
22603
54601
75160
8967
32372
66633
96139
16616
92575
27377
20707
41424
12907
36640
91825
76611
34771
75658
86025
92119
83522
56263
42735
80655
7371
83320
84502
43279
17866
68165
64955
72222
64986
76165
60391
57478
44763
8811
96712
34416
49211
9913
76234
2283
27022
46517
38466
77904
29029
48040
55523
5281
64913
91953
26158
19966
96938
948
92692
67216
42658
65105
62230
94902
51662
22961
67562
85971
61313
27670
54023
61025
23287
88618
26346
69130
26391
14868
34165
94478
21709
94752
16325
37858
83585
25666
62557
85107
14225
59849
86292
49828
20951
55384
34562
74624
63147
17153
89893
93932
80918
79679
45018
2300
79293
23021
53959
34505
50469
23880
82670
48411
72206
26993
98945
7810
22868
76679
54643
90688
2974
75079
23585
98505
49282
32128
65554
13984
70497
42739
90871
48827
23664
68965
885
38415
87073
19034
77463
78240
69253
1228
89212
56192
24149
88450
73646
16265
20046
59144
42915
92386
34110
81857
45940
76237
15612
84293
1961
29862
78958
93111
99467
22725
52602
48005
30390
63610
21733
82760
2194
10331
61305
27009
40090
74713
61559
15360
58158
96638
632
95281
41491
39186
18143
1870
41772
56994
89862
16102
45776
11913
96613
43612
30344
53917
20525
43305
68219
50929
88539
99295
96892
38811
16782
65681
7265
72270
90001
21565
50386
88753
37648
53553
98958
50632
42570
34580
35514
6088
39432
91479
71323
6070
28044
49099
29082
33543
41751
6082
48314
41975
72818
36548
95170
62615
65462
22988
77947
24555
42733
8572
86134
37966
35896
11855
84204
19070
34277
73539
1574
85549
69734
3477
67345
23036
92977
66496
42384
17202
88891
87954
2219
61650
14865
74039
21977
89458
29771
27902
9185
35656
11862
613
21811
19282
41245
45695
97259
36896
46941
47692
3307
84493
89717
68716
4097
71781
69935
2355
13295
61586
14636
41617
82416
57905
9843
56714
45063
78704
2813
39552
7460
84048
4494
4701
42150
86480
74899
