6799
80676
88102
7749
14917
59266
15459
82192
21430
491
87758
66582
21688
25942
81837
76712
24763
80586
73296
7928
77095
63652
87054
23575
87970
20330
30525
8055
87747
34320
81766
82764
94363
70689
85520
91063
5155
49899
37533
38265
69410
87029
11813
24239
32333
5364
6724
29795
73201
30469
53845
13411
89540
89723
48483
42152
4984
83001
22541
19793
1264
52809
89131
86181
94383
66625
43880
44808
91562
30568
10355
30321
78888
81727
66291
54369
99872
56583
83549
66739
92254
4935
57773
39101
54385
12573
93656
21019
13395
11691
48559
31995
65120
95594
20885
39394
50392
13767
219
29969
23772
4679
73649
12514
59230
26963
7028
90834
22482
74657
91096
19726
21864
9226
60490
2133
28602
9872
58575
2845
33220
34412
32852
43350
77592
95557
4419
3420
71759
91943
60480
87966
71147
89571
71384
22456
53194
27570
32959
16853
92656
22260
81116
86593
91976
65505
18763
39482
77122
57155
34995
29725
20164
77128
83369
44438
97630
90257
19731
24025
38281
86524
80666
25721
55493
90631
11052
19390
97765
28078
23523
56316
86166
10053
93862
75268
39632
96351
64366
5526
18055
14441
42212
93854
38956
53496
41638
21535
46320
14798
27456
88655
29768
84422
72989
25708
8777
415
47943
47386
9999
14960
1064
90089
76029
2054
98610
73198
51061
33254
22737
94602
92906
37856
23834
13216
61689
79616
57669
85423
33351
19704
21895
8372
80638
95078
37024
81016
55842
22774
94427
23515
97862
43879
18232
97322
71471
46008
59191
41792
28766
50111
56629
88567
61781
16254
69559
32268
91159
13776
89855
25198
8478
13788
9040
24785
59502
96469
15863
55409
22118
21970
54227
51038
96066
91934
70389
21760
81894
28762
24515
35846
83614
21724
34758
29355
23614
32837
61956
47619
9208
21199
29875
87081
37988
32020
9602
41987
73758
6096
77263
68381
66339
96800
81699
57585
26916
34906
33007
63050
5837
56632
44100
47980
51930
7293
25463
16534
61371
51775
48238
58719
50060
63785
52597
78223
6166
28405
87037
83485
99177
76983
19805
5216
38261
79716
66109
58344
86142
49505
24073
93051
44945
60776
8599
78073
37581
58915
15351
29869
12271
29833
37041
43539
98663
14864
90978
95516
41757
93847
577
74136
34497
18674
4038
52047
61371
60946
40908
44242
53745
40614
91492
97140
42929
27564
15328
27693
79071
55080
52955
76877
63001
52983
20202
59255
14029
98935
35969
79401
69432
99026
83253
47079
81009
43228
8639
55915
40605
37615
18013
95126
29833
93537
25487
40524
49537
53951
58791
19534
41627
59164
17383
65387
69926
98033
19535
67933
77574
56417
61417
92677
86254
62265
44926
75672
47150
36213
11562
9826
95065
87868
47081
17951
95463
51244
96003
59546
9515
27847
46212
41849
34292
2929
11972
1097
4310
19244
58612
87214
66456
33393
73964
24309
63141
42403
312
30420
78091
52706
96188
62812
15728
69987
99788
9962
98479
16617
15107
77994
76569
33488
38056
17881
52013
95015
82936
10136
22525
59952
59533
65991
51916
96357
87955
18235
71335
56664
22010
60912
10326
38288
82482
54986
48167
46516
79108
46876
64356
79698
24394
48411
52337
81805
13563
300
42730
54441
63028
86618
61272
89190
64711
85101
22618
71959
25335
27180
33858
23533
18529
2757
51264
75038
83142
77605
263
33382
53586
96068
32032
69932
7388
18402
50349
65802
61269
90633
99468
69097
40182
65206
57790
63306
83646
83003
32989
11753
40555
91457
1988
30621
37317
9512
83818
52531
84753
58125
74917
74014
16619
54752
14757
33417
26941
21944
84993
40917
94538
83702
77425
79241
51170
18663
95074
12588
64701
6464
76560
81939
70473
42782
56715
27539
92787
9619
95996
63834
53940
70260
27772
38463
70732
13168
85927
35146
87642
95693
85479
30402
92089
37054
36064
85997
257
80421
72090
52885
91882
86240
84301
78116
9256
33079
35210
43771
19342
88338
35486
26500
68517
69044
49921
47527
36857
42761
89923
86255
23212
20293
34806
55689
63520
65395
6201
84849
2846
92130
98988
22224
6615
37764
47968
65019
8282
88291
82290
31541
49407
94682
89254
28568
73642
50886
75624
21870
88605
9371
77957
96270
8913
86686
33723
91763
39838
60027
82094
24137
54138
76221
17318
42435
54519
86826
68435
41276
1044
87185
26880
33687
16455
73348
88126
99556
62971
38629
15025
56142
11552
11410
68906
50352
98944
87420
89699
47533
88986
33276
38536
88557
22779
33465
45246
5770
57191
20256
29042
29142
53052
65166
83483
76532
83032
21652
36382
6458
84805
91610
11866
18104
87509
43048
35154
11542
88848
32956
30883
71202
56371
87930
72943
7651
69516
65529
47766
86526
8978
61612
93928
89257
36732
43080
78637
87754
93785
71461
66345
74739
73247
40717
26198
72743
3801
82400
13431
48009
2915
92979
45074
80641
30389
11672
72443
89306
90848
22538
31918
77662
98754
71860
31375
60382
31334
81026
2388
39255
53491
96131
17972
34333
4355
48450
42100
31398
87547
4703
40655
85298
6578
62703
43679
18755
32955
96511
5966
78252
87676
75630
67000
52428
56701
75057
62145
24151
47830
57163
84750
15039
30086
42435
43440
90640
77288
93978
395
25881
64936
20507
14769
83569
43823
54185
50684
33859
35029
83218
41337
39556
58958
14519
29785
50976
26083
9037
32824
94817
78818
71521
97172
4075
82685
87500
36742
20517
20467
83196
56360
7593
45502
38851
80584
39851
99587
12629
16616
85047
97142
30761
87362
67116
20362
70048
74734
91989
60024
1094
14157
33996
73424
74806
78999
18173
14618
20739
88271
93280
22719
83786
62444
71653
31404
55454
40615
15282
87160
57697
57509
72563
34927
10732
60920
17164
47917
61752
29213
9300
43289
68665
24390
90411
37204
22211
88944
34854
51453
50788
64413
16696
89435
85275
75983
6012
51704
65892
90925
87361
60590
49815
18868
93172
9643
26790
79050
66753
46663
70415
13706
13510
39055
45013
77610
64644
57048
52225
81545
65222
44021
37433
12134
7982
23722
84095
91912
65578
21641
3787
81961
27189
52084
81485
64632
20532
43705
59087
76045
97260
44310
35629
87031
78613
60692
29913
57085
98879
51081
90439
8636
46831
96451
48552
88576
89798
32552
93637
485
71335
26912
3986
4396
1717
34410
93592
91144
10565
61208
33705
45540
2880
9881
78352
16553
53616
68543
65332
13604
91645
43563
78358
45809
61562
19188
42039
15639
11247
57917
79315
69985
34467
32946
90748
