63036
94484
9451
13652
57091
47389
91137
54509
99180
26289
59676
57057
83796
16720
86005
11808
98452
11825
21351
93772
40981
91046
22344
5475
41793
71258
11599
25884
32171
10769
5875
69182
49801
42881
42538
64490
44679
58711
5390
71602
42409
48950
93272
48712
37610
51031
88958
85842
27766
31891
71936
12321
57304
67057
76546
78167
23057
54235
26761
97591
95466
23909
80531
28127
35000
80632
90160
40978
30214
26757
30599
17202
52749
85321
64808
80247
15270
50578
4511
48056
30943
53396
85708
57647
7545
34280
11207
81532
65623
69241
17221
18744
48339
93035
97760
3484
90777
10487
69049
31530
38393
79699
76638
58559
48213
90853
40152
75405
72031
51166
94771
13036
8526
20227
24591
74653
20628
20516
90910
33835
45871
75354
38267
76008
80629
829
12748
95801
94292
99478
50555
94938
26362
71503
90312
54380
38327
74314
29808
80236
32877
22956
87077
45787
15637
32689
36722
71542
59045
60558
75323
1781
34384
5228
24541
49401
6150
73661
7188
91153
33097
19442
30085
2462
92210
577
77918
25046
35759
94570
64599
61433
7265
45375
2804
88196
79847
533
38384
74403
39854
27342
54263
83231
20065
74379
78217
23129
89936
68988
30587
109
35500
12551
21533
4916
8464
53425
52805
47827
92932
82354
96351
29676
28869
7012
11171
10500
44047
20984
