30200
45364
40479
32566
61124
45602
81130
8139
3850
28672
34310
55272
56807
46207
49029
53880
62185
97102
74195
89804
58866
50774
95869
72470
10302
22030
85985
64971
51495
83066
23547
30086
88398
70832
61900
54438
44104
17630
50151
18567
79091
99352
73180
33124
17559
59099
52873
60717
88594
24199
53334
89128
39390
91774
54787
14689
98195
11996
4743
34540
56925
49068
20708
33315
7543
47691
6338
83493
2349
77455
52375
59217
16225
69033
25098
90815
68667
94505
98192
61592
15109
79327
59090
69643
40551
65637
17759
45498
83947
75576
64801
31362
89068
49174
66429
89526
16720
54118
46482
16215
64259
84341
90128
92701
21200
80872
10243
7962
44566
21784
45663
36476
64231
38295
10641
50929
27079
21246
86765
92687
59197
86164
42485
12824
67601
65985
81090
33310
17173
98296
55592
61660
4500
68563
48424
22900
8232
62308
95242
50166
25348
67611
35310
99553
4401
54528
96052
26024
60317
40167
66354
75266
756
27170
82004
11309
11332
79210
37419
11545
36120
69883
50376
19481
50949
10999
40964
51117
59867
32775
42293
3289
49952
51817
38747
11622
16313
23032
27640
51953
17652
28736
22130
72120
43170
12232
57072
80978
63876
14011
25230
8302
5555
16474
58858
82957
16617
47718
81134
57231
12040
36418
83282
32730
54344
48228
36427
17500
84217
69358
22351
65254
36955
35151
64256
15657
76275
30431
57529
69539
44346
14339
41176
94747
66062
45067
13247
67018
56587
99568
77998
5843
64131
99806
18907
67707
34702
70503
19889
8428
12232
63568
7128
22509
86008
91560
55948
10464
67759
16503
962
15034
23030
41273
3492
4041
95622
48528
67813
61276
49951
26770
57293
77437
14025
14650
42799
10526
35598
82978
19000
9465
65652
59197
49285
65866
56940
81154
46966
76956
10722
46060
69326
67610
22080
96364
91740
31247
63420
57055
41755
8050
6736
8507
7432
24526
18172
45514
90642
70869
63185
36504
54206
91900
37256
57223
11873
13569
85664
30255
32120
20032
96227
55801
70565
36296
41195
69973
11559
58227
8656
14644
87072
5392
99844
47511
50491
52807
76644
62533
14296
25060
23377
29285
13773
10647
38616
95026
34057
75488
96303
25402
34755
22725
10867
88724
25233
60786
8299
14607
84408
3548
44350
80552
81435
35118
21983
99655
38212
27311
43191
99128
80916
354
85032
92721
56038
66650
16405
60357
36483
93640
70633
55450
15255
64855
59318
64349
78117
8211
55234
43266
62311
97384
86157
55766
46058
15831
67600
28543
72996
3559
60305
34717
97073
84203
68141
2243
36651
94287
93708
30302
51650
7722
42507
78650
4539
66681
11902
73924
34854
94917
18434
52778
67606
81416
6168
34461
88569
80953
39817
85098
53898
83711
19277
2433
57876
58543
57006
13160
60826
73770
36327
35246
79283
45637
17296
14745
62549
57553
77141
645
23555
33246
64614
72139
57691
33737
11723
80472
70882
81749
82362
12156
47627
97723
45252
21839
21096
59063
38426
21493
60580
68548
44093
47837
66701
39020
16321
62058
61758
69566
99320
64871
81428
3308
41454
35855
14769
18752
49221
28753
2065
15355
36503
74049
84539
9491
7292
56642
6280
59491
64881
49815
96985
87708
67173
96952
14190
63764
46281
39582
95655
56211
81040
94335
66394
49763
53280
82279
60591
62084
32924
11847
56215
77806
22984
11203
79634
48012
53431
97408
18880
80863
42715
58097
87413
73381
47376
6665
5376
5553
93697
54070
12249
36027
30785
19364
93712
3595
61748
76955
96210
50471
98767
11346
15326
42064
48956
19721
78552
63531
70737
69276
99367
25806
45318
79539
57781
13142
84468
60205
62590
50383
44334
92124
72560
61254
35472
93088
97599
28893
11529
60953
66718
56673
83172
34360
37163
61043
39911
55976
28569
8698
70368
64674
97358
37814
51313
81416
19796
77411
27475
88926
27247
93
27643
37285
34119
11486
58014
36662
17850
94624
80994
24213
51000
89372
26847
14978
48130
95637
96616
66202
74593
44713
97632
1033
70733
85522
7736
50917
73203
81856
90993
86271
65209
12891
86193
12126
59461
12322
59879
9473
11461
71413
57891
3881
76474
68076
3603
40736
61144
67752
77049
41079
80161
72486
67046
3502
9759
71989
18223
5983
33032
74800
96498
46735
97164
68883
70101
45336
49624
79019
48645
4361
89249
53321
40037
7653
58841
23019
74159
4082
18504
38324
3326
95329
73434
88786
22391
12666
86209
68972
56190
31148
81842
49616
38654
29832
53990
60598
56469
63814
2640
85145
50565
67831
77474
4620
60996
62110
66829
20065
64950
78837
59762
10356
93642
72302
18193
67392
21777
17254
27482
76202
3020
38378
46966
82134
76619
49059
57132
8517
93817
9758
97038
56230
8117
45269
4457
31571
40764
86065
11941
10611
71936
21663
14596
56939
19201
73566
9837
65248
47695
11861
15730
5666
11244
52912
2762
93042
50359
85860
23970
1597
71515
82756
336
88419
2571
51154
12207
79204
61454
88894
63198
6487
89412
98528
20680
74282
86150
13500
96376
53613
42079
79657
11972
90880
92726
24101
97853
35289
21951
28592
98187
62807
14220
6872
2537
92125
1541
64277
93035
53090
67977
93881
86888
79860
63818
36171
66554
59739
42511
98878
24430
74217
66366
105
5218
21167
31847
61249
7378
6485
41894
36490
5149
39643
1306
22741
74625
60680
31549
47955
51181
66126
93728
86560
11312
88137
72540
98562
59498
14836
10117
33465
10223
20408
86551
81678
86592
937
23686
94452
10235
86309
40421
28630
32268
19666
11298
4654
52064
63988
75579
95242
89433
10303
11269
88049
16528
23865
27729
88375
18400
73299
41547
47602
35581
43308
83248
19568
48450
33961
37209
60436
91329
98903
43799
97896
34375
71025
91307
2650
43290
67178
95639
99147
20745
53491
8012
53394
49099
89635
5102
73446
91627
54079
2054
52801
68925
82966
86746
78406
8502
32651
3445
13401
68818
282
15646
49944
64093
7981
51466
9609
63211
74254
80316
47852
4863
61214
86902
94906
61837
97986
97753
38242
99901
39383
76503
21329
11273
24507
37073
99974
58935
52336
28675
60858
46356
90733
23236
67167
27207
81442
84358
53335
91699
96753
17340
44918
9945
43426
92102
30506
78552
96302
94963
60323
4164
77700
1306
90802
67228
79288
69048
35920
40532
50540
32615
24468
90343
52216
28809
