52253
93141
20538
54080
70680
12179
82556
63132
85584
66272
46368
18497
73798
70571
38703
95237
13248
85961
18774
34998
45328
46897
86003
86131
51937
18997
85395
84943
28409
51541
90664
61999
74271
51801
84358
80168
86379
16871
65294
30737
23444
14184
96489
30390
17316
4373
61592
75272
34605
49449
24469
18583
42326
45435
85105
45273
3226
61699
95449
21437
20294
59137
41054
96868
65678
96200
8578
36984
66844
15415
45199
54977
82257
33675
73953
6535
80241
36941
58741
97863
37889
4376
14465
43001
1963
58097
31230
88519
758
52792
27018
2745
64681
84397
60473
2492
4076
8865
24628
63042
5387
20701
3434
26769
41243
46562
5855
92274
46393
61610
97083
29306
89628
35667
23083
24965
71949
62373
73217
23846
3196
17649
46111
78766
53196
33680
76198
79599
39233
61469
42549
75498
99211
28698
17626
50422
9387
80187
21505
53364
36860
15711
26908
23094
70268
14220
12033
82439
47200
54718
81716
9295
93839
12122
72854
20542
11169
21352
27327
30906
82833
64734
54798
71613
42288
46479
18805
73231
21427
73571
62487
33689
9119
64839
45044
5758
76418
59304
86721
48598
75210
91081
18620
95063
89118
41192
4054
90476
9257
66561
40465
59468
23220
43330
65053
55218
43225
45253
73333
40065
58857
8570
17720
37975
81160
12139
83044
87707
48094
25966
37555
10798
86418
52436
31493
90588
72088
2623
60755
37549
60
15017
30408
92011
65146
35781
42031
88183
68137
38387
89840
72958
95919
66020
83513
39508
80602
32577
20369
99069
20968
17432
6255
74535
49581
35301
73013
56645
50927
55615
60798
17530
79748
85763
25826
27272
94513
19363
98285
66876
8518
84438
51155
75695
70601
6897
48626
12847
18818
32221
22566
50529
3611
22507
77166
52415
52148
67276
45398
22431
42432
14457
16376
38196
74677
42959
19945
9344
68125
60013
94024
23630
74110
15175
71245
63409
80634
78465
4328
91537
90055
32517
4462
19168
79744
77981
93559
78118
5625
47560
69842
27657
80515
67174
56597
29540
53015
92658
46231
26008
28428
87223
65913
53210
10780
88613
77140
17163
4484
45427
79455
50828
95555
79568
18336
59306
35479
56029
98945
45357
75953
12487
80949
89638
49698
19188
75042
38996
61359
4579
79078
32081
43261
93951
80885
64274
43382
67033
15877
63544
47352
46082
471
15386
92676
78406
67113
38340
11565
76612
3382
71853
38872
26046
46168
95383
43610
61962
2320
51642
86357
58891
59484
97751
70600
61515
14949
55842
43638
20017
86424
79255
12170
73475
76522
92010
69014
52277
42539
97585
80640
44883
74784
88290
60299
95414
10223
18682
48482
66658
3631
35424
41332
17985
45741
81918
48303
9502
57000
18757
23002
52469
96620
20698
95594
81546
9498
27345
41521
26914
88371
38109
49472
13589
55229
52287
1694
11482
64549
62201
51647
2788
1321
11368
77899
23253
89117
30532
8858
70667
37627
62152
50532
57645
45106
78572
9004
16289
29093
90600
80630
39812
88557
31581
86204
70468
2266
87357
50433
14378
41726
24566
75029
81864
22442
48793
22589
16865
34535
99937
19128
90836
82919
64914
95765
95181
28257
57457
24496
71900
52859
81258
59375
74512
80421
56104
72606
50658
55229
46879
75179
84001
34912
92458
33646
26052
71313
85528
38467
88550
46265
5208
45098
53808
93277
52152
96584
94119
72122
80405
45882
71930
71268
61798
27511
19872
92846
57060
81315
74097
26538
3054
6255
55544
42275
57700
19104
61826
27075
73125
11758
47368
58601
93490
41621
31258
47222
96655
52091
80935
89349
18530
4684
75437
57770
15401
10636
54349
9457
32943
78084
7924
18014
60878
41010
60023
36429
59346
8089
38617
66250
47077
63464
18488
51545
42340
67162
