47802
13610
65454
10493
98659
2376
36555
21260
10652
24669
21728
36319
22685
93254
43308
21742
60610
24778
63015
21850
21719
26752
10599
82417
22653
29918
30333
69651
66874
59958
51913
86734
6640
57404
59608
15617
15206
16475
72674
34507
47534
22217
61080
81112
52274
20912
3497
48193
4132
61140
49289
11413
53965
92237
72910
99633
44028
3026
7642
25037
7785
26818
16015
94374
67542
28585
96543
23573
58863
27037
40574
75667
48365
88035
39063
36636
70913
56319
97018
35269
93636
69983
43142
1528
17363
26450
23838
43134
51196
39882
44309
2251
42915
48026
64870
33128
16747
91448
77892
17445
60745
99913
79938
6859
18659
79371
14716
51885
75593
98559
95348
42737
83153
26696
19269
51139
47968
73028
65720
22379
7588
25223
14318
23990
39717
76612
43635
11460
94609
72296
60956
22247
6165
90879
78584
57124
24858
12331
88077
52529
25099
3023
91709
89059
71014
76441
30252
19667
77787
62364
97810
36358
80873
38534
57993
26296
22305
46868
71115
97261
82217
31221
9392
78269
24382
95542
76281
23892
87198
89909
57115
70504
36004
87563
11131
9108
98971
18431
69742
52857
37018
74001
32591
87557
48324
94576
51432
644
79960
92994
62326
88063
13017
58876
68895
39416
3346
24237
93551
99445
97584
55015
99664
98599
3665
63645
45507
36881
76319
15206
60647
93608
81300
24044
37079
20919
27196
8911
938
61036
615
92757
76054
6255
9432
98256
67879
96546
29445
1934
85483
22381
62460
68499
80356
70052
48220
92498
13653
13214
29015
26910
68312
17822
43958
77556
99136
87813
30089
88434
62456
36091
29361
36141
87411
19299
44482
91475
43166
