23903
83905
62625
93697
8155
50409
33701
16325
9948
70819
83463
21260
29776
45156
45135
93659
33971
82683
84010
68935
26532
49352
23742
30843
40579
16387
65823
18500
82303
93544
22632
43493
23639
35444
36943
74666
6429
42207
66283
82574
90433
36727
69269
48235
50331
90022
42852
31525
2719
83424
24332
63385
23113
41762
90087
73023
95100
45227
54137
86349
19036
29286
93997
35141
96071
11766
8692
97752
94754
44171
44405
51678
2165
70311
6877
55870
59199
89485
16543
96418
80561
63752
52289
23081
64017
79226
72807
76089
558
69872
703
52774
7429
38937
3834
91781
19302
67936
10794
58971
89424
86019
53028
3598
72164
83597
34754
15942
81161
93241
93680
58299
43143
28159
30453
60073
96482
63994
52829
64704
15706
73178
1774
91244
78414
72767
983
26623
29436
26457
98775
96002
38571
49392
51877
68074
92891
414
34306
39771
12315
10553
41368
10564
28063
88862
98735
387
17604
67085
79640
87187
46820
93208
79405
40207
30387
60579
95839
3314
84733
64088
16489
39064
14451
7798
19292
78630
42666
49451
51857
35340
68610
56439
66442
30302
11536
65115
52612
47407
79123
80728
27642
82020
80614
28798
15928
72718
90236
70402
72952
8697
54775
23657
86841
86801
30731
91548
21073
51580
31073
82332
45615
89434
59382
22863
40567
63548
10050
7525
46346
70253
17204
95804
77497
69349
42146
70123
13423
91068
99380
92185
28626
50563
34622
50879
27507
7151
84772
77702
4328
90031
69373
16675
57650
74759
85892
74930
50335
35535
7028
47371
21209
17156
7224
4286
22471
67490
77731
54265
78191
46415
24801
46485
33515
80403
83975
56176
91659
63237
24916
5006
16322
12883
65910
4167
10861
82078
64856
72074
72361
85952
4488
70918
58705
53844
43560
26681
99788
34432
62848
45777
30226
83410
95085
18162
20220
41164
91333
1486
33687
64233
42769
13840
48323
8839
46528
23621
30956
77337
76983
14251
73382
29194
99701
18736
58791
26915
44370
64472
46973
34341
35054
42252
37689
9825
61450
15066
95888
40003
63157
12087
99923
41255
90487
11152
4449
15406
99975
99048
93417
83796
40510
13130
35355
39617
86856
10011
43101
52216
81380
77561
83202
29066
51892
4888
76380
91187
83785
51731
79811
46039
38027
13408
44360
48231
23062
60404
95520
22897
48316
42725
95480
89153
9738
88283
5555
61792
83716
91870
83171
28227
34670
86706
15646
94637
73802
14053
14210
70402
41685
58069
66020
13110
25803
92847
69379
87784
65608
96512
57900
3440
42342
23256
53100
77678
98566
88381
71669
45761
83278
13689
53657
74436
72457
967
70826
62777
72029
49855
20674
12385
70486
13054
10886
27523
71785
86590
91469
62111
5643
65789
97349
64976
81981
58641
22929
87342
29024
37380
61900
7287
30435
26415
10559
94716
55882
70142
50953
87399
61537
97704
1325
73691
22300
3422
45714
80811
45877
91423
31949
48859
10377
90884
57868
30266
61709
34345
49290
91940
4814
5714
70058
13111
23639
6878
94449
65711
68794
62217
15280
36114
58915
78883
57245
97143
52048
7355
14346
67488
56738
1551
32694
2009
68994
60724
15548
40897
40958
46358
36142
8227
9838
6489
5663
91204
41552
7113
58686
50206
72536
65797
86447
6732
65290
6112
69518
31458
28501
3179
35754
7796
90954
70416
96855
77749
59942
45456
97417
86281
39527
69270
44062
28043
31740
16671
69040
66024
94718
28671
22641
35512
85731
17556
81833
68770
74237
64112
8703
75880
70308
3050
91639
95468
77188
97509
54581
85357
43215
36389
25288
57662
57992
49329
12210
75442
10436
23281
51415
18764
2212
21938
49923
96845
89064
54674
69897
29952
4686
15177
69307
49807
7035
11648
39030
70476
75345
40189
53746
63080
77636
10935
84607
27121
23118
22514
5306
88823
11652
94581
60018
72613
93309
10452
51600
85700
55070
92278
51532
27714
58838
29735
29256
87420
65202
9868
47879
16786
90732
50501
75664
79008
63147
22548
18299
51575
58267
57595
85603
28056
25458
76271
68176
3004
34139
40216
14417
43235
2918
25886
66410
45708
5070
41919
34370
57312
79313
63513
63662
85113
13218
36989
75821
56959
8092
15669
45619
1788
78808
24207
9855
6614
89803
12677
90411
72872
79348
54021
54026
38648
78197
58848
24328
55308
85846
30130
7835
7116
27896
56980
94973
40675
81393
51514
49589
27356
21501
65667
5995
16369
12529
85910
51296
48700
39051
92945
82540
92906
48760
90753
93205
32555
57701
54785
61560
82109
50629
22603
84672
33136
94535
51959
26126
35945
71728
1072
22956
3104
30377
43777
27882
80776
45047
18259
46606
71374
77515
22229
66771
6802
29036
9719
65079
65369
79213
15034
22199
97437
13791
27979
71217
74975
53907
71119
54749
8406
12738
84607
68243
80471
21979
7046
22600
31327
90214
51867
67892
91688
77995
17886
81801
1521
331
39957
41346
70682
96290
81084
64510
34847
37520
90864
29587
35163
82815
6801
54381
3308
24138
54831
44828
64964
11111
13269
3194
84194
85534
40476
19651
58808
5308
30665
57913
42535
87963
54555
85498
13640
58050
62025
92275
31632
39737
72399
87156
23786
96227
54710
62074
21415
81008
5037
64873
22213
32401
60936
28271
89413
12568
54021
60750
11148
64828
90898
17077
34092
39061
69967
31043
54323
13958
86982
11140
95324
26996
55828
71025
28116
8307
72604
90987
91765
2947
80918
84040
53845
57593
54171
70852
9888
42346
96694
51396
58495
76020
79694
98041
4458
24237
70328
84730
36126
43606
82562
9965
95198
52403
77062
67499
7239
18453
63990
67986
69422
68239
17381
17219
98366
37828
92673
12222
25393
5776
50015
25107
89142
70972
25130
6436
16182
64238
56773
54770
99135
11504
75290
67168
78777
98524
80244
6556
11685
22329
86811
96239
58228
53011
369
79246
57037
70930
86656
60773
61575
89057
40896
85689
2013
17936
23437
89868
1340
81608
21752
4056
18507
46862
19057
82077
13334
85293
98321
71320
28056
47905
87140
42816
58560
95392
53668
50630
44756
93691
96794
95854
43961
54086
34707
29205
63793
69857
85201
38020
21797
77352
48347
28393
67850
48376
47555
31277
52400
2921
58605
32536
48654
16488
57868
51286
40082
84674
50732
68274
65936
99156
99161
36619
76959
83869
53343
90947
91061
37912
6546
7746
54456
32589
34585
59713
7601
14012
51722
49952
27263
69812
13339
8039
66113
28759
22400
79314
39500
75473
51494
41197
15382
78910
75170
35874
47863
52933
18292
17413
57411
90045
65329
73171
1513
35222
42762
94302
98405
95794
82185
38241
63474
15468
95270
47230
93023
75806
43345
61258
83315
26888
64188
91256
4173
90361
26518
98925
55859
22733
18696
63276
25589
74499
42332
788
25711
31586
73749
46020
39491
79586
76696
92580
22353
88401
98209
40548
6565
75164
56205
95770
35577
66661
32158
18873
10537
49025
15125
27426
66025
62064
4426
13357
4615
68357
67451
49555
10597
3121
66320
24527
32059
89878
12577
62050
67488
89043
82597
53941
18134
31844
28068
58390
70638
80339
45680
93750
55734
45814
28076
88223
88338
92474
4141
29599
31918
51069
90890
95994
45768
68020
21459
38503
67649
19573
84162
29728
56244
27656
6079
88339
67973
24373
41302
39145
70910
25431
78778
70599
4933
89319
67563
7209
81675
58667
68357
23039
80461
2995
79350
84287
37136
7899
51680
23871
41526
84770
5238
19032
56264
7242
79061
64129
44796
15827
2239
5148
49612
70573
51036
29862
93090
73092
65826
88165
82820
23920
37515
50782
90870
28938
37222
1376
42171
19452
55344
97022
91058
4551
36482
25069
86973
31454
45282
30626
30425
89866
74877
88193
98532
59682
14420
43431
75828
67939
25095
56610
60467
90490
35044
37969
28565
6673
52779
77058
30161
91112
15975
33032
59094
5763
37910
70982
86085
37505
87380
543
69410
11769
39561
97354
60773
1122
65091
65376
5318
39199
82530
28649
94223
45023
85431
24756
65887
60493
69365
9084
67467
4711
26576
68892
82344
52808
46313
89300
1100
54079
57457
9470
63665
14472
76683
56585
28513
81859
80223
47663
31152
89029
162
4821
78611
28968
57284
38283
89229
59735
81589
13257
27772
62142
38945
31725
4755
2423
77700
28283
5817
84241
32645
340
92094
9600
75366
67312
65757
6625
79818
80878
26229
23693
79839
88945
52078
33984
31402
89646
31162
42319
56515
98529
27338
37015
37993
92012
15894
83468
54739
83272
41830
13347
95674
32906
55219
23501
67161
96036
56087
62078
13523
59952
37628
45846
3160
31970
50994
22351
93838
95872
27567
63284
79852
67099
85261
51324
41059
41813
14324
1712
59199
53035
85036
41953
40437
18213
44809
58287
84737
86929
75424
5959
72449
74879
62490
71816
96424
820
88659
72381
53968
26891
99760
68319
27148
39509
8720
77099
22225
97989
95985
69617
9391
21115
37140
43729
2560
78067
38512
77862
45568
99430
89774
81255
25981
26443
48899
73893
20565
72243
59306
48826
87554
77508
61627
92305
59983
4746
3239
63073
61637
30426
67571
61120
62611
62177
42153
48363
14961
29515
19481
18962
60633
70845
77986
55357
83601
66940
21753
47612
86098
51661
67104
98291
4817
64374
51745
82843
47153
95334
7931
86339
19816
15259
84909
91426
42576
73359
27904
49478
88425
94309
21004
27190
68099
3942
79505
84225
81701
65897
33654
4038
93057
17012
80164
69642
43495
47963
90518
48793
10871
87436
55762
29008
36980
13091
16339
21783
91875
30614
72536
37537
17164
33385
96131
18049
92018
79554
67127
1540
95401
799
40776
87054
95942
87602
9540
59417
86916
79542
62303
33809
97949
25951
58795
79874
57354
72218
31095
89277
49399
70063
96018
57755
9386
6334
12305
62976
26016
94168
44751
32872
75364
72810
3752
15643
93651
17954
13238
82236
7060
73142
22537
14874
75999
74608
18452
61073
78492
56853
12676
61611
52792
94340
76640
93010
42861
55873
70993
382
41983
22532
70134
34836
9612
47496
13549
51174
44430
16650
25213
66212
32629
2535
29870
25834
54616
91069
60765
79739
25590
344
97236
16891
65888
3940
92524
71751
45489
17320
52309
71683
23767
5245
2644
59252
10345
20545
42348
89686
5811
90183
9378
73360
42112
23203
3289
5934
31573
27022
96628
4669
50806
83402
36953
48413
31152
53565
88126
911
864
53063
84648
82337
25867
61360
76015
42308
25755
8495
19422
79179
99554
11804
38607
45005
81850
19312
4253
73353
64014
53283
7054
67980
57570
37321
88416
94446
47123
33477
65737
23814
78841
12039
39311
87879
57120
25978
96103
18718
76844
64452
32016
61889
1587
15370
98736
72199
9103
75683
43816
23740
64643
9891
53426
91773
49908
72201
25995
93021
70854
75839
1991
3088
91103
14201
50139
4954
89392
12850
63632
60881
19238
18813
51225
41584
56949
14189
17571
91124
60119
74769
14760
53748
22915
81203
12753
39787
6754
30168
80230
61710
45355
86067
89368
28574
71728
59991
58137
47356
91277
1968
21959
43044
30007
44993
82875
75841
19731
44871
18890
3506
43197
18623
48721
9570
51231
95999
37924
94067
81265
63602
1202
2417
52033
99176
2693
50234
82753
64816
81105
87061
86779
52170
29819
30461
19478
50142
43399
93334
18017
36173
1447
22023
56754
75872
98321
60472
56123
52572
42960
56615
25143
38357
46915
31160
88135
61128
90648
36065
44743
18518
8268
40262
39009
38731
59083
93553
68053
90871
60716
36122
43826
2850
42974
40718
32396
53692
44293
97332
34454
68832
13270
76059
37945
61982
96675
32856
69188
35181
92271
55008
92358
69849
19901
78403
58875
15968
17511
47067
88027
13974
113
26928
68052
64499
29189
30406
2975
94778
27613
56171
94601
57398
40904
99309
41405
36946
89470
41109
56440
33234
78458
84856
54914
35940
31962
64218
38774
4829
96505
14238
10399
22151
15122
61430
80410
89406
7798
59086
95666
99317
6630
66693
2651
25700
84807
48214
78746
38860
87344
42992
9303
72175
18474
45167
61956
36777
65722
12761
11283
5498
43867
15950
96696
64729
23398
25544
54369
63401
67496
37351
50025
71960
39189
25814
53593
1074
56072
21230
39000
19698
63782
8833
62793
55232
71449
55171
73821
54672
42386
77447
32847
34989
61545
84892
75784
53388
7600
37708
37102
83696
41976
88799
61061
93799
89768
96204
67507
80862
28194
20072
6320
36025
17086
47001
29973
78317
2888
16683
37205
18737
2732
61083
92479
89745
28396
4722
5684
2878
41266
16168
64423
77739
38928
45439
47299
19334
61599
29815
10755
7507
72328
1381
34303
2211
8755
83692
29394
61375
26169
22014
65729
14353
51732
51902
45442
33235
47934
74227
60394
96748
39699
71263
728
47060
94048
68108
43848
98448
53802
16423
42177
68652
17536
53379
45298
68661
26860
67711
37533
4732
69054
86876
45507
17650
28187
84604
71945
8550
21084
96480
41698
78066
35837
22712
3937
36118
50038
91875
20467
23380
43515
57158
84275
22238
36046
97531
54730
25036
74429
259
66239
70443
65186
8297
65710
54970
99350
26385
60835
76005
43940
93003
15988
65139
81139
41896
15440
26149
60611
96454
24632
699
93015
63042
19412
46602
53504
15207
20413
28474
82821
89719
65174
88636
70600
47531
74134
87349
80559
87975
18287
75734
30514
42929
76079
92240
71462
19145
75029
54014
19495
1613
49601
48273
81858
78523
10998
15573
84229
99338
16865
56811
50109
31442
49251
88867
5218
37965
57767
19982
79866
59675
1496
15285
60494
47155
28023
75329
97937
56025
60849
56046
14436
87587
27481
17244
63999
30010
49685
98570
91466
31082
34629
86810
4454
12526
51079
56460
19363
18031
48352
36701
67664
72387
77366
82223
51995
17510
2930
2774
22852
82618
54332
36898
6205
40483
47296
39001
49925
99410
24555
85703
72638
81478
4583
97378
92489
41610
98401
13858
85253
89116
52959
59446
71315
83654
6206
81725
59314
90910
93779
51076
80528
99811
30145
63392
32599
22697
98051
97153
13783
22660
19314
37864
69604
38110
47262
97790
92695
3653
16539
26972
13513
98474
9547
32736
94783
88692
50418
99176
95686
68523
17238
25592
3199
46582
71124
83365
37444
68317
36800
24498
25508
13265
33483
61832
3912
56766
47172
80912
53778
39720
55833
36528
94674
47132
67530
33143
63258
56429
8188
87770
81032
79922
480
26254
71892
92283
8223
69516
24603
3538
81712
25000
7954
10832
28589
10364
37049
38098
52108
1426
58054
51770
44084
14410
65680
22805
93347
3766
92789
90535
72182
81105
14720
72253
93000
38294
92304
53923
85449
88255
36976
92069
30136
20760
19022
54605
99355
7300
55699
29284
97466
79047
9822
32439
63992
45016
1390
57802
1027
13701
84911
15462
13230
30783
73315
24389
3428
47970
95681
38460
49809
93551
60505
5548
1671
23989
58788
82000
69894
97652
81996
50684
55566
26751
48745
19823
55602
31599
31080
11937
7753
42515
46274
87474
89024
69006
33332
86094
61349
83283
64699
10078
66246
45779
53180
18947
6228
33979
1633
52142
14899
22710
8777
47504
9962
3996
88231
77269
43744
27616
79952
80443
14432
89721
33272
30688
77807
96172
18993
42182
4118
79700
84341
82480
57584
55567
99039
30982
37099
59077
53372
94396
5836
20133
59836
66457
54764
94943
78808
98154
90473
93078
35634
26877
11258
9244
21671
98104
37063
93477
74979
1676
88676
70884
17776
36167
69470
52645
87176
9530
89024
63660
33379
81908
82131
49051
75180
57416
18949
11682
96505
35674
72509
75897
39686
41032
8281
68902
1240
57646
87211
60509
64185
11969
28369
4406
7239
60725
60310
79692
15742
62030
1255
40102
81725
30135
47367
40162
21279
85
15684
22451
56233
57630
83683
18230
4101
21850
90974
34872
95378
3189
20295
77849
90471
97986
54760
82476
99908
22112
16219
11182
20951
30900
25625
5752
91296
20383
90471
70826
26323
55649
16634
4860
50158
26207
62376
87832
52813
85327
795
81167
5746
90601
33674
94664
46419
26341
4449
27663
98786
54941
90953
97236
31081
13945
19611
24904
64930
48340
31909
65168
40476
43440
51286
24115
11087
2766
43958
34400
88198
97427
40759
24104
81890
98777
88717
41309
86089
94499
30887
73615
38576
79767
70860
32465
45481
9765
64405
55770
97543
97614
94875
19172
21127
42597
31262
36241
842
77627
38235
70921
82578
31991
6000
81784
15875
15672
94491
66922
22765
44936
41195
80785
86563
45369
64811
49821
38573
88169
7977
22453
83256
38266
1483
50780
43149
18722
99635
16300
23641
24852
31885
80023
94726
53647
39340
58556
61913
49335
16454
2023
51717
4298
57979
77154
68492
96040
19151
39442
88857
85581
33142
11920
47528
50345
93957
74989
34146
75546
5247
11619
64474
82033
15902
45318
11369
25719
11854
54497
80991
63951
10147
46111
97951
47562
6146
23951
19448
63867
57635
92501
32914
25455
50626
95973
4282
72427
80827
3951
34713
31585
2024
20010
52488
55076
38037
7752
13695
43142
28437
99879
10500
40867
79884
80263
88963
87199
24720
6377
59730
86020
46370
70055
44411
63680
17136
78225
38033
75143
8115
72066
83687
21800
73294
92995
49359
47985
80240
46952
68850
90364
58372
14646
58863
64634
62443
4730
52494
87327
3659
49327
95737
47035
83759
96889
38105
58995
78420
66068
11021
59720
55528
86084
28402
24260
81100
64024
62675
17649
61099
87576
46449
24264
90892
92884
25168
34040
35761
1535
39284
2880
45675
58114
45842
46101
15437
80368
98842
68395
37340
67651
95336
81516
57653
201
59941
11800
40522
1703
84315
53626
63285
30657
60078
82058
15751
12295
43791
98145
52619
22070
70824
43759
53043
84192
91273
89341
74220
54282
35571
67544
46933
13846
30049
98552
50143
16157
73392
28682
18988
88013
53826
82930
85992
9953
33793
14210
28789
68669
54028
17314
99341
99695
12113
64002
39423
15875
51991
7104
45039
47693
60338
96184
28482
5228
3340
45047
40911
8331
53103
92255
60593
21534
46802
99814
22376
73293
93633
42341
62496
35356
94725
49257
79479
87338
69408
75935
66675
94065
87568
96244
54886
78785
92294
28544
14578
84043
59627
29959
6324
73845
82930
19615
35417
45668
88265
20555
61999
88928
84115
42143
41582
47740
23906
60060
22508
20085
12982
89338
6675
52970
23070
87408
87755
73711
86702
68753
17190
31180
31696
60512
12388
7654
81499
79265
13837
1860
91041
63241
18271
76874
9744
51285
63541
12712
63400
60222
17517
2787
24875
75602
28133
85828
99930
37322
24582
10439
88933
71249
20731
88149
97828
90737
60945
2650
62454
67776
65846
7824
19142
52556
80889
65263
1512
2324
4219
43140
68472
65689
71899
22650
71649
56892
8405
35633
51832
46072
8186
87601
13477
86188
120
4047
63929
95007
60863
74755
19713
11446
85371
60763
76143
49562
93281
71690
8408
80617
48380
17345
22452
83892
95043
86837
2142
20305
70315
10852
5586
99394
33211
18342
47947
29853
63855
7535
70659
66567
24226
13022
37722
92960
39586
65589
18560
6488
55044
9559
13916
7230
45270
63572
56363
24778
7026
85065
70221
57031
43969
26151
7011
35957
61071
49163
82075
80070
22075
3810
25560
41076
87526
54731
26709
3053
43232
88154
94233
46515
49390
19435
77521
46847
89187
69462
93549
36849
72305
77202
82537
26513
53569
68120
71810
39649
59883
3776
61726
96611
79627
96576
60188
45135
57857
85487
82937
17166
57929
33463
5698
68558
95582
25384
1216
40682
25046
16525
19306
68192
58406
5863
71279
45605
29235
85988
61450
56858
69419
51943
67895
66609
54136
35017
12237
69831
84101
64317
73958
97108
16497
48904
98574
77052
26380
16329
21001
64390
78944
39614
75510
52522
19616
34013
91926
2738
43814
7354
84043
38765
91038
3332
20713
74966
19064
85773
32671
69262
53125
73769
48867
17719
72268
52465
74936
36742
90481
52393
23389
10972
13728
11397
80246
20210
5679
7557
46005
97074
74704
78906
20223
8621
2632
26358
8452
99763
71784
29908
17852
84082
10969
95008
73559
18526
73408
85964
31695
52461
79958
96247
86911
98693
9563
51829
72437
34321
95480
42945
28839
2669
90666
32142
74025
54040
98569
92036
41527
32673
26643
84885
66671
90027
9038
7917
90978
80402
62227
93262
23980
73920
82707
69458
48618
3985
69494
62624
81472
51650
55742
39764
2306
57632
63641
74095
48764
44275
54630
42823
31502
24367
33026
51540
62674
71457
75295
16188
6372
27234
99500
23495
53512
25490
59881
33839
95587
19361
50016
86729
21835
8756
24715
18341
92591
78287
5565
3057
47914
72513
17953
86470
95092
54927
18430
86049
81191
19890
10449
97429
97550
52573
13782
59288
81988
60991
48338
97792
81422
36324
16639
92798
12737
32997
20867
82335
12939
98333
30191
49296
988
23153
21974
14871
83168
29255
56520
96909
21467
57533
9151
78252
50133
71302
75724
69987
69455
43473
88078
47660
67761
53278
24454
84662
22739
78564
76577
6338
11410
33000
39897
40787
14413
64092
26370
47904
34759
97484
60205
66905
63791
85821
6182
34378
17810
96293
97390
89873
37694
50005
74688
4071
90778
8438
23702
35801
39388
87521
96827
48473
43634
68216
37512
93926
47417
64016
81996
2285
56061
387
99699
82
51621
58953
47645
15731
7589
40067
56572
21391
58595
1457
36779
3289
52688
37737
90336
48821
63839
75834
42889
87990
70563
74761
63123
29259
12897
34676
20831
85413
24433
39788
45587
93722
98719
82423
87158
96537
90053
41453
46109
63367
67535
17286
38432
3562
38249
57742
81593
39923
30488
44410
41023
87864
81224
47429
55897
12202
3307
98182
70917
14218
17408
73973
36895
35314
21274
36560
7042
50420
34614
17254
48201
64236
1763
95323
6636
16463
56268
73560
16554
48375
51602
15131
16163
82394
40476
69193
40897
18764
41533
79281
96302
59008
66694
38096
74155
24526
95034
25057
64518
50502
69766
38898
33727
263
63773
16556
83732
63247
6105
11749
81715
70989
86944
91890
50610
89799
61763
356
40897
26268
56772
22649
61979
12318
37177
89597
37469
20178
37436
48514
62891
94500
68340
34106
86562
78762
9684
74915
4852
56191
69175
78227
61554
21590
38403
46623
67725
49817
4866
92719
13200
29079
85411
35168
23830
82758
30928
78603
29579
12218
14730
2966
47749
54820
57757
13548
52888
66325
62621
32060
362
4948
25452
41187
94092
15487
69627
30350
40619
86301
98659
28738
11452
79319
96907
53219
43565
13857
16203
43345
43931
18690
74115
3423
28149
53662
55281
22506
15519
42040
51092
97162
23304
47889
94976
39000
51467
78952
50645
9205
25842
94818
88861
85684
72459
52597
44665
34962
28666
27915
81449
30565
57741
7707
861
32402
22810
63112
28275
17531
93211
75714
72368
31692
1833
8453
4354
13131
45492
83687
27502
25472
22081
55247
10791
24804
28007
38726
41917
77625
97327
94850
14308
40928
50065
44429
443
13464
31306
30238
79455
68104
64981
31097
80863
79205
16665
76497
78264
66046
58228
6299
16884
83622
53845
69374
87124
5479
41673
57449
62600
59784
68394
26043
5621
99429
44862
63030
5668
9750
30254
27196
57140
83299
19421
94106
1508
20122
3515
14639
55961
44124
97550
12772
25750
61347
80158
23495
50640
24389
70645
99160
67237
8653
76309
93187
78432
50806
79059
63670
8803
47511
94511
26319
90512
63439
29019
26045
68135
51520
80537
89610
32777
45564
77708
67940
95959
45597
28254
76006
91984
79667
52538
90629
53814
92369
11050
72136
41990
79951
95624
34475
18703
64652
43358
219
49864
76759
49471
41827
86856
91915
768
28598
26629
53301
24898
69960
73897
93611
52262
70009
32413
60065
17209
85720
33661
37272
83072
11751
70756
57316
61624
98502
42946
84258
11697
46884
31859
61067
43999
13200
24438
11046
29568
600
69523
92910
7830
9782
5110
18955
16904
70903
21555
59110
23574
81119
32329
70196
13252
27749
8403
9328
11299
85714
94953
13135
46241
39775
69778
50399
32668
96968
21684
84662
47061
22764
24052
15520
93287
55627
53931
2559
6182
28984
60163
14264
21426
57054
15467
85752
47823
21549
96823
13794
14123
29956
26125
65343
26704
2924
68782
26685
66701
88212
31812
74306
75580
91741
24909
5722
26701
62454
48109
28748
57071
67046
47865
71088
38248
43017
39708
38613
98323
24120
30133
20317
67872
90921
82966
10733
11996
11031
66158
96406
27798
98517
83835
32102
32102
40033
45381
14480
37712
6437
48436
46279
18210
92971
55922
72400
91033
8487
28539
60797
6533
64832
33671
95702
16693
1129
89215
48477
11408
14565
16576
92255
52448
59190
70938
30536
5695
17336
88863
17042
70737
44435
43381
54378
33594
37335
24978
72434
23099
78656
73186
3957
34417
65297
68009
94366
94166
37898
52975
5612
80810
89856
2345
99798
81250
49483
63858
17248
59957
96893
5352
95850
40537
98465
68713
13772
51265
16001
87819
76000
65904
75146
58492
6663
79067
58224
57951
53751
91374
20312
98840
60566
43840
14198
68665
9132
33227
49821
49262
94808
60458
6838
32959
48447
12783
65175
52132
82726
57003
17715
17121
2648
25864
81735
13794
86686
12643
31261
46538
14732
49967
31202
25026
91698
38094
65943
83878
91546
5143
20018
93126
25511
27182
86547
64409
20392
9621
50319
82901
78079
33018
16710
98209
75823
96170
35081
88803
58287
47311
95845
74053
67029
80229
64111
85497
50834
86318
49600
24729
1184
95818
2504
29116
61154
11965
67981
38545
63167
40241
28223
6471
61274
41642
10297
26808
37029
93603
40441
54483
74498
25189
81051
82027
19613
4148
95271
97099
61799
92601
45933
86612
1699
55448
50544
71964
97826
942
82038
56832
17088
56442
26268
44112
49403
34018
81466
31797
84988
20349
12396
28929
94411
33289
52437
42237
96122
23475
80573
71681
43954
63565
87059
18830
17921
59917
81466
55849
55693
41984
89899
24862
19216
33197
34351
37538
51231
83794
86485
22965
39800
50821
40574
28247
75459
43451
55892
10714
55267
12797
77544
73234
60731
54557
56543
84846
12510
10117
54878
97774
83778
97142
39374
18859
36264
74223
39367
18544
28239
45815
67493
63762
32100
43469
80371
42433
90706
77295
86486
6748
36244
37601
92313
11
93168
40840
14501
47537
87620
56261
75895
85946
89754
20084
46254
77177
22513
42542
84677
3627
80657
39809
90103
69057
17227
77599
68674
36252
71128
96153
82315
16889
29142
97340
51591
91660
38444
13784
47689
79448
11559
47204
23357
93157
94724
58544
654
16813
2716
16055
54582
13617
58496
59086
5995
27885
14373
15192
64584
75115
72900
16017
43352
23951
70357
93499
99638
61353
33413
2059
44612
98047
70448
4753
3058
15158
13005
81756
98362
74901
80011
68100
83795
18310
97589
4224
40517
51209
70752
87714
15142
75960
69681
47475
75288
61019
62998
22664
20237
52913
3144
17825
95611
25978
44881
22991
25963
34043
56919
32901
97189
75225
68831
73025
91913
6091
80621
41763
5281
44669
50755
7940
46043
83129
69899
60658
58389
90449
22299
94586
83669
22947
34449
27923
17968
76316
11587
92588
11433
6625
66573
6542
98314
19717
52815
36750
42893
78566
23167
87893
35761
6336
50112
6764
77369
69251
59036
75178
41336
7875
46031
75247
18683
47968
74423
50068
5999
62818
70088
50117
15447
77813
64645
51074
52633
4962
67717
52338
29522
70192
84726
17151
53892
49468
35053
95021
64304
61114
66914
75068
60075
71211
9909
54929
9471
56531
53978
74040
6155
35181
94360
52376
83826
18998
36171
96157
92107
63704
9316
80556
82887
92903
4757
96108
55664
50263
6467
50298
62861
90551
59979
48727
81666
54656
88003
41278
17638
86359
36378
7873
17118
39291
9496
75697
30455
91424
33329
5163
86106
31349
66327
55445
6854
5740
63712
42061
23724
20612
89061
28753
20601
70314
58588
53859
73131
27698
98150
77371
29176
66468
90774
49051
14897
2482
93359
40270
40503
34571
5224
52615
22762
37466
78310
14886
37536
9481
69075
6726
64971
5853
45523
1933
92359
94957
79289
7418
95299
59115
72361
84785
26438
24305
90741
80696
2930
43788
3250
59451
98652
79534
52673
26628
15314
22295
18581
56165
27767
66270
66395
84928
73154
7529
15681
18588
80967
66709
2116
542
21654
45983
52236
31657
85107
17868
37809
92758
87178
9195
27562
14087
42313
87400
7992
56354
33456
78250
2122
16541
56575
44244
75318
48294
16471
31133
80660
91488
2971
46360
62862
38503
82185
67679
9367
25759
96172
92838
10002
28212
76224
31896
62447
51827
39851
12628
39779
64417
59682
16420
18493
78812
63653
87162
50629
3942
50164
58872
52049
9239
79362
29134
70375
5642
32232
64883
90755
32556
12902
64712
35372
54244
6371
17548
13467
11438
93809
91429
82699
44362
70640
58077
89738
1880
8835
9036
68281
78175
54121
47415
86054
73101
51292
45572
48835
55313
46334
43583
89218
18279
22811
25925
90533
58445
91739
54519
22263
72127
69130
55143
92271
63089
43473
51176
53298
76319
56564
13759
36434
25169
95469
50647
22662
58803
20799
87408
5046
24827
37078
4079
38798
17988
44642
77984
24199
70001
99361
49151
18210
27849
46379
68618
24652
88300
87171
11863
69921
4942
85371
39734
31488
60669
16173
67424
49802
3359
16530
58450
20715
75386
98942
94987
35176
28638
50329
88593
5715
5887
49285
86005
95079
86631
99966
93590
41423
40938
98916
90976
56573
8364
22339
29500
59118
20676
45636
14330
92502
16887
84463
50457
69740
57034
77149
92243
81079
27148
11976
73787
98597
42056
39668
13122
12695
94886
1368
77063
39372
72629
45432
65548
44344
55573
2585
24367
40313
45142
38294
23424
27050
19423
3632
44021
60498
98589
61511
3105
56690
13466
73827
5056
59062
9629
96875
52271
23601
86726
47354
64685
5281
68122
69330
55316
61365
19493
53726
84039
22405
86659
36216
65001
20158
2736
26844
34441
3125
22592
5277
95160
15062
78634
49242
41475
59568
16091
50576
34208
24715
58282
13203
39127
95712
72733
20458
64217
40710
57553
5355
31246
15108
44151
56698
95339
93116
17148
46409
82606
1802
85244
68979
50328
2522
97857
42664
86837
37345
91479
33845
58927
33991
67023
30932
83467
41791
44784
12248
46901
53314
17249
23510
21372
51555
21566
4864
29462
10957
83350
84856
90875
72045
41350
89286
43860
4087
48567
96597
71775
67935
59575
8255
80913
92080
56063
92516
69561
78991
33047
3063
227
65878
66716
70151
37084
74328
11566
11263
38882
96613
29215
10660
3949
82983
34255
72842
48350
13871
53492
63576
60896
63720
34095
13980
19401
88989
3490
78111
71428
1922
79180
2544
79772
23781
50291
87633
7962
46496
4220
94466
74366
70082
51618
78963
34759
24651
10795
15123
62734
30496
48719
3139
84910
97465
39884
44887
93622
15741
96670
9276
3628
44112
45177
2962
41332
58990
69081
8172
55125
87651
20696
48664
13678
12579
3250
97297
15337
268
61230
44279
66295
77500
76766
3802
97755
50849
59104
48640
83065
41037
31573
27196
84638
82793
65802
35558
7427
22969
86526
88326
60865
34943
71950
56265
34341
55704
4437
16307
72701
43526
84188
89983
97667
48752
4640
30031
58730
87999
2427
51791
12726
12914
37084
95905
25232
68688
26032
51899
58807
44592
58970
68462
63269
29112
42418
25492
11388
95598
79953
45473
29728
60874
76607
77280
58839
78858
66912
94213
39620
54028
5228
9885
63362
85407
24321
30509
41865
80795
63501
30219
50951
13051
91227
57229
75853
25526
98709
52982
40115
32103
20840
93832
31039
98804
48678
45430
44158
38573
33777
53629
56829
98569
48773
82549
6748
70207
60954
50409
95041
6171
95941
6770
55575
85765
17142
41036
32191
30218
23296
11382
83838
32924
71221
35701
93874
36135
63781
91765
94334
55209
4126
32431
28507
24311
6412
33598
65926
13324
70514
57521
52705
44718
73619
32170
27135
21293
5163
18518
55541
60915
73204
61946
46641
22791
40119
1404
83971
1301
3433
40526
75445
58048
23606
68607
56678
60532
14772
56128
465
96743
56719
39501
78611
38971
56784
52748
94330
37243
88907
60011
53476
33080
63708
92136
71138
97612
38273
92985
16448
14631
57226
36718
82937
48752
27692
85960
34370
61635
69946
22613
16709
65089
52783
97969
45707
28877
18106
16896
76607
93182
22723
92028
37511
70942
77018
78217
61220
63642
39952
24943
81677
55639
37766
64953
70633
96770
9752
91078
77745
30687
48685
60008
3036
77286
95736
1728
74512
31586
70117
6411
25663
98544
62262
6725
67735
43536
95974
72852
29814
1636
69776
89942
96169
55305
20620
93302
4733
59751
14109
95307
83224
67946
54591
49838
90109
83211
25739
64988
96494
46234
17652
92846
91952
45546
70040
96380
22436
25732
62736
17708
71631
56014
14528
49545
78445
13367
9255
42139
42819
28954
54115
61724
9620
44405
89305
53306
36129
25365
10401
50590
42453
83726
35291
18860
16186
67092
46008
12863
92734
84276
62477
81044
60926
49018
59971
49927
49925
40597
24976
77992
37860
99657
55211
77108
85266
322
48703
61381
37091
65524
94096
98230
55892
21526
69804
4561
45841
19685
83116
52107
2206
88821
32072
20316
74249
19875
52668
62606
60795
26092
21872
32386
67213
66568
22997
48916
40144
68754
44083
69901
62038
36403
72279
77675
31406
83436
67585
78854
76659
91340
47879
63584
51519
47966
93791
69769
38199
88953
86793
50159
40899
29559
26756
45696
86632
44234
36296
27253
63009
24098
48360
79672
13314
18316
90799
66993
78053
44387
27099
35793
19154
34492
85946
84775
88055
70286
13991
53041
2178
46927
15954
56949
75605
98599
4107
35990
9266
12453
65225
51844
83528
55620
67255
21560
11817
40835
70223
55773
7735
60221
76324
15926
90113
23902
52664
644
541
50373
86805
20753
36144
68933
90003
24845
6695
10990
46008
92880
9668
86683
14253
24011
79398
65994
35487
6593
7255
9453
55145
73346
48579
22477
75186
12639
29103
39577
68647
28111
38681
79867
42835
13115
53368
53732
16856
33946
58236
41978
87093
96369
52795
13451
90276
3639
8484
94836
37964
1059
13400
57239
88505
42009
83315
38175
43008
3512
39975
74670
338
25524
57781
83493
82845
47516
58185
87870
49308
68306
87462
56555
44482
60696
48015
90768
95680
31156
65941
67238
55977
26600
68337
21505
10909
55250
12651
34603
10948
6658
57363
68397
65579
27130
88378
80095
36449
31127
18747
34836
96850
6649
60655
26750
82729
3186
28108
13531
46405
74499
66346
67305
38388
85314
19726
45459
84937
80966
43660
89101
99438
62076
38194
63943
64178
2550
30872
68673
45804
98494
64782
49226
62487
38101
54019
73911
3759
38101
53272
43941
15016
1091
50829
36689
97822
9848
35048
4871
44470
89688
3150
83846
20631
37999
78190
91376
33472
41253
75153
39414
74303
74143
10341
15897
4550
2906
79564
35991
61810
95479
40127
6909
98765
74812
19197
98126
31861
38501
36866
59729
68998
7806
76049
85638
5836
62236
53368
75553
28897
62024
45229
9735
40265
60169
1559
14133
23517
58154
35981
59833
3376
64989
15716
10468
12662
77972
87067
3967
69233
15316
63073
30902
82939
95788
68782
50686
57967
78528
86550
69033
29550
47440
68857
85309
75623
48839
89402
6803
73827
68496
84522
18455
32147
64778
96515
91179
7536
58285
67993
9718
41004
15184
52148
1799
79957
51403
97650
54389
28976
27886
38863
9987
68761
3342
72171
46106
9624
60189
27426
54522
697
21875
49881
53337
98950
35313
92429
84549
13107
836
80594
72573
76768
93935
53412
45028
72277
37945
2208
46126
22301
54949
26245
5106
89656
43309
99309
57426
77510
4619
94530
54807
1940
70245
46069
41703
16692
58237
35802
20434
6048
25064
80687
74947
25843
63439
62280
74060
65000
37458
83645
29040
20303
39322
60945
37513
25722
98127
57046
5936
54217
70495
42707
6244
14776
95291
27298
88808
302
208
35417
43451
3053
6723
18411
73016
3456
91706
80512
19883
55424
28952
68162
64819
36713
51932
18034
99676
6377
50265
84418
60704
13065
36743
69802
97642
27656
99156
63855
45225
31669
81755
55505
58392
78906
24864
20358
70248
61939
27979
1475
32669
57355
91633
95353
3489
94064
36370
26900
51309
87535
93347
47356
59231
9447
10449
17262
22198
17072
20163
42984
49124
49586
71119
19743
627
9542
33802
96702
15939
86920
52833
20388
8428
50426
33121
31581
38191
26145
15239
87761
2293
7172
16624
58311
18494
89521
89453
92893
16654
9378
73536
94762
93565
64691
3104
40262
31522
40118
60091
73330
28751
18512
53277
69580
40674
54414
42672
8359
84971
5429
21505
13161
20580
65891
14445
20885
70971
23904
49953
18613
25457
67603
17121
42982
18778
99409
22925
71646
58842
78077
24496
48966
45243
97506
22845
78746
97079
28556
69406
85728
87565
95525
54843
94480
65104
32491
20734
99457
25686
66360
59095
3205
89921
3270
42113
81028
29450
52892
55051
89945
82167
11216
88966
77304
93409
36564
86696
60197
21138
95864
25525
40636
47183
28615
62983
93433
43690
74533
68460
13818
54238
37493
12579
40071
62388
13209
88778
72757
37008
90960
97062
96668
63299
50750
28608
74134
91212
16406
51717
19114
58829
92442
14535
80318
77291
7895
48061
58578
95970
13906
74108
58793
1838
33441
97248
29988
45383
41377
87171
78376
26908
61045
38485
47796
21673
99381
28655
49476
70119
7006
81610
88807
10267
41804
84474
80672
83405
35017
97962
66817
1285
7391
47155
48873
23342
59561
78692
28858
55782
65675
22864
5320
50918
32131
4652
7780
54766
44365
6445
64700
23637
13782
97000
90961
6374
54189
6128
49642
67865
62531
42672
89902
11600
52231
24540
87846
44292
89127
13843
20467
13963
9760
27666
84135
44401
59694
25540
28547
83508
75574
58388
14666
80847
48784
528
20899
10531
50878
76259
15592
59631
71326
35625
85937
9415
16697
30140
63421
46944
47017
88575
14234
57976
79863
95347
69351
68604
75647
29624
53504
22694
28567
31943
34844
4943
26892
26947
57827
45240
13508
45825
40691
69058
73071
60048
15883
90671
95652
59238
66861
81308
18406
80296
67968
82694
26609
22358
65367
77941
3276
62723
46543
76392
52653
22587
33445
16759
87000
18223
93
43790
58393
73203
59287
67690
37658
60311
85062
72664
91119
88000
37611
1182
82460
45554
35621
3980
31829
73557
77326
12280
97187
31844
46042
58352
3960
95791
48554
43313
38215
23632
25442
26906
35836
2412
41286
93039
45641
98274
9661
26953
17847
7943
32926
25184
71021
32626
40042
47844
20378
72931
86994
14226
8243
74036
43872
37420
63502
33991
30254
91337
31041
24855
76266
4422
54450
66336
80535
78374
65679
34634
8235
37271
33879
85415
22500
22795
52306
19124
70729
64602
96953
19315
53640
71404
73510
50233
89398
7944
80241
8559
47757
45813
53576
86080
69859
1929
30467
14944
8197
7501
56976
35275
18211
82435
96116
46058
8095
25383
39591
74584
6587
68040
7905
27121
39916
83753
31192
64104
18486
85187
39157
76780
21534
93510
52702
29095
33674
12445
62064
68518
31130
94557
96727
2612
37394
44256
40883
84290
68171
62250
24908
48071
63679
99570
28062
92054
62734
55799
60581
5898
7505
25736
54315
3821
80440
71517
80273
33390
65572
73068
28671
95871
95269
88786
32551
31942
90467
40451
89500
97770
27513
21657
37735
80775
67979
17394
72538
81839
69144
13952
46988
21296
52329
72914
86929
9703
43848
40779
64311
61251
19080
66643
15293
17570
74002
4329
59941
92790
20499
82549
78843
46877
51864
36865
28685
43604
53130
10660
33556
51945
37218
48782
71695
5255
72346
27185
88429
41278
28774
84633
5195
7861
13643
48413
61824
34162
81551
75009
24699
35257
5446
58804
16913
39178
67546
97171
78202
99786
83194
38627
42259
86300
1922
82309
26887
20855
39459
41570
68530
69198
82008
32340
96855
76394
69878
97690
37361
79393
11348
34114
50383
21367
99657
42107
63402
38902
6097
83936
30246
92469
405
94821
55531
63023
6000
60286
55602
43152
32087
42056
88292
9888
37242
7624
72958
78116
69830
94506
39528
98432
99417
19184
90742
81415
375
22891
35260
1414
73896
31630
50992
57311
97929
96197
67811
45141
75850
69487
16665
28019
14174
73003
78196
72521
97200
2207
78104
57480
42220
21278
18783
51094
12752
1796
7165
95316
39246
67046
37260
32687
46794
13860
12515
60085
17612
97298
47909
96313
22406
79988
74634
5998
39192
67556
81201
30987
40765
74341
64018
42227
72707
89467
27741
40064
62694
42348
71114
98952
98817
98827
17567
73773
89738
54406
1483
59272
72736
29418
823
21552
67012
12456
14739
1146
79140
43057
20816
20868
55108
72344
10738
18480
39136
91238
95489
64117
43313
69847
91572
15517
54043
8763
48302
10278
1407
63260
52853
93662
95772
64758
54555
32951
92306
30432
82826
74884
78556
21453
94165
