54036
90530
89267
27326
8886
97045
10168
56749
62767
75292
63634
87662
96588
69301
67972
13129
34538
42918
22445
62840
65041
5115
71313
40170
12666
90498
70548
88005
85542
22062
55690
92475
40196
48196
78158
12727
51062
63996
24289
7011
45499
98143
56510
10598
66786
70908
19232
9421
57367
6296
33418
44854
12517
11923
63264
79661
40626
23864
76005
52885
80494
50586
31599
52369
68271
39973
32878
37549
17112
36554
38735
52343
71156
92195
93011
78166
22073
42874
49967
90521
31238
66581
83585
99084
83481
92938
52385
70859
9399
43852
54084
58714
52395
46308
45113
83496
23860
73371
18874
46923
85360
37505
33567
84590
20203
81544
55566
3662
8423
86932
37475
88224
99016
46304
81403
96746
81159
28066
47446
20769
92180
94286
54947
21648
64220
20050
89852
13094
3801
2376
75332
11224
18918
39836
84767
31015
56828
10235
76352
68235
92359
73013
6757
69375
11338
75465
37636
58573
66657
47466
83269
60139
45540
28044
60189
28085
75714
79002
90391
69904
15484
5683
78563
30863
18120
23090
30744
87207
34506
76726
6917
81915
19648
51843
3276
25030
38426
82256
41234
72099
23901
398
99727
88876
27501
54034
64969
8200
14587
51826
87517
85834
1168
89911
30378
66066
97969
54710
63838
74991
26570
93364
12810
69657
98989
92543
90708
84612
6906
8782
60214
33940
49581
49074
45753
46452
40597
9162
85135
34483
72701
38748
48482
22617
87299
17830
71467
91663
90579
96384
46826
25339
81771
70858
93212
82368
10707
45223
73696
55077
61623
51783
67534
17086
68090
87500
8342
7315
99940
55307
89358
45269
27266
86663
2258
23470
58825
61583
19780
76874
72609
35398
54420
86279
4852
27751
25564
32948
40443
28582
45602
85070
52459
28358
91980
63181
71469
85326
66552
1300
26291
1295
56255
93280
87028
89226
99790
89756
58515
80905
33903
90089
17713
40981
39780
55806
62106
24895
35194
57322
37847
42507
61266
54088
46145
66688
94035
99811
84344
56696
70516
59041
64122
49869
56523
19154
63463
11952
99248
82646
11271
26352
1440
28660
73976
45651
26007
39792
11950
24918
89949
476
267
5667
34755
86638
63085
21757
66766
82787
53869
54092
45435
82376
24684
69664
60066
49983
66965
42314
76285
49773
73448
67519
52389
73680
66358
51567
22657
34896
60487
76703
19821
27492
81443
18112
62120
91397
39165
16076
61699
63432
64670
87184
20592
39761
54073
92177
68122
22848
28041
64842
59288
76898
7168
46264
97524
69773
24135
61872
67239
36475
42073
24857
61579
59584
25197
48875
69148
25375
12573
5407
39699
80866
78783
66676
83348
86682
26298
33743
70396
33355
43501
61216
89632
64569
79639
54930
91771
29874
33339
37044
91719
71492
24885
44183
28395
35132
24123
48561
84116
83071
35614
69480
46849
79288
597
73155
58151
11059
61345
42504
27186
9167
47648
35370
6936
29779
87470
39569
22589
65021
14200
76242
14027
56430
41486
99158
4475
95718
3283
86954
35547
10637
11530
27724
15327
50267
66794
50940
10539
3661
68244
70386
76512
8544
8472
63584
59315
32628
5986
28164
23346
39132
23589
23653
54559
80197
44391
28398
64684
97161
28892
15608
74961
45037
56310
79982
89288
22
61294
26926
76142
53515
13139
70066
66245
43872
48839
69586
38634
27982
63548
83851
11702
48799
82457
99843
77680
12040
86635
54135
19183
45551
42014
55446
24632
78205
85513
72238
75741
41709
55190
54433
14688
68317
12348
16950
11237
30204
92685
24646
40762
42134
40865
83142
52986
28065
28280
58100
58231
34456
27339
16692
83048
58286
17254
9360
50338
46207
26080
87340
20428
12706
71697
82056
89003
19839
50434
56143
75450
58792
36205
72676
50826
74464
95314
19150
48573
78215
92494
65785
73029
1096
62275
33950
70907
50107
46446
99808
59120
43402
53152
60718
8703
16901
76089
47510
69022
14343
23271
74421
79083
95624
44044
80328
53466
24100
10255
29807
49266
22556
2945
10680
17374
19684
79434
85824
16563
44130
47346
31409
22029
61602
51887
21113
91413
91970
90639
96478
60787
87987
6109
97208
30703
4956
70492
12088
68089
41576
69346
51091
93673
86210
11321
32333
46551
59919
39592
23737
17629
7887
97322
78543
21889
54229
4274
56295
35772
1670
34564
26460
60452
27242
46640
10542
84373
97850
5671
30381
9119
5493
55863
95244
71586
889
45603
78407
42334
86390
81875
5087
5150
14355
92051
97949
26042
25478
952
3788
1245
53121
88966
55620
33289
14294
83068
8052
21779
5709
46731
20658
71257
24182
77013
54002
12363
34688
87498
86027
4493
16485
54327
52728
38237
27995
29202
66321
84107
44479
78027
66591
40424
39087
86770
16632
17688
97459
87169
62931
59363
78811
94037
41505
39728
62360
13252
26809
98300
46868
74886
88130
67294
3302
69478
39433
23694
15785
17134
42907
50733
84451
78884
53901
24909
5271
27670
75532
54167
86592
32365
24906
80449
9845
72362
99733
25542
92790
92601
74047
3018
67640
29258
44810
41003
43555
84906
97377
60648
83259
8585
57106
33352
86870
41008
46838
96183
42589
18067
75559
39370
73497
86784
42213
92373
82445
77081
50477
25744
72947
89963
95253
54835
2949
8161
99667
78393
10491
8808
52601
10174
35537
59361
21065
64935
50621
7799
89164
41497
4464
36010
6009
5073
77339
31331
8568
8610
44727
45359
22297
8667
46672
51437
32346
25151
64266
82635
61154
66246
11795
30561
84490
89931
63363
12032
67278
1741
46166
65387
3009
94743
49106
21142
96081
22189
15051
2751
35140
55906
7822
52342
67270
24188
70833
43639
97846
41822
23362
39657
8924
41857
72500
76294
10240
93785
54139
4623
11185
46078
54698
4450
29591
62335
6798
89637
33721
29771
96746
61698
47527
6406
69413
32351
36095
38981
66989
28014
28100
27542
92103
9584
25181
34538
42901
89453
94340
36439
27963
4299
38764
94052
32305
7030
94941
74090
72184
74143
9474
89016
46127
85798
7722
34779
62269
25075
78184
96772
98047
60154
61503
63218
27232
18591
51023
32121
31461
36365
83034
23064
98661
66065
19136
8321
99127
58349
622
59104
21551
88721
85329
62268
45896
87721
61090
353
27783
46755
66762
3592
69923
14116
41720
76355
60151
66113
67794
72463
62727
36805
63802
43927
59822
16452
42156
15851
53519
83626
39457
46633
55114
18793
88570
17024
8167
58242
8343
54241
14500
86385
48966
38031
58199
31735
45909
54429
51711
27289
3426
59951
60231
19564
49828
94017
95835
62210
81016
30669
11210
9893
36247
91971
64304
36075
30620
54935
69874
34309
2506
71469
1662
26894
20942
86489
59791
96944
37946
83271
71994
80401
63795
7004
54408
3017
89473
17678
17924
23999
79840
1617
69465
52813
13497
27327
24051
38524
50889
65814
13179
92112
70895
8105
47733
91346
27940
3438
69600
35087
46644
10442
5099
59316
89060
577
15505
683
751
78238
25184
95081
66281
85104
96238
28491
82134
37707
10071
15277
85625
6635
10888
65145
62088
83391
63944
14124
89416
96667
82180
37240
68978
33611
78928
30927
35017
93666
11487
51798
30797
52633
90611
25012
89121
42864
44344
90298
57236
61793
41147
36596
61757
5540
96856
87276
17898
86868
12821
37128
49128
37540
18391
9521
98308
13940
19969
97597
79442
21810
90952
76880
40344
51042
72144
28330
80866
64707
90609
90684
98749
17820
46419
68802
15746
90844
61400
60812
70344
10507
31723
30961
50230
96250
77066
47412
77598
14457
33085
24595
53442
44598
91036
58291
13193
61511
48696
18252
45347
16271
34
67991
77215
54453
57667
14225
37433
45034
71706
49565
63626
5838
81375
41123
35376
2073
11666
35073
77644
63437
6293
92544
97803
12171
70331
45809
90684
19584
81191
65361
70313
11783
14955
58274
64487
26671
26596
76140
38884
83780
17244
96919
1095
66077
19408
59203
71813
28621
31942
69659
293
42782
40557
74857
44334
56724
66786
87192
31174
2934
98598
81298
65033
11804
69204
32118
49462
96644
67121
48709
48238
59932
80173
68897
17231
33259
98888
19068
1482
4095
30597
10636
6667
1397
4567
40181
22216
9015
80623
83743
94506
50987
8966
27454
22892
45990
27269
56450
78793
59608
22654
31924
28557
92528
30755
22227
74608
30362
91856
18057
16110
46543
34941
54098
70385
93571
14525
79838
89355
39864
82247
70880
51480
9556
35460
48664
8989
60840
48451
81358
22619
94750
58385
71548
21673
20796
47764
97406
85872
18437
37862
63171
57315
24107
83559
32081
55786
42358
38934
60268
88719
26658
45152
23700
18331
466
77398
31893
72733
92457
76028
51908
65286
41083
78575
24056
17034
83161
63895
36770
60712
78741
17497
42264
41699
40284
27962
36884
21151
27951
28379
465
29697
44857
3837
87543
16197
16184
96280
89932
85442
64294
51414
44959
21068
98327
68830
46576
45551
21243
36174
27560
77834
19862
50932
20236
10946
44176
59256
70382
46929
1063
70314
74427
94438
84497
36710
33566
55593
39451
26831
70087
2942
9915
53319
30981
74890
52784
63396
11831
98451
8867
41373
69986
81932
9847
21452
60223
6922
65745
59795
18342
88953
21309
68846
38587
69205
91692
74005
39300
45884
87906
13030
87872
53163
