1 1
1 2
1 4
1 6
1 8
1 9
1 13
1 18
1 20
1 23
1 27
1 28
1 29
2 1
2 2
2 3
2 4
2 5
2 8
2 11
2 12
2 16
2 23
2 24
2 25
2 26
2 28
2 29
2 30
3 1
3 2
3 3
3 4
3 7
3 8
3 13
3 16
3 19
3 21
3 23
3 24
3 25
3 26
3 30
4 1
4 4
4 5
4 6
4 10
4 11
4 13
4 14
4 15
4 16
4 19
4 20
4 21
4 22
4 26
4 27
4 29
5 2
5 3
5 4
5 5
5 6
5 10
5 12
5 15
5 16
5 20
5 21
5 24
5 27
5 30
6 1
6 2
6 5
6 7
6 8
6 9
6 12
6 13
6 14
6 16
6 18
6 22
6 25
6 26
6 27
6 28
7 1
7 2
7 4
7 5
7 8
7 10
7 11
7 12
7 18
7 22
7 24
7 25
7 27
8 3
8 4
8 5
8 10
8 12
8 13
8 15
8 16
8 17
8 18
8 19
8 21
8 23
8 25
8 27
8 28
9 4
9 5
9 6
9 8
9 10
9 12
9 13
9 14
9 15
9 18
9 19
9 20
9 24
9 26
9 27
10 1
10 6
10 7
10 10
10 15
10 18
10 20
10 22
10 25
10 26
10 27
10 29
10 30
11 2
11 3
11 4
11 6
11 8
11 9
11 12
11 13
11 14
11 16
11 17
11 18
11 20
11 22
11 23
11 24
11 25
11 26
11 27
11 28
11 29
11 30
12 2
12 3
12 5
12 6
12 8
12 12
12 13
12 14
12 15
12 17
12 20
12 23
12 24
13 2
13 3
13 4
13 5
13 7
13 8
13 9
13 10
13 13
13 17
13 18
13 23
13 27
13 28
13 30
14 1
14 4
14 5
14 7
14 8
14 9
14 10
14 14
14 16
14 17
14 22
14 24
14 26
14 28
14 29
14 30
15 2
15 3
15 6
15 10
15 12
15 13
15 14
15 15
15 16
15 19
15 26
15 28
16 4
16 6
16 7
16 9
16 10
16 11
16 12
16 13
16 17
16 23
16 27
16 28
16 30
17 2
17 3
17 6
17 10
17 13
17 14
17 15
17 17
17 20
17 22
17 23
17 25
17 27
17 28
17 30
18 2
18 4
18 5
18 6
18 8
18 9
18 10
18 11
18 12
18 14
18 16
18 18
18 19
18 21
18 22
18 23
18 24
18 27
18 28
18 30
19 1
19 3
19 4
19 6
19 8
19 9
19 15
19 17
19 18
19 19
19 21
19 23
19 24
19 25
19 26
20 3
20 6
20 8
20 9
20 10
20 15
20 18
20 19
20 20
20 28
20 30