221269
909135
655784
970744
417563
379061
873981
670529
835681
291073
496749
31779
581613
219949
708701
465310
847795
401681
504717
525721
267979
460831
992803
869097
589585
640414
412023
128239
513793
521105
333277
203213
452501
328646
646417
352031
923811
79501
701607
546365
776868
572137
71041
629217
230963
402971
295423
511396
137201
273565
65045
689601
570943
440002
362900
449576
170279
566997
160985
301481
403181
26285
494529
840199
255907
557677
268590
378796
583463
450721
666286
145006
695685
66085
129401
434686
977345
42883
689271
110748
400517
734385
903381
547831
998222
161665
773941
724397
159400
314089
105948
202255
551313
446253
331901
151438
145360
920160
710191
51111
