676069
774961
347889
804733
672876
621399
763105
148239
515623
109680
289133
257989
363401
526001
329608
342369
182390
532866
946171
711871
546031
474073
807552
276681
722713
787463
757033
924685
185845
416463
903751
869922
755553
699117
378845
127875
407685
388617
713631
443393
690971
202705
472227
851681
762773
563450
199437
960009
513614
46691
965685
786447
343236
268145
216903
619241
623485
807943
338905
592189
927751
918913
921358
840401
656526
192278
897841
260516
514986
386281
63961
540376
683399
804541
713617
267489
854070
123425
980027
118270
828105
942657
140876
829267
778793
418701
507655
494798
188885
71424
186914
244835
476636
311553
134189
304961
917161
270876
772401
487105
559271
818981
269961
743777
396804
522538
421777
536001
27171
750965
158017
283506
803657
747177
910885
954881
529138
432701
226205
898601
857136
151712
534155
558836
401601
705153
808450
338391
705788
694305
138369
876863
993476
460867
526846
830440
942301
302568
985669
267725
539745
133376
979506
516971
951915
333037
953719
43116
352806
856897
371241
711629
902119
662373
993265
69513
405770
190751
936619
860997
430121
426751
97499
803556
931713
506676
563001
41648
890065
328911
872031
636341
375053
543237
181525
114781
415086
745492
849701
566617
120351
872229
849057
704871
897326
122156
934345
852601
906254
282536
755429
753111
937521
603205
289207
46297
819521
755580
605386
84517
25309
950717
968733
615219
370429
391025
85236
727579
982251
869479
524737
987917
315149
152311
859640
474687
534711
703685
187633
93156
243725
817710
799676
502521
417748
336148
162225
195911
51876
891522
435123
355406
437569
644046
201914
941953
564403
202640
398047
96281
503147
743573
66023
663488
767966
104869
924537
394433
640225
596651
265663
584989
309232
556358
256887
381357
218042
474297
15466
129476
205865
807493
205601
403321
220263
255901
245756
755361
671853
331701
701328
662295
595209
678245
692889
142305
271689
902313
646353
975569
184103
258783
726097
88033
775230
491709
488501
618483
410876
241431
266276
190692
73945
634529
477734
436159
647081
452851
592376
690055
818885
976353
947089
643601
821561
860571
533551
453753
74595
600877
76799
881783
221667
312137
664125
399361
929124
246117
268821
380218
342157
280257
565833
647476
315689
826761
125305
25356
9368
761476
562761
618551
73109
442987
308881
440641
335433
239781
697482
781818
212561
585961
981445
3941
214483
485151
415473
955201
760711
222661
36601
89008
760741
679153
306519
492481
11097
634370
600041
462269
783843
574081
566657
800313
908701
10145
289261
213201
651156
228097
10817
544848
137988
483279
933461
117101
39817
138216
998479
724189
268951
727741
435177
931689
315634
762317
473182
599486
633605
740785
931524
399813
926090
985061
171353
764301
846734
496026
115161
934266
