647585
716593
514935
821563
342289
358741
986852
902675
356989
882183
789257
735447
163477
77233
170226
639327
387815
47341
663201
375123
261697
496281
541126
826055
915393
123947
743629
751681
299326
150683
248801
745321
643111
374601
51195
851736
361671
645249
739011
825141
372104
902349
800366
138441
345478
568501
364647
424495
748305
558521
778941
154297
620278
37490
608781
871797
905601
212921
809759
326101
381833
565207
491392
355717
874311
404245
64831
371457
367297
556196
76371
146523
47546
944093
167881
416631
982947
820093
572901
505974
528821
595435
57039
937037
61355
427507
414929
752727
893521
712561
669693
647677
403819
218546
248043
891323
335927
925483
242111
528021
357357
192446
424413
874745
734085
932061
424139
582881
399228
642538
511405
308768
730821
929266
224385
828295
424575
31714
8565
724441
595887
405606
500096
601648
551266
739128
672378
435269
856025
122596
421977
776191
790761
704201
860926
548109
807445
627973
952995
563626
472476
544721
351381
564921
409835
250365
218482
534591
340551
111751
423633
434687
632949
29097
208860
933176
423349
851952
780081
785345
605886
149697
774489
305577
14513
485361
25507
752174
380950
137603
593410
402721
474090
606751
212046
421240
820276
790424
386939
62570
811751
510516
540449
80806
818927
351676
700165
221505
207735
509456
596671
725835
756001
638866
724164
685191
626201
678783
374427
891899
643162
899300
151327
719997
823233
92390
748713
725673
508113
958312
609511
896314
213119
698233
204586
717087
881657
571617
232876
89993
728641
141737
629825
187969
996929
978269
329234
557953
475392
761583
156507
573270
859377
179379
734200
641190
157280
824301
920081
628012
308575
597255
380181
927843
500075
365675
337417
335367
248486
528681
487065
680671
77911
385256
525921
754829
635446
600833
82329
257781
135605
234243
104965
993201
213536
412625
538083
322701
540236
166830
98497
156099
282169
131221
164947
992321
185163
313181
192137
56011
114041
996013
338735
217254
142976
372301
322623
510773
580009
386337
249855
761321
861485
837407
445145
633156
304577
317968
262583
187751
466451
919324
206721
60625
174106
23881
249904
502879
219028
391007
66419
443503
201561
571626
182103
235545
853561
36601
561478
576269
332865
424826
181521
249177
702145
631797
699693
290920
734377
242201
723545
953901
648030
552100
449952
424282
340733
861001
915241
993126
366561
348530
663843
879086
637497
710826
203087
542451
806913
788503
758472
581301
633227
847401
980543
494425
490581
731781
387379
895328
367830
245573
134132
852170
724499
30126
930296
876601
763686
87793
491823
381038
311393
322147
59921
310011
359303
17603
244405
9948
516903
364097
841230
626685
441545
307388
416827
690457
254685
784987
337969
843421
733793
948251
45465
222014
718363
366237
216389
581469
29957
20047
395565
237982
257361
314981
878407
579660
133851
45209
723851
273169
806790
219841
152863
570685
332776
659829
218201
742065
686977
404331
842216
468330
684278
744995
933401
27751
655376
236775
562425
885837
98614
13067
198139
506461
59085
812865
334609
128193
514726
173831
591889
56825
340841
583086
612476
664601
522832
340569
643151
587981
228055
267731
495610
632709
472441
741833
529997
44677
973614
494957
334373
505331
893617
516887
274363
787114
790836
945011
144201
740514
74466
176721
941041
972234
171769
95439
706701
226689
304331
16549
435787
881526
233816
361339
191273
869822
166201
725721
747151
160211
417961
852403
702889
90541
836685
373571
947452
10506
933264
35021
636557
193963
321761
759959
120181
816939
608621
876417
672995
575155
667956
574379
596751
163173
726739
719629
924347
768716
157376
514197
483881
982291
347137
415651
143961
116715
166969
376363
536471
983981
996111
377735
887465
208325
761874
849720
320257
269175
510541
282765
335159
696457
477128
474881
927915
348008
361789
949206
166193
766501
192721
570311
269621
263896
319688
375326
711969
387221
276366
632124
269265
680816
868045
951705
948457
394581
701475
763784
366955
144128
393153
922613
987218
247201
552479
579181
156497
922175
142611
412161
181276
948739
881665
484191
979140
61039
497237
669219
714241
126437
542056
503681
23895
62948
814198
89545
548392
931737
137217
30505
728281
414209
645708
904616
42901
198177
41074
764043
35201
341461
403544
436841
826465
46581
249976
978855
397957
610773
701041
954481
603266
109701
569073
370996
307618
880497
120216
609044
581907
841366
224463
427744
468462
975607
791547
80841
178714
116656
870241
144631
599505
692521
669433
731111
138870
435323
455783
926501
113889
474449
144498
927625
952353
269336
826833
67441
859761
165626
80041
402406
733001
384481
210054
360641
544095
784120
457695
258552
171146
662051
735305
281156
332201
667844
65727
523217
102095
696245
914601
123525
963121
347391
188467
345781
781037
679516
363393
996142
654876
498193
878891
441696
391797
246529
343041
487137
843932
169591
402505
48143
5460
511841
892330
387313
763933
751603
753353
707901
339497
236481
640337
786009
463081
442021
550563
952228
430591
654921
462985
798021
77441
918711
620905
277891
851553
38439
947863
271196
810016
80273
937501
727657
564443
830385
805471
507081
944771
574951
755986
611153
599044
76666
691559
58779
140905
645161
751559
56961
217875
285293
176161
875891
886205
524965
739946
315665
936039
245161
911167
68200
784995
576001
768785
232481
615933
230786
519701
240572
318533
262499
724669
998849
930574
361069
383775
37124
965957
993369
187725
599996
326699
886507
399241
843844
205657
81887
260225
327310
641165
756335
425729
25179
228166
769294
713281
18037
241063
486711
598103
807461
954226
272894
119085
615471
651017
818441
209633
752453
755245
246461
162476
479081
332843
942571
637247
178151
756851
496577
131643
781105
587243
766062
932079
503649
842720
191589
617435
417983
611041
536289
528295
272191
101675
794801
916965
790472
221094
869843
204681
904465
980357
412829
992831
117505
283156
345710
619461
849725
926635
962265
136481
764529
425771
84021
54223
331937
577961
752958
146205
701246
137989
682898
510369
807485
409759
773677
6741
924041
512582
944045
623092
216311
838883
465393
556177
343556
546429
334931
181025
415283
720723
162209
222009
371026
30371
233551
910480
395416
709691
616021
134600
803593
419522
373441
668147
158317
123831
252065
94305
835444
972458
51685
802513
298396
140739
954944
244401
981763
829131
778852
935337
592573
737299
411098
705605
115073
384511
960975
527061
714917
952561
393801
248513
512631
174361
333937
776551
164494
901801
597428
580455
894865
198845
79873
38357
761831
788156
195905
177481
459116
67795
301069
387289
588387
703013
987881
642853
480257
837683
792256
250185
492433
197741
43675
744293
119517
190869
711137
109161
178779
98591
594960
373407
247393
792709
721577
295832
893591
668221
535242
903925
813305
363372
804481
822049
297047
960890
484081
89765
751377
388021
189315
679124
864869
149549
426945
30335
197231
865335
268649
225783
761153
102463
725459
279325
239000
528201
146863
442897
65001
505055
452745
740596
669108
134313
231108
390982
96483
287256
684313
28981
739026
339885
273809
247991
623207
582011
781681
650171
55617
587921
433112
829027
92706
459414
652159
363293
895004
758908
724853
840201
261167
852540
35753
91897
846301
399357
639391
616463
979052
795089
253305
907460
481471
807261
852532
637261
425596
737940
671808
142113
596874
595881
19751
600371
702881
887995
920641
485841
263595
146041
202403
581361
365121
543801
388031
677909
96788
209761
719617
512371
119659
332661
614131
424070
697021
694863
416401
411481
804094
911093
542657
762485
313361
906443
718801
943333
667525
82117
591927
33473
827013
342661
853262
927957
801691
569697
739551
526315
436837
258264
599193
554428
579329
311431
810236
250279
691977
452421
219211
249481
268096
921871
439811
866626
182687
715617
639293
894874
514217
978801
20566
191364
821641
965316
722889
223046
622225
935138
270564
392525
794619
82497
801277
797
627349
569971
131571
312701
440783
496958
525366
435346
211951
483303
351613
385826
648035
777079
347633
6155
782881
505171
995127
635641
380080
485365
103193
101439
10334
924165
939611
158927
955977
160351
529891
794801
530431
526461
107757
676718
848413
193703
287613
846751
622637
912664
295068
574021
730061
177577
983141
544659
666701
997981
710807
797768
467351
751753
457881
475202
392363
609949
915181
333138
501863
91346
506568
908201
39041
602471
335661
240015
412891
378543
296584
743127
491576
327215
403521
916208
339721
567295
622370
980471
856751
233663
459937
964527
800621
995042
372009
895280
