190453
455986
317173
736665
249370
356663
154751
720121
421345
188401
108539
213793
492182
123921
643421
225148
798752
261456
29953
102849
540876
130049
631817
544257
231717
572349
643289
23957
268114
62721
820361
610413
384764
731278
239336
313705
146627
204805
502846
655441
624421
158651
234174
645431
770901
385912
573311
9511
795001
20907
882261
385725
70771
827295
791424
822989
929045
911585
942369
342729
781121
265413
523097
6412
31411
744993
861041
744791
752241
456413
669257
724896
865351
349345
419057
933737
42559
35465
836763
229850
541061
500501
433767
571921
927721
101935
56691
353220
271617
329610
648955
10865
778067
139175
19715
907829
349346
315781
850889
560001
181409
852758
648679
514667
376673
972977
735209
755825
220891
221661
38294
908803
194945
181464
296251
742758
160552
582681
906913
267331
202489
672737
507840
395127
789009
362001
316481
554753
515345
473246
732801
629385
921031
650864
168286
147687
900331
32382
73421
399501
603007
417405
236440
703281
704075
385273
645564
486502
32161
677720
684476
447946
895451
641257
694307
91841
70325
464131
455807
33841
425128
796647
168536
649599
264920
638635
264209
903178
906168
608205
553956
91564
45706
8001
688037
843033
393843
59489
296781
467265
524601
691178
835911
658401
375099
736297
675717
890869
53457
562602
887102
729657
563286
226815
397455
184921
970481
131061
91880
570017
364946
869209
739157
548407
596280
250522
942401
809332
335281
561345
240213
313909
749800
745628
109153
344681
315721
339701
652746
678270
111717
192750
15109
56017
433176
732609
102209
458289
692216
306527
229441
821467
311335
405751
751503
453408
136181
345844
694421
125296
641729
450101
239941
991597
577565
744959
51361
292277
326685
125481
521751
331321
444929
490305
200037
151782
372251
908377
145061
409869
744057
328065
869049
432705
697109
232853
275035
594325
190625
556125
843111
695461
607038
963571
748369
140738
775158
830744
973505
340579
62128
205439
583093
620229
989889
640279
600068
207855
43513
161144
184061
729926
184779
603966
209096
524151
699073
19009
804751
602789
68518
144236
24817
138709
190965
472461
719751
84309
550522
235381
857391
509653
689681
766919
275956
703051
802626
47901
256209
840630
118965
405991
299681
731964
115929
827157
49737
109249
773009
94481
71899
885336
169071
952393
435345
611153
130325
868438
416267
635201
445090
875863
290273
495556
227236
555331
238839
802383
865781
194116
970667
248601
714324
142301
322466
430401
236947
787887
93961
721921
134933
961729
744617
254271
32421
328705
182686
707629
463541
981881
133431
245203
259782
327431
553565
766745
480652
616737
421401
438401
206901
75729
150071
259103
484030
281731
251717
998111
735235
45829
869326
721197
138847
522452
301953
968470
981701
504111
145579
775105
403233
916489
362480
993789
267001
58151
867351
834009
573833
271726
121281
816521
243849
883009
382801
336373
632441
876001
130979
96471
937571
350529
534463
825047
958127
578606
189681
314569
261931
771670
594381
536417
614293
118133
323885
301433
648627
451597
420381
291571
423445
445575
748438
113554
507871
809117
622509
378365
218071
840911
897522
188641
283875
119989
567706
939855
989766
54573
472048
368311
153795
554337
78353
70311
681289
90545
326066
529210
591759
348345
307897
810847
947503
545233
17051
202141
807782
57770
405826
682851
689215
348921
176261
508066
799381
824985
736116
635492
589516
624055
653563
636659
616321
211175
834911
939715
322682
905431
694856
718061
372085
533751
789635
438921
705164
466293
643991
611631
593127
861357
850227
925083
918121
239821
491593
625877
841119
684581
491779
497761
801751
799850
113806
35721
383290
907271
362051
54371
409592
952106
523112
721059
242351
103479
496033
96531
332843
619229
431861
134332
10415
438803
918113
633381
182100
639215
999393
349521
696405
728289
896001
627165
975677
638137
720309
685401
606441
527034
477188
287473
99425
496611
102600
49901
209495
11873
198580
748913
277549
657661
620929
688981
702601
741217
720534
16321
85509
644943
971989
845420
758776
158040
981639
686657
757035
199183
881485
656089
161197
603991
617081
244197
569318
58518
91567
370241
407673
812158
718410
365694
993833
590209
358260
89743
205127
345156
958403
936833
896101
859274
187416
17569
201961
502317
76193
239049
249724
740386
809805
808993
114713
158026
364161
322946
678875
407154
763204
358691
92516
237941
594113
685741
485981
328329
50617
129043
17073
290039
305121
956136
118889
475207
476374
411403
878193
134121
593345
117541
624191
705389
841681
508813
821795
786845
383779
727581
792426
517145
254305
243244
945375
368210
587038
773217
796879
739395
143634
778381
764501
583034
440701
485440
11038
268217
374269
487157
696225
123432
58017
708497
972179
922627
252325
212536
207693
137341
69791
792421
695245
362191
632558
715261
937537
100642
606935
701753
484824
638497
563150
565532
779803
18941
857006
177425
383798
299894
550535
230673
302413
392569
464851
961777
584075
140035
105871
182801
80417
400803
485795
469866
979703
545801
463181
875101
845055
905701
607951
37233
237081
62493
261872
98491
672062
406481
883901
192993
88913
944553
510633
507113
871554
513411
538611
287193
592945
537247
562561
692865
220653
431691
771532
11816
645990
142901
917089
543937
451286
494333
226651
239649
968671
951457
607727
577153
347151
320131
694251
741121
886140
631393
26161
180993
469501
88341
265251
666997
539841
119287
884425
891459
553321
568525
911041
652737
444913
858587
550801
742301
17965
371126
606201
697201
722601
984199
554786
170741
433681
393315
483421
807933
416643
869085
749704
319201
766728
931049
311855
762831
569681
938842
469521
674623
714037
343725
199067
253185
45313
599199
96000
730191
882781
407151
364295
859371
736473
383635
317611
193138
669149
383731
267141
204129
846126
964701
34925
107183
238551
913601
197706
149121
204973
848344
444342
747143
781851
114579
278577
971782
50710
598537
142016
307471
826773
203572
902019
459529
561639
902865
666645
65029
954917
150493
345276
284172
258311
931703
876529
257249
461707
344961
9446
232436
103655
393873
819729
536296
636369
887101
243025
382753
416540
597485
538929
929689
602276
650646
68236
375178
524303
350418
554169
864001
957209
271046
257779
980754
435929
235841
724206
628854
994653
412736
338641
409141
356636
370041
354871
917449
44538
756394
115288
297801
976541
721012
174235
468392
241705
917188
571257
831947
319517
207911
894860
377313
114621
337491
322701
508841
522475
478017
237681
423001
719837
34193
227964
912806
512876
988593
915602
672149
517857
685793
169933
873201
603696
461216
997383
481649
577321
279721
714806
720895
646426
197238
898819
542432
361651
299671
858597
533154
427449
962833
909552
54341
881389
704551
302501
147997
173751
913285
35201
269401
964281
228961
638356
325761
843626
445817
146699
95655
662789
495348
933909
160513
687104
364417
236421
718113
884409
144681
426801
149053
987636
824622
214681
88591
981825
339901
772257
1662
651801
149697
581533
194549
279741
246808
423861
711951
784776
702219
44615
292809
602001
745557
604401
260358
506516
984299
404775
822501
256536
350376
602687
529527
524711
625001
744941
53012
948049
332207
130827
378283
80005
156831
546949
870125
470527
880629
108856
766005
275483
919875
715279
715179
822394
406009
404801
854701
518742
878527
809949
456813
967269
118309
363831
537460
673937
476637
813600
205357
187855
164676
995225
686819
49153
197171
914435
961033
854767
742673
875186
652236
989864
790902
79745
253316
817221
55809
244153
721981
892673
595916
521867
163001
753641
880267
375621
669508
47557
890171
916360
113191
287777
295027
51081
91120
237601
872269
808886
729379
357905
379243
613341
695222
585206
133011
64829
356436
799946
510409
59640
282421
411881
61403
928417
8745
848421
179001
643089
764174
323105
786550
199360
768428
251405
639558
689895
495037
625227
440917
622177
630374
548323
992165
415297
484377
420766
920887
466047
540045
486732
308601
523651
888739
794486
436935
645793
140281
394225
360701
706385
98640
832395
924063
692845
604658
924689
311501
105825
853186
426041
911509
283934
335393
930041
715307
332483
576056
581939
211018
939873
90631
623910
753377
750724
527785
657153
994005
584051
978383
762557
483386
682519
968952
340466
607308
635891
422710
314489
362124
896215
222181
184242
518364
951945
153801
825617
425049
713493
100423
482497
866780
349091
363297
398609
874543
321657
388169
746211
74001
690726
385751
221761
796484
665817
864833
595816
896467
811623
335937
583105
190204
177321
779617
713623
262016
832563
581076
607880
570601
101871
861098
14041
470723
390086
576091
447216
81656
476006
185857
598174
833194
401409
195089
981737
366143
617756
935291
850053
17381
23793
172271
405344
875017
111266
384601
695129
757769
23205
673217
367076
108481
209735
346249
515779
715781
854481
521996
922569
951376
309359
562377
795525
153989
434621
947025
863295
694831
370202
235378
868776
899697
193066
205869
215329
318833
456678
469713
687785
302113
270359
619681
290885
823355
359769
465859
820193
835545
169966
551597
916239
74365
582656
885929
489972
332632
751451
961141
175697
677593
122241
833901
980737
383129
209171
855809
103771
623257
790081
255331
243791
814795
941620
818331
681101
167241
91638
893047
439167
960449
763806
858905
918741
208649
255970
427577
647605
528713
801664
62501
361177
334941
591840
855681
497721
707519
19601
430398
905276
135865
417251
336257
691217
638163
2131
783171
816817
973527
863865
356526
588721
827041
25849
932177
42651
896871
368142
730295
825658
742696
992
662021
717427
271571
195792
783665
30736
186475
836727
974021
515425
466456
290266
411429
608761
2241
485781
128801
750217
616492
419881
824764
239425
244694
939776
331675
159061
919513
55327
972817
675753
462404
138807
748897
602809
562961
55723
735009
533528
86681
632099
217188
83363
686995
265045
200376
833631
215221
227688
946862
501119
122211
35834
370177
659343
927569
136751
309498
66749
435197
598356
923579
882581
591681
101786
472767
998961
568535
160721
58113
709041
597441
793338
420575
549400
541664
317421
436853
810121
552249
723201
733451
833681
655497
187783
922157
799435
401543
73403
248946
981699
594101
631138
49761
806733
430685
346853
284153
660897
259301
738165
899073
325463
439063
708376
64971
673436
852221
33996
643169
529997
649202
739919
972026
493725
454998
820614
997325
309681
824477
810631
377364
8775
648391
292922
332156
215829
392693
69337
588773
455986
444585
397265
343371
221348
212531
997955
50111
190903
129441
813965
359321
165961
393701
918329
282768
973337
512933
53615
671484
603899
730595
392271
517284
364993
157062
19493
268850
689081
713551
703283
360062
97113
158639
697481
566113
555020
987905
748757
524691
796729
60849
553951
827711
29961
708561
873931
157751
131401
267823
388561
648325
44701
268625
272193
10143
129489
658249
404133
481267
954805
351139
705089
151509
842412
724991
509734
750653
602870
546470
509179
762503
765296
827127
254457
432067
93733
88601
67770
101959
762736
912351
286871
697476
435257
936145
54021
902034
708359
769265
860369
678025
594511
864871
328693
85723
269081
743877
220730
200122
425953
142721
91905
154561
354190
892643
427809
932176
407961
235991
686033
586905
523361
195425
659167
771425
648461
991309
803120
164489
659898
742644
330483
89033
323288
436087
952261
664685
733529
6817
60433
734449
832602
334429
909453
991031
95635
235484
564873
231471
734891
370139
231931
344758
271288
534925
929582
325623
256893
863037
127071
454121
642167
818984
881297
661051
594561
74677
639445
606465
105571
393212
256746
323998
31289
273329
916984
360595
709701
666851
911279
434426
915416
888241
6443
11557
361440
667891
753329
185129
443029
496326
414044
946361
655107
867250
645305
129171
442201
358046
622506
171761
570061
806821
124985
410023
178081
150675
571594
50859
3841
948181
830766
457094
222507
204349
860609
907861
442121
465361
645765
878932
654618
29476
634651
549182
788381
881951
518486
663377
57271
495521
596853
23345
81545
298189
370013
353249
864081
22118
816722
198445
797139
194767
71493
143925
170043
322257
352860
870027
2522
739406
298185
560300
100257
697322
937201
326785
690507
980706
359671
341184
228401
764277
173777
864897
610198
840553
86177
345056
897399
804465
671701
897924
569621
637751
374946
459873
930781
628621
226013
182989
714669
911791
996399
499056
232625
861081
384951
585255
267751
579301
697081
592602
145761
940881
865397
404953
418261
938783
555201
50353
32521
522491
115033
776171
472081
749801
641491
751674
845698
269542
320513
433649
851149
493373
459837
499751
455368
562056
592834
763848
932699
635936
483941
275297
681162
297792
353977
380915
471411
485196
175009
349889
264421
708570
669800
435467
288145
825889
60568
572451
349672
351293
468241
153439
432641
125713
13126
872581
706881
478161
212673
396048
608411
212489
353636
587017
159561
936683
821131
970762
757312
328906
208086
454913
394076
52500
95674
872486
102233
951989
101857
347979
441375
515725
110645
554445
127988
359341
111696
3265
593151
90076
659921
798871
849939
813685
928663
42186
800866
405257
115048
793171
533970
746449
611521
662904
944569
784935
706336
26361
742773
572101
163376
797796
174817
708473
772621
456094
617491
249593
758233
224386
897126
165866
469666
342702
727518
970017
558473
936688
76611
807101
808013
757501
627221
556751
966421
801320
71093
923121
488971
336389
412341
48586
788791
804001
503201
241319
976780
525231
450025
634886
497757
31335
488471
969441
390040
770521
860595
231713
208644
196545
669151
877826
134367
935649
646125
356651
488997
321421
252901
196445
663648
938113
302145
270925
996241
978217
392126
298025
902873
824107
702153
718516
624791
281617
376325
109043
73223
215068
808321
330115
204667
777741
769376
933384
955552
164961
536876
51825
954401
999117
313801
240869
657706
160108
87362
229117
789206
87811
761468
333501
770317
108834
562497
170957
187141
475221
417063
50673
522359
911200
46756
515296
10244
165746
163066
414774
857776
10267
410401
154161
676971
240761
944063
425371
829557
64131
97981
960881
115850
374141
979283
249818
548235
540169
747625
378256
104465
434742
726577
779578
245620
953853
765951
904761
143481
300791
836351
175135
315110
798977
128294
729821
847771
665141
501937
911469
503273
743977
651401
553263
498671
52406
520720
600001
958331
661191
782583
564294
643886
122631
148775
97823
635937
594387
883421
426831
855721
28524
521165
135945
623678
191801
306476
270517
104542
137748
994563
915323
231827
460813
51599
938876
554873
620531
430311
316691
174897
463469
67021
347201
2928
109995
254609
662087
919963
828053
808324
151456
972088
464028
978044
881905
821165
971715
840001
592745
767244
988441
164244
306120
281162
831926
237936
959927
709193
210916
687951
480498
777899
520276
150729
132241
129265
892301
851376
779901
784289
390269
33926
926211
245745
283421
577448
914317
856141
41923
313443
66073
657901
329041
642001
728303
370737
35109
564374
671433
979237
81581
532901
711366
312881
113696
795053
936952
841316
181189
839849
570241
772771
883185
290289
455619
707523
598981
597375
395633
815391
787405
247022
159617
289525
587501
594126
963353
526283
198945
368209
149373
47362
578826
543269
499399
101601
455776
748801
142337
347216
102226
685589
524737
380917
711212
683331
298921
292611
207739
877112
475201
209746
360012
446671
658687
907629
260161
87051
375779
571693
573583
47916
637971
966757
589021
143611
959907
997691
382689
726361
908417
97958
433979
107201
859501
378141
142413
205565
868153
503311
538367
70361
681719
543011
752705
73099
293391
880802
485845
641281
643651
681509
295947
780051
708886
751274
346521
342405
199428
974393
664617
820671
183377
503104
273555
958113
855681
771877
744027
862521
139085
983323
26045
723219
166475
102627
741127
385415
280513
142769
487863
976345
68593
92714
69513
504256
655667
157096
31806
734373
106834
136761
218482
982591
309801
743248
865557
945781
881214
203677
768546
740401
663733
356945
224445
42093
985736
383321
117934
527081
285233
495973
840513
381976
263691
799395
415551
110673
363456
96438
364801
23981
329465
745589
722881
99425
649808
406321
548961
602461
88193
916071
506745
174817
551241
59232
537349
804629
134191
137949
630809
825385
796115
376077
138684
16225
602501
155469
871624
791981
539353
760091
196025
90817
134297
9877
826633
907281
130438
924696
845063
56019
334406
272265
866217
510716
348301
602913
551201
548961
58960
670208
489101
769601
318721
200586
686460
842906
777971
107748
942481
117803
582624
615071
805611
86049
733841
289721
185429
560966
970660
725781
329316
958501
427101
163737
610988
21355
236185
829282
850261
73986
848769
649141
842931
515361
702169
360473
727249
972097
657483
521222
296732
127025
129354
903561
269441
569197
477193
624933
653579
934374
289779
609661
264376
120081
3571
524081
162389
839801
150996
427617
292089
804621
821006
553809
449252
955265
1841
394466
450737
893264
414966
537298
220522
468986
552414
630601
890457
425725
299865
136353
573888
168974
331231
68097
272885
140718
261954
343341
628671
109943
727231
152561
301484
979550
546985
303321
771681
419901
534809
197609
561359
546973
300815
878454
858587
827633
595360
991831
401511
328554
301093
493110
62945
305521
985953
56335
999943
369999
926481
314697
274321
851771
288321
87651
269729
12501
194505
646477
144254
490583
537267
564967
870047
229739
404809
52957
940041
