630489
996412
844324
768646
371221
527201
241277
848569
832557
679584
273228
641547
867319
249235
14501
209793
909561
256782
516785
140901
607201
902342
619350
901511
984748
555538
908189
894521
975291
194213
660809
779585
514177
75031
194058
909857
775103
28661
362536
352714
475668
152093
751761
660581
99499
418192
266701
737946
65342
888345
57641
211226
138185
315453
998306
344251
283803
781001
925785
776511
337982
562561
479757
381369
227178
979020
820065
110151
456001
127305
834686
29556
415477
797247
285729
775826
713291
625001
185379
282369
652891
216089
677673
216481
897731
172036
121454
454125
770465
877725
542352
716868
334539
174975
232931
644263
421761
684141
386361
742261
214160
746637
272780
42601
918757
256407
67951
553111
397282
483425
381141
611531
515329
694297
234321
592901
894135
292182
545405
512198
645223
628192
349126
715736
281276
251738
159463
377295
477932
987969
221546
499521
112488
903871
539706
255921
160081
593305
112536
221501
300481
289581
486633
301105
579001
491001
566751
351211
719425
47641
99734
365561
547309
478319
353493
260217
492375
682897
526073
188985
463223
489430
322983
367763
681839
378736
580909
20051
622479
169861
101261
880801
796145
260653
448145
35101
154433
631677
951106
98911
23509
458581
304561
14411
69793
512453
201497
926497
619970
10571
454281
981897
212327
261981
966717
134961
419041
587056
402866
78029
159029
73489
289233
603509
672493
548254
929165
522270
547441
541731
395265
757108
632689
285781
392396
492525
210441
747407
216138
845353
722509
596331
125175
107795
602117
297212
885934
806241
826332
872835
479945
737416
206719
948557
645050
243329
428651
876876
222937
284329
265155
186543
340996
531606
210961
120249
109225
747351
255997
742221
243121
416281
819667
865319
602645
974459
826504
64049
504810
537934
661870
382609
879381
221831
912359
831926
434161
132201
68891
630899
711751
143841
289572
858073
555628
71683
380173
458595
525953
661215
341791
505237
119196
469185
848705
941378
150413
627625
125067
847597
424969
163417
606281
11956
991482
783609
153751
253695
824121
7617
529212
983967
301581
846879
943091
878573
153471
161288
610721
328279
909436
139082
876661
831309
836965
227599
836413
143531
166091
314881
156173
861601
654065
838207
121919
960795
11891
155841
38809
274793
649589
767269
351761
293681
487809
285153
13017
155737
954777
923621
414173
626745
703913
703027
286113
174287
689591
155766
82528
357149
661921
335025
315115
569941
834961
607091
808001
489379
606328
313450
106723
993006
614873
32174
603607
8511
407385
933189
104761
835444
394716
436951
130041
684665
467135
400545
15617
119306
410177
788531
418223
459261
192689
156039
731498
468128
258903
803025
424868
930542
421641
996060
329985
728953
238657
374571
780396
276140
999715
636787
379264
148701
465019
288919
437051
12045
428493
628897
320979
763823
194866
804065
455261
981128
735111
354064
372469
642089
918681
417711
119725
311502
10151
15322
778366
617549
96533
598965
950927
624557
105689
177681
410237
558270
443057
203718
667616
403188
773811
623785
731948
781273
738907
914401
181084
213969
206801
767259
972997
770741
739107
622657
729401
794033
245283
373541
31651
791084
936617
597982
406171
469406
196211
151074
344761
452589
169101
71391
589933
145484
420253
81497
735313
686745
665695
294993
688289
445649
417073
373849
715901
89745
638591
304653
471204
271966
646543
744686
668701
287967
489639
708782
504329
987213
687981
789452
574345
643277
428833
654747
362125
835401
799919
643846
816736
193709
504503
343520
681985
711593
527611
713419
41876
34861
692433
357266
172506
875908
380589
907824
783531
552577
171285
324981
321376
497890
43837
365140
410170
619049
178872
474823
324484
327205
124001
722911
929175
660281
643981
142973
434715
18843
578401
613490
725361
623731
165671
299281
433124
818069
751991
329866
324014
255249
880349
451462
847361
176333
973009
530501
246441
439661
536305
957850
478495
487751
340147
710641
421952
523521
733297
803324
83893
600083
987241
342371
931201
557061
696289
811726
2075
489899
639649
788456
765721
454641
315723
51077
909045
772201
205181
410648
137137
552087
370718
829931
621952
59604
925791
912087
352795
901967
929721
892809
499489
436033
480043
871646
238168
226151
707401
374623
403117
173817
89779
854391
837191
300481
263339
40465
587761
335192
778541
719369
897461
233012
76707
862761
739156
551501
305641
313096
192771
961601
227561
152321
620511
269312
280752
981336
359485
421769
403776
361926
300921
127799
21581
200851
406251
442624
707946
449878
492793
211025
708641
64640
590959
371824
717382
704797
407473
739183
658903
350811
650901
544077
481
524501
553809
940837
826113
738451
240900
941159
556839
966351
960611
479005
873301
357921
488634
705161
391169
526921
317591
662870
722381
61731
425146
603903
922520
262799
448307
634234
412129
765615
319591
718261
364840
232667
304668
196691
809828
423937
51297
870640
644421
424177
520831
855479
577737
555809
683081
87837
367232
755641
582151
613073
725425
66973
950784
427476
611062
644534
690041
100048
147841
79909
120146
442043
575387
386059
406980
952613
489257
743965
484041
151927
844951
752827
425929
274877
348415
51553
586901
100074
107539
125601
48081
339987
898676
118468
371897
899451
900575
611481
48546
668752
367425
460561
361446
373551
181377
493561
559497
660832
697793
712214
529061
478669
877529
593193
312017
711081
353274
783137
891036
782713
615981
783293
204891
552906
276171
442894
590661
911441
570785
97015
825445
481227
645953
362906
158941
566552
346769
540166
108677
568752
326016
560951
731905
945074
590235
807749
992295
372912
301140
408472
292407
939673
390493
889645
543561
481017
426453
401141
964485
740423
561227
872713
48192
759681
676946
794817
87827
898309
601066
895376
586627
930765
474945
437307
278710
799261
691676
395826
782832
343324
509696
616805
943436
494221
436376
442693
628949
739317
377191
345721
471991
239609
365986
194013
692494
856621
44670
657849
649443
708600
758246
919777
819366
333189
626929
202751
32238
91588
140601
477359
479445
523137
145281
521419
166481
562386
682216
661899
846745
362777
529062
449177
204996
991237
147231
952661
987101
647777
705671
340086
855873
888881
694855
897672
983329
285541
216357
483193
988905
896181
651501
212093
543780
247137
913405
60795
199181
515977
55082
473901
950641
711459
737361
817641
915337
740406
450854
622689
415873
488101
693780
537869
794119
72994
719574
496466
396921
647921
864746
153561
65097
989126
624089
216571
428061
634099
333136
965789
211683
532389
238771
978999
426979
199009
249057
25251
285153
160861
64763
611441
535821
129565
932693
551985
671803
85356
142001
267361
159789
794601
951674
863057
42804
322289
908273
477178
812270
762662
205181
14137
800106
293117
294781
860626
651321
299348
903369
335895
956487
755201
570687
805675
113409
337226
591681
97402
602497
700606
7888
900820
942705
105398
166875
289226
673792
139576
972848
105655
890061
971593
564879
415720
344924
535262
466021
710550
874408
638121
461399
232621
432983
556747
457807
21106
319687
833666
45309
436302
921540
333950
998621
714037
167193
180725
800913
717161
616425
771949
763073
327363
76411
354477
322254
533801
273033
215951
915752
664748
807713
175717
526577
785731
416356
9751
958316
927480
880129
722601
313067
710451
694755
124341
90488
74881
644631
209934
968383
513188
341780
82473
641607
766641
288777
801161
50705
421467
426273
184527
448397
517447
287741
177441
318529
671057
338614
3173
53679
547617
754076
5785
303021
859095
922098
812145
905611
964147
747531
677659
319513
102901
746145
18181
48773
996633
224495
314134
322865
428083
598061
577076
777994
907921
477664
114582
338781
650931
590855
558273
726709
282381
439003
291488
496894
508349
404381
399541
634140
515483
688863
699701
237171
281717
955645
155305
242228
645841
95781
593944
859861
898693
572561
19525
164142
127431
200278
466691
720521
82754
74129
716701
162020
398017
758109
596995
206523
107261
106791
529160
201717
187185
586645
311831
45885
705165
323251
807347
558767
853769
172247
442900
335281
169601
792409
473276
66131
456531
294701
269213
71097
427001
407751
211511
279399
548929
985981
655389
249591
73746
670920
49501
641473
63575
326597
243601
865051
978765
90441
542513
80198
507465
397301
941247
957883
952077
637109
767489
71538
281722
140945
177321
520176
404063
430384
419937
465652
338107
477234
821626
466858
523146
384005
547697
742301
983046
915509
651603
729511
318607
860757
489089
524301
451539
464301
352021
77697
635217
598366
764813
208197
876626
809649
287681
122636
914083
804708
328681
666256
428481
501366
355633
895660
525555
876421
481285
683308
376079
898305
44821
283621
99021
474821
48733
778597
745206
277625
962931
463110
337781
854051
822289
616119
565121
819739
809956
167684
127889
151229
755975
737263
754401
503737
743214
111965
322634
516209
327319
892185
693657
400501
631749
338617
590004
790716
496913
612258
485310
740805
716393
254296
550465
159690
507945
913508
164705
856393
567795
202750
1375
600244
192401
320838
825417
236365
531251
117380
496871
160121
545036
824001
509551
115949
74795
157331
855839
626251
785652
823729
563901
395097
94341
585116
303954
981204
397680
351122
901957
222535
376808
146656
49505
968795
127851
829451
850309
534325
827950
27590
844929
146840
87565
404641
107585
19336
803723
234839
579630
323821
655001
269561
959273
438216
940204
197739
713392
300781
76105
700926
680820
479801
463120
350615
638018
937098
149099
674271
322001
244769
221436
432775
633819
278351
479113
413050
248253
81418
847959
871134
358608
297689
665096
236291
400453
901089
385721
936706
279901
209671
777826
487085
772979
412476
160979
772671
572245
299077
47531
267473
17966
867218
242581
864516
463457
478579
780941
710276
23153
87031
824289
243645
544401
564571
329285
684501
727349
352419
772558
1841
398077
234749
587577
413476
586342
28600
203533
941045
929793
609823
482466
80049
53053
360386
704325
489385
917089
125835
336411
708651
638037
481021
289546
923486
40909
303710
501057
934837
788243
176203
128801
847941
138087
44577
725041
301245
449894
466469
679801
278251
753731
110961
217219
625649
19006
100201
319638
387136
254924
375336
217121
629736
924251
982081
157627
425841
570517
482691
875971
969664
648605
653697
775297
200228
232174
175373
98521
49201
33809
182810
984670
785947
682185
812901
899706
851227
176337
662824
817696
221036
462959
307293
544693
203795
5005
594125
15557
328277
180583
921238
436821
363997
445361
967742
419942
548053
646363
933003
701317
461153
832841
593854
58929
348862
498541
394765
235129
839807
40542
523966
120375
306657
761431
597701
24961
900901
81707
783201
646681
854241
213048
665937
687856
957210
951233
841385
285641
853427
703632
120360
943531
780667
286376
907249
226211
256254
816421
739506
516634
19976
390909
128826
784265
140753
47647
6593
616393
11958
454739
846189
196578
313545
949541
60003
42061
507553
912904
393948
95425
655298
708177
461723
541133
976026
746285
497164
126570
945855
503665
404579
840669
601660
164407
715074
737401
751374
180744
455809
44358
822631
758525
165497
86578
640033
313107
902825
480325
625288
632441
270463
37153
128301
987859
206267
72953
349293
35591
753075
540326
693885
617151
149337
773940
604345
60914
120001
845397
924708
265979
188021
641722
212544
371349
806693
122519
517481
588689
500235
170433
329705
240257
394429
909154
237729
354212
271501
561081
199425
314250
210940
212401
487693
38801
723873
460547
683513
478325
485753
711621
406302
521105
722714
769777
638198
24982
967097
797543
48229
959292
715554
696520
297223
884823
389426
511743
753181
954417
754795
656009
78284
531813
435948
230301
741601
668273
513545
900144
177169
859627
771899
700369
269861
5841
647661
981073
721876
318761
944649
92953
76749
782191
167386
269225
254609
596325
500586
290727
749373
730989
431509
34961
704228
609494
644943
239346
478848
993491
819561
997366
294091
986469
813851
220291
858141
124141
66603
470001
588157
84977
283981
804121
388856
438673
128776
705676
514045
402303
333141
470289
894201
796737
545649
396161
970813
54992
758141
368876
567468
502251
568545
491515
857905
756871
84701
234803
179959
329186
295107
690593
918233
48084
658633
83061
79901
338629
304679
966351
950656
140239
302969
1251
316809
462002
639397
530251
716538
200467
576956
853528
884501
944124
866401
870655
125957
783645
120865
739049
874077
12124
567348
298576
631172
650657
616792
158729
982881
740661
337949
441231
581413
115865
347521
532157
92741
656809
190527
240688
532121
566397
975696
988769
229192
334342
284221
761039
987115
554981
289049
231009
674877
674969
702421
36865
512551
213541
149313
777037
698805
403089
608905
73647
38369
699879
75137
494783
356021
766571
303301
64278
312036
772493
385573
379
826926
777281
527154
313713
186993
301551
347057
128139
556012
907329
968321
953743
760757
116683
477368
797201
700669
634549
403579
891647
904969
538491
986117
963052
474113
976521
566217
881051
364437
893286
999689
796291
695037
101441
158951
485753
337514
526419
149345
427611
237689
184859
646101
954733
575961
822170
928196
947897
246849
977985
821601
370665
924273
183861
916725
439041
232955
601745
112378
200895
874289
510141
675281
178501
806345
65743
693061
202534
361489
801401
745791
144793
84243
692785
938141
494705
228200
405067
843833
998837
866729
379860
325256
985473
294036
828765
301469
964501
895901
797607
965001
348713
427706
258773
631009
429526
431430
632269
363056
681537
500829
518484
946465
456505
28181
652801
671206
486386
352883
434786
539385
233621
12729
472802
33181
329017
409311
852965
395001
629925
774434
255235
886683
625335
163901
24003
981795
453304
693211
754543
838341
972174
485743
490855
993239
244481
421396
356161
985399
155145
409001
871261
459193
209537
178297
849333
473370
992246
781545
461345
918251
629855
181271
562895
658117
294063
139415
616721
731689
291989
577151
134137
796741
75969
928477
834966
55545
165871
409385
452801
269523
148289
527615
409350
71496
994265
11385
677908
803281
895249
396545
430533
517596
207968
643255
402808
209800
752913
943920
745671
958838
307523
604251
843466
600177
980011
933021
913751
428158
852263
511761
623611
342946
640511
203265
961185
639545
359542
284116
984511
630691
823193
75903
969435
836691
688345
420123
454241
183766
802756
909881
790061
128121
657011
267315
5301
508513
837936
629328
809241
667141
724501
666220
473885
542021
265734
885217
403785
924121
80203
553079
353501
615164
766567
725145
855479
408591
558601
442765
270987
666691
612366
798951
523151
110963
328150
917860
161709
514989
969223
910504
961057
773577
725381
824161
804757
292199
573671
726629
429871
889025
697037
360659
348629
104805
115210
391146
67036
299775
136506
452930
500785
595205
245021
810041
926429
473273
47489
367649
335513
201331
293093
664759
143711
854307
377195
416775
856126
636021
632001
351981
126685
548933
732545
583595
488610
386601
89779
851055
737981
74626
363271
879813
503124
866475
826103
845337
674477
18377
408765
743167
306731
704793
970385
970721
61139
246593
183277
494181
100591
167205
508526
690949
242669
117151
912463
670529
679189
824961
763082
55687
61921
447956
992463
182099
29428
88489
498141
82469
889223
123823
221525
130155
198437
611737
6930
100189
945801
31332
161394
301545
807670
429051
885822
820560
444248
603481
499457
872040
21313
817377
652489
346691
12921
528241
882801
89509
40157
877401
365413
854629
911490
716321
846843
702474
355784
218721
456201
295873
483105
511841
350634
618001
162559
942397
90544
932163
482625
474281
185097
46876
557106
255871
506251
911540
978969
429121
646949
709780
337415
464680
780641
548576
142501
869651
660321
249355
305013
740824
871681
718631
809416
991897
520473
569636
483458
611831
39315
615201
696383
237986
347517
708901
31217
843229
207949
961484
430496
675366
759715
768645
448931
899753
159873
488542
222786
113737
725161
28616
431361
366663
77213
669621
601585
902921
172625
7389
946732
734771
291370
93403
964720
343831
973473
216768
937345
372816
939066
287402
587183
54353
571557
908417
751561
991787
954979
145441
562809
710969
970985
927286
768045
36257
917751
657537
621471
100386
700859
277656
400997
59556
588853
489042
229982
821172
795458
955001
279821
469173
191345
231355
696233
753761
740465
869345
999952
168575
212267
903051
612171
329011
586031
977161
486785
965312
288794
588875
543576
957451
824389
71792
714497
327094
323370
418993
557699
581825
641846
250381
431094
239548
136459
792792
961453
659577
190483
437043
969217
836865
792254
521454
787331
873889
507312
114801
135132
530482
768869
416295
430643
69731
888684
241306
629976
759097
224201
747786
79851
727132
772161
123184
979311
819145
696195
502457
219081
537548
298909
103603
659636
38987
932489
381241
985647
830452
273857
525169
727337
951187
268695
590141
487813
270009
551673
110039
429373
147369
796471
459376
317464
68903
464181
78353
446022
584197
683869
917849
207405
455628
194101
233951
194620
125547
940081
594532
934489
303583
926846
843729
921519
846896
704921
697505
638441
778781
314565
990401
148626
126593
958367
316675
466897
762486
719011
889030
7194
832485
255881
937994
306142
583273
661309
904730
529841
439489
619951
903131
440245
303273
830001
882933
620724
676261
240861
885381
908843
629996
955297
522055
322110
865881
282151
875393
491058
12246
198833
639491
653592
715457
401504
459944
300751
624401
77785
443364
97139
647446
181641
869941
526378
764069
283925
964477
404375
769657
44341
676454
135221
549959
681361
622743
429706
300300
117097
554329
222794
841981
177981
976241
855014
637891
682441
276969
275205
77185
538596
613651
278721
634411
578171
650665
889002
59133
21631
683840
2326
265201
303761
126165
328317
809641
749139
37501
715679
92747
595741
522809
216646
87331
923000
454709
12206
138432
192221
175310
543972
290491
976535
686502
246541
17291
481131
553013
894376
342045
608562
76709
12997
647297
719929
205996
665729
583073
196001
414
907622
157235
875187
472506
877523
629509
631363
777736
520001
689681
311211
98243
567609
747541
339481
640425
738793
225611
815436
44733
270942
598535
699464
823401
728481
838967
939318
4978
112236
673992
677099
407257
529556
530639
575829
177953
650340
894049
170818
112989
326591
554131
264191
967863
533205
313996
382166
180089
550841
327209
60829
176017
814036
409309
336481
478795
301341
913739
986553
486901
407651
66111
490886
964089
119445
826795
902834
447101
139801
443561
902551
98651
246269
974865
536941
342633
437252
486876
276497
278318
923769
695254
508185
144791
248836
904897
494468
987913
702789
116821
491656
786771
409501
572341
461679
363027
681266
823104
231783
264989
552681
458888
282522
128310
471961
994720
81113
267584
367767
674838
94667
7571
151521
51884
174025
170811
684901
14886
571255
684881
110518
896285
513821
309581
681349
859247
726381
434084
309416
527566
751294
511482
823745
162127
52969
708325
848033
114052
653089
47493
975241
885727
965129
817539
373057
802548
783560
653895
283890
149466
788481
209780
345585
56054
36373
24707
638113
91651
890821
769801
185889
131256
872051
460346
947113
901771
686745
162225
958251
517449
118901
935031
74053
480553
151017
717391
183481
462501
716785
362145
393224
463569
264253
397916
16397
781897
959352
701089
697026
799603
984121
271286
6621
944099
850675
253481
597121
298240
977115
204241
572377
632089
385669
737870
653566
464866
251031
78005
221681
266969
470963
719915
957817
158797
539293
969473
227899
613171
328444
172806
843909
989554
142629
296144
617551
722068
308105
239108
371969
264481
562259
388126
722668
102651
822104
931083
395953
205285
987411
532177
780018
929761
331311
983492
603217
246145
872009
950769
660121
595801
874285
905623
992428
722402
115144
471300
730713
477069
98336
320815
58187
924853
386645
433393
413421
919960
746649
975326
287183
656519
275110
562401
789701
484801
862153
597889
27577
955501
610480
332973
408066
987181
277851
540383
559243
429498
574168
162356
329231
277025
134473
308779
363721
628045
983671
679813
380969
77916
970867
198751
747355
957627
251917
81112
19789
552579
427889
106286
842641
978444
408489
612133
224531
128702
714211
193583
474885
473574
626192
90191
360121
582347
272465
311529
350693
150934
585936
704377
66413
40845
742301
99349
841551
843281
963113
536755
350966
599901
593088
914001
868816
247250
590593
315077
198503
402565
579927
409185
720766
90308
610086
952789
941613
739596
278301
391561
678178
201629
856881
999405
298771
732385
476027
397777
351081
749381
759422
243916
620338
633129
932825
959017
263626
265093
209851
253917
260699
734551
240322
409509
724689
136720
723261
573006
72255
98461
720783
418091
126658
260635
932513
847825
153831
327221
360225
734474
467890
556569
182159
645386
724378
220118
37721
977341
953619
398089
817137
774421
87892
579486
906973
476801
743497
302749
678962
530331
817509
503001
41894
195201
588641
917005
841463
396255
549417
952191
856721
260625
210621
262479
389661
831724
507347
535111
708902
402897
71671
617301
471093
332466
180927
835201
531107
458866
672061
805921
744002
378993
365084
367760
522417
244719
509424
11701
542703
981020
33926
477318
16076
708093
840121
354945
927001
925701
227397
908725
594678
425300
928789
164865
990357
254105
938307
730042
489802
529536
590385
114701
465951
741269
260144
102821
437045
501453
163061
620036
372835
952001
118289
757235
529361
960932
834705
266121
290651
900921
293993
240441
195774
379861
231627
856651
663816
980921
116811
77487
930081
985501
281656
412013
680061
590970
597119
480159
312155
909315
957462
594633
654417
177137
265561
193121
384824
797019
456206
700647
187876
803747
449681
526710
800226
836201
62849
649361
648370
921989
975073
417579
594541
801315
852807
659497
746909
875294
458391
962721
169505
55489
630145
630737
934991
540648
358381
289323
157837
780451
902401
758531
433151
716293
568101
246467
334731
319151
737649
337153
418073
938081
514655
79759
978297
157479
714721
479209
978251
706001
259033
655069
198061
357415
603829
898876
252658
251701
194131
688709
328761
879097
683021
276840
29185
127
966489
145200
65501
384909
173409
833628
450927
7713
295033
113759
510324
124361
55833
45339
858361
237477
456739
797863
288708
982531
781301
506336
158791
915093
642031
113711
689595
959571
97629
521769
430501
84295
638527
220253
683979
174801
779001
209808
460883
540559
525293
596833
611981
555823
995657
40745
381997
593753
63657
974992
351901
44610
179629
671759
868822
689761
337999
593441
829049
578683
806593
918501
677913
526886
683875
211533
893380
280629
312001
594529
160302
282236
185451
280825
737299
883905
896181
313278
973002
830978
327725
394577
929437
504205
378946
896789
269433
746362
941585
294989
228685
541536
628882
188224
450641
318073
863883
786527
919266
17091
772586
306464
19297
928536
808595
625253
990781
372298
910936
888161
475701
279586
416275
113146
206953
619977
644583
424626
712503
981089
574819
920681
963693
283313
555395
418063
40303
551733
187797
139521
459661
190802
499769
128122
546145
253471
205880
127977
233869
645609
499995
364517
71387
630161
654152
675777
740775
121189
521201
65686
1881
434136
314086
540601
735909
541441
531225
123351
507651
327464
525797
880712
348119
791345
60271
972609
225421
1481
832341
987921
616641
594141
414797
513505
131730
80125
813601
104193
121230
112191
195033
617061
742845
706611
201799
904941
619441
840654
446500
299693
241025
531287
687433
227884
355906
809045
104361
398009
870777
606145
182169
973521
172673
793511
997435
547086
251233
885409
32060
436817
896
353995
139324
691670
737217
54801
989639
182751
559235
442209
798734
777141
651077
980847
293231
568870
942512
729089
9401
58428
160022
221689
667813
334817
609664
505705
939285
732706
407732
606685
5901
847857
174311
911753
204476
599081
944540
736461
593305
812321
596856
156691
877041
542881
911141
503401
857543
415187
381488
701057
286075
938271
79901
517173
388895
652455
942593
844841
639009
910119
719441
587681
59618
625049
725473
636351
330881
592575
42201
858013
249271
335398
195001
737655
490241
621617
776141
886527
426395
785833
376668
721832
195113
432175
963875
566638
98723
61953
579841
838205
388501
21359
317683
528723
873177
966925
199027
814455
335059
221377
763003
602188
993126
642169
346580
981368
233015
963509
118061
28153
699955
967231
781697
308689
912426
743257
505921
17265
604915
576105
759965
147635
810709
626092
184215
60030
770469
526917
218542
108929
550137
245373
182901
603393
770013
299013
82630
849177
792425
62857
902761
732857
592326
328163
718869
537746
162929
600715
849253
224861
878435
162196
263913
309387
393189
412243
985441
995611
805609
911869
60812
83685
588589
67025
124825
670045
282279
532789
254715
395665
207347
677676
486148
551121
291575
755885
758786
431893
186936
621321
584805
901617
883526
286830
478645
729638
480761
229489
323333
217887
368306
457281
953401
924429
906865
767008
728734
654633
853333
434907
517254
309216
387532
48734
882663
980373
776253
816913
378665
968381
896147
565551
843978
285041
935365
663702
775201
928081
501433
266783
487532
109807
614319
13701
698089
513861
381752
904133
588741
375271
365059
749593
447281
434897
609126
475449
851859
308597
204429
143067
844038
555801
108401
47202
707743
999821
11085
852261
221138
271609
516419
529281
418617
425765
922312
861001
850199
355485
109441
295686
981889
441300
164393
839505
496266
666035
141126
166997
107402
126971
799109
695511
320651
940626
700093
694926
595739
638989
213982
900138
257871
634313
869376
997201
965401
702284
144001
104289
760199
463962
655371
54119
296346
574273
495823
655895
68652
416101
95803
110106
429001
386155
929589
713276
653539
781477
934045
257281
521651
397169
49774
330201
311715
25729
345605
959691
232585
584551
401143
461383
807201
328881
906461
786321
641801
681609
214966
789696
753891
114065
362585
932294
127095
352821
646319
14205
41051
408129
833497
606080
269341
85347
713879
839231
600794
706606
138465
647831
284353
326101
53681
449943
262241
421985
522356
554768
522701
773441
86561
50865
188597
851246
364774
819867
773459
382550
338961
268453
135505
793898
510151
832620
959003
641721
193111
295561
449116
985193
305665
812551
662763
508501
862821
67840
178849
91568
962406
246977
320829
218761
398465
218134
92193
315189
586625
661275
592938
446841
271089
461514
482849
718257
789611
32727
880956
879849
316606
347729
291852
850313
804385
968441
599863
108508
376017
727128
155241
82253
336351
234241
485767
271077
628745
791013
611653
411801
273537
762069
54915
750121
447400
852429
330904
503613
579915
669625
199311
621041
57441
63654
591394
699551
332179
468985
553256
720001
874805
82334
986092
724423
88359
684710
994842
582695
467441
15464
131829
793413
701871
763593
78556
618641
515852
436872
12661
285642
384946
897585
804461
935251
229039
893603
443988
16881
443129
590195
429953
490105
802659
378305
963297
364049
262592
66175
994571
723213
850189
447111
596251
987849
733205
835824
528197
527084
788390
361116
649163
115009
463801
236335
224265
369551
383026
49857
333475
620865
765361
701689
663469
402640
428278
100113
33625
94173
119029
396406
318977
704321
786041
304026
577136
152127
483206
333929
798981
894703
18771
553882
805375
805821
333089
875911
403609
528374
276692
352975
486865
674644
138420
178401
242491
940287
732825
767891
141046
450855
168101
211523
473501
763861
103853
791492
399513
294561
12586
752533
750689
674476
211649
356181
912877
363773
946553
283873
347086
522031
523983
382401
487670
819657
427961
754790
203705
487887
109252
665701
927978
546151
843997
224506
148638
139451
834969
588717
32366
398401
304066
148701
572369
989346
573641
486729
451329
153097
160899
807454
396481
482273
375821
468766
694889
458741
403302
890580
972661
609541
997371
201150
224571
375107
517461
632465
184635
866879
298033
853797
98423
547811
369570
820273
208309
861811
37126
779560
96421
9769
919922
644707
434961
122049
187323
859697
32407
571281
845075
365686
201557
990101
672003
102468
266137
140086
218105
830931
497517
53217
384791
790273
72921
323639
160875
237656
386824
722464
540104
230687
955374
921773
852704
832065
24757
937187
913659
835739
197451
947761
400431
320666
907844
354283
756000
989089
410533
780977
520057
459509
201108
237712
139266
337835
156929
1386
987333
516889
870541
915930
450913
298737
405806
977765
476027
433775
841869
601803
473720
628196
502801
770405
30371
477928
986119
267021
312690
313613
84653
290881
354853
394305
466937
188228
470353
567541
87529
62005
82775
567381
241129
666805
776801
521313
727391
910286
503181
962861
282201
428446
759340
309889
870772
368595
630034
44689
849051
779486
350401
330723
374368
612420
954759
717561
433315
933507
618953
192851
899090
695042
659673
46201
31871
487514
724039
871061
925126
516545
830229
717485
89310
497688
715276
692927
452353
349981
948505
167269
856273
419572
320736
486181
232091
590305
436961
959276
760001
195255
389981
510017
460675
800574
858441
802731
616833
283616
242785
18023
924208
378768
989306
92684
590781
408985
225997
766193
933376
133521
111909
24427
277651
820658
662993
867261
886226
643649
403853
165236
199231
755196
817682
81624
347019
680613
616681
215321
528150
176733
576863
498185
409641
579561
61046
480918
107865
1919
754757
636207
434937
749840
826416
411785
841413
640897
838247
768433
628308
112119
287674
969781
622319
425001
848526
161369
892983
178007
587446
72071
475785
909971
238086
304569
320646
777877
73536
97556
210826
108376
9477
244501
947726
415149
881339
347351
758345
90124
980972
736989
242373
801092
768427
595032
608751
800476
232791
681111
599961
425395
744501
748993
189677
978533
670679
834591
293715
389521
54885
131571
722133
761281
132808
309619
707035
828401
262767
386900
328101
294946
149649
714376
497797
499291
117798
818486
861986
111365
204157
138838
828045
659993
221996
822488
467011
948745
85761
251794
731605
667651
82495
624603
129311
860481
87639
66041
494677
441468
356817
767946
157219
962817
291060
548936
787660
911841
968329
7492
374897
460620
342283
31949
24993
173117
348441
184826
741879
278976
297831
606361
385709
930877
238777
72841
739209
124987
849623
767691
997401
816627
510947
959614
473848
431861
564009
285906
837317
728091
928316
966081
30643
403195
568653
547853
827458
76481
157921
566683
356817
20907
829213
728117
117411
879004
889499
328133
436969
58041
685473
706663
837433
713959
798373
289710
312501
93241
518861
144534
96801
749441
950896
476565
798663
811326
511998
907301
70849
382026
140373
476771
150792
338165
249169
205001
116705
308387
405203
543722
361659
790057
954243
645367
309073
87823
220761
924711
62367
517329
141897
624323
239764
409895
562441
284281
88354
955413
365791
141704
853137
225633
928185
165817
407487
332523
328571
25545
486946
552029
630110
757389
724927
701851
390241
324801
299607
122021
867443
185603
130933
397593
793401
675155
865066
1721
261353
275689
549879
265905
293724
88426
868101
249001
802794
726857
867202
167497
269820
68666
364741
659345
657011
787618
444967
351441
686461
722401
13995
863858
89233
890729
598929
26395
902785
639559
263473
321499
684876
264292
319569
52816
995121
878885
969377
885394
53697
480343
172917
442551
560251
114066
924825
924015
916337
711803
787465
931971
970632
851452
434581
760737
963093
907010
678268
192229
147935
114372
783863
358634
191821
54011
797061
611481
493931
850561
396405
700470
813314
553716
675681
454561
401457
107451
985053
689809
184969
376001
629660
300669
262259
945101
319361
334851
324903
590657
38227
833973
9567
78593
249026
791374
358153
408381
34326
59297
452993
86417
590865
533835
772571
44161
829693
431611
43571
395785
26661
523882
619373
981391
645327
136617
268305
906910
388541
445636
651251
37709
35781
281251
213653
581267
256531
198641
297601
614791
488829
183582
21701
981696
923105
122111
848994
888886
850401
732751
336299
485121
598009
279046
779380
137396
384609
935361
800639
902618
993387
505988
821601
415202
488585
103056
899361
640957
69441
979461
463921
617155
11729
631953
576999
540745
771268
191137
459743
469695
394790
785603
928463
346301
622160
723665
886901
358540
230219
425742
592937
570293
79732
463136
478223
285247
275313
518575
806841
534738
598816
742145
469963
412009
759633
912749
396665
695119
98769
99751
846883
77393
121430
403833
909705
11201
755023
817121
830348
403141
102375
512339
158257
229087
877661
835343
881033
396181
402301
506997
999537
751505
719091
795972
451716
120126
412801
18764
813599
837121
985217
148481
383754
317045
594226
822665
547731
846945
675445
571139
258771
956708
814749
516711
135031
895981
978987
62021
212801
785937
12088
64961
343511
316097
65537
72967
566756
644926
149743
600168
558128
450833
141036
352113
429501
974913
804649
455233
310325
882017
634569
539937
951148
983224
997805
390801
507096
445921
37177
586423
508110
60735
617345
180012
732325
900609
484749
573917
591351
462841
758879
325341
300541
154169
657314
781857
62681
249309
743649
108471
360236
192501
79543
94491
21945
604929
510065
845701
653073
918854
472178
911523
399362
856089
388001
252177
136001
301473
123332
955666
932427
672489
491329
549295
613513
570869
750397
234301
437623
211469
246717
309866
357621
984881
562386
741538
870816
21346
318005
155209
119193
782105
632727
212460
388328
521798
829137
965466
288015
756897
836033
961379
902755
606436
368825
368545
318675
950223
327469
458681
498413
662181
714701
913557
449701
282321
5997
508549
567071
929833
800353
832326
802841
406470
352312
144376
287081
638323
133554
846340
366351
126149
587221
352439
731821
172359
950939
851303
768425
671833
973892
697761
108943
871105
317684
351111
758215
509529
849033
423580
934395
270426
149290
848910
417645
142489
934559
94081
122717
870001
332355
121361
989462
83851
519909
418949
775161
85361
593953
927082
508506
759113
841966
703421
874283
538461
597681
340419
264139
718217
775405
295161
386633
160033
712541
649361
565501
769501
383490
854129
408572
485418
64441
135097
127996
243602
801165
99741
715676
100413
406071
234738
530349
306360
495349
500141
407203
485666
382142
493983
572179
360761
713409
536112
908191
162242
277090
135794
982301
101651
602219
540806
80137
462401
96191
729236
133947
497321
862445
812309
633895
82972
455317
12777
257354
705271
849858
388801
944089
19009
78187
657701
871967
5915
66261
247449
631669
430965
482641
457425
918408
350461
555740
886937
567917
152281
995539
975651
627181
414055
453961
664703
851221
602257
813476
878572
651185
892301
260273
781206
925453
669089
850550
359516
361274
324997
731601
528972
300282
729775
133486
340173
506751
17000
849747
284739
242045
650171
779965
612761
930105
382802
243675
508959
921892
67701
437929
106178
994213
279271
550941
348548
490531
491521
740976
765609
540959
484913
764599
658889
700699
229721
734337
713801
536665
633096
229251
606290
331077
9341
463309
755661
723441
497921
37589
893167
206798
920446
635169
426551
753725
101387
547993
62139
774121
764442
708033
22873
135683
632441
749347
327402
136657
666083
362560
782945
296327
496593
207673
297207
522550
136323
152331
570240
165126
351333
164161
843018
408877
939495
983537
357801
729075
666413
838431
273041
470781
655475
714246
421495
619633
514897
507807
581477
345407
651351
121123
147801
445189
366865
34659
704501
999923
290126
812225
419311
112539
804061
597583
790129
317476
559725
872280
389993
834217
662881
810545
196093
156117
682997
216539
157323
95550
918117
51999
5136
927566
303625
460001
784685
537327
856001
753697
168131
994001
200951
466465
60685
288763
168994
452486
431862
415569
810516
169950
362905
853842
661451
502961
173481
825300
681442
480907
867167
466797
313274
315873
88771
108899
799945
99752
601200
959140
981639
606161
925921
933391
111881
747457
744469
296513
868116
64285
808893
834585
328175
678273
359885
462393
249566
298401
966470
244353
983949
460161
664801
32353
74375
807901
399447
680573
614993
660625
375141
549371
137177
290589
88241
830351
27705
388499
847061
562157
745481
318877
666865
134077
391984
688971
498076
570097
791241
604569
845601
31520
999226
195001
454907
188387
934589
517751
343789
276074
952047
254526
525797
876822
150693
948486
236737
952689
388369
307701
468675
235031
152882
986833
690466
878081
639245
421953
341537
556281
65823
982713
859321
293141
686169
831517
955161
83251
762524
842677
497356
761529
20329
966605
923646
579009
3201
289233
183813
905121
97403
912621
595293
26283
89421
427405
307011
243161
211981
746658
715935
428391
452031
670257
346481
567029
512405
689791
816151
144549
762057
424867
687705
380458
511979
485631
280224
819272
299905
292061
502625
348977
692037
708333
111988
371353
470944
289169
22230
742721
741449
14121
612301
962923
498991
4661
144596
486929
903541
397456
352031
150247
388761
739091
608228
446611
403303
667369
446305
391497
796311
33457
743861
558305
287718
460126
411133
51689
726207
926625
557467
394461
416325
939541
649681
505321
586666
264409
538081
788662
154601
772689
28801
139693
291842
89057
374919
966431
102545
328300
612485
118813
409567
52297
849605
45942
777981
335084
197691
523423
420611
864429
985137
839251
811511
795257
330551
238037
485643
719828
10537
610901
932233
567416
981982
61924
196790
772923
781540
427903
595905
130449
73576
505056
754981
612139
391693
827861
329181
115731
393057
674078
347844
777671
138753
341057
103517
848353
568961
884093
552785
420305
75257
878597
856833
647682
155681
421439
680461
805991
672599
249009
288369
657791
496301
590146
253786
972870
467549
711685
513521
641446
186599
405385
443841
727657
398145
589029
350521
115946
544291
783479
87441
98761
627588
270451
885953
477045
502405
737656
425014
510604
226633
966481
522305
525601
954106
185851
219535
469601
55129
240986
189339
828788
407351
270717
682077
903846
507780
74346
928835
143681
219197
341649
707785
823861
344967
47809
611057
865369
772421
559741
162346
383985
673660
473473
673061
769473
583681
307292
656601
678483
88564
277130
926897
740916
254353
311133
335167
909699
230703
516850
511771
324802
107621
797761
474801
108286
277372
84571
40001
987691
511491
778192
756758
393766
916361
192937
703216
354006
238335
975716
450959
78439
603331
118798
604551
988743
324106
35317
766094
977501
777863
927167
185258
804646
538156
886981
982055
863467
537902
280181
315351
223597
375663
488766
466107
493134
731089
824895
809613
988666
632347
998662
592737
335473
462779
87276
776211
736084
60595
600625
181151
583633
46849
333923
554497
189512
397481
784895
358019
358069
143617
297652
836486
188337
58537
758837
121108
180453
310101
108985
481241
633972
944917
25172
527337
679943
304833
457301
674345
750901
134241
917998
306106
743161
611261
265245
606391
405091
153513
308181
921957
211201
814253
285665
438551
629046
847445
127575
694321
506771
684876
163343
962759
410041
330065
172110
271551
977146
845409
747330
456521
285259
412331
17089
54566
238812
991751
68737
897643
479405
29357
574666
492187
331631
857651
982665
834035
967577
189501
423973
908300
124755
296231
767613
739509
926648
463616
985317
963341
24204
583681
204968
817400
22700
498593
138545
415621
