755716
646793
774719
455325
430351
285455
583141
818789
573793
764205
254159
638335
96309
927327
87241
395754
539955
777913
275110
476401
576919
326913
762725
191190
403395
791851
834968
404699
947558
799711
496209
612221
422863
65661
758176
336273
231381
703270
872338
829305
393686
427911
736741
702569
614417
858703
60061
725265
456289
527453
154924
308676
912697
941853
443041
718713
48261
71465
322772
380025
352910
763969
197314
84665
105594
4901
761301
315079
60073
833721
556721
22801
450078
425057
586801
232321
446513
45081
38500
912475
240353
378236
278753
476231
453101
690880
516196
793283
384891
563219
766111
72433
283109
715945
318484
486881
793916
361001
421523
554771
149164
312721
637361
294015
679686
178017
662151
565986
11899
17229
463921
451402
899177
997593
161409
130165
394141
708161
431255
599169
468415
613419
80569
269101
177131
129857
809338
92851
184786
249464
209413
470623
388007
779511
898295
577553
6458
859061
732705
18286
87128
488321
74351
837683
957336
976173
81195
260529
578772
563313
416270
844161
77573
925640
332124
556133
572694
154598
376049
678040
105413
423523
236659
828804
791289
524225
945401
155261
39438
733704
269509
17489
666222
587972
616377
106461
873697
671003
504167
15170
449530
870657
891708
59661
313101
55714
215186
663792
684695
688187
74173
241365
796402
329297
613761
410361
460039
187279
669117
37391
406105
969211
353321
193776
646105
36737
968169
463080
11525
877810
98353
976997
994844
845801
54447
730767
411
989257
179681
206321
835153
752785
700065
744211
109073
687068
15181
948695
478467
15553
576885
974661
554185
89115
703561
891281
818047
153887
858174
133967
289141
601349
85919
935553
300751
947361
67617
752841
161441
502384
886889
984705
144969
266461
109239
597816
894001
531481
142401
144526
429125
463581
713697
609893
55577
652161
988301
686204
356839
427583
833699
782231
675713
486973
887344
170513
547928
960937
931281
860900
261799
479233
783697
693916
194418
621728
338041
409390
199217
750521
348645
204872
846620
704091
621993
202373
415251
74746
87449
482489
526702
276305
388647
164283
175155
801081
889285
5251
269093
537233
411226
126831
341627
674396
904489
7283
760961
945627
347441
714211
507745
41059
868676
647576
483745
262957
532684
646441
191302
286351
442066
523903
540562
916341
23176
511437
999381
819390
583643
890120
886712
211052
79539
710921
785895
522166
378404
220207
437077
513125
349663
682309
341561
368551
996016
566231
883366
707606
392971
498416
796394
128989
331333
468881
853983
453926
567217
401577
843921
664629
849189
524817
304647
478737
525869
963657
909267
774809
654801
690981
368972
517819
155468
917210
24158
206255
971180
987286
537971
51745
36321
758056
879375
855006
953474
682683
958041
857391
202865
874480
409671
618211
24557
40091
113463
567203
721121
708801
115617
835129
384091
99297
866321
975725
599945
44573
384065
300081
936830
398184
587457
437741
16171
318081
201944
91429
839791
476453
884291
363777
717885
122753
872657
882737
646289
596203
60187
923195
84711
828431
912545
981080
883583
790833
918401
537457
98041
264033
969727
111834
175437
411570
203559
298388
436045
326155
648217
114109
971941
264582
108773
961665
111161
63517
257942
810799
791991
280841
901576
878891
605731
430129
533676
947251
434084
450673
672669
981093
468021
127409
308823
6785
699548
900321
960968
587812
804405
972841
137903
611789
342176
43177
68296
126181
239296
609461
314726
409156
355981
590418
800593
872503
781417
505713
840705
337132
95731
572610
413601
688925
897859
368299
717721
695438
835649
418701
966599
630529
338261
226356
340276
126039
577166
989592
221694
989312
252409
941411
909505
983771
625043
482742
975389
743461
729062
440049
606185
261719
409256
61509
717991
855388
383473
475930
763224
204612
356169
576321
580816
405945
979228
875221
97788
750050
257619
230839
367139
425024
787345
614273
134902
684991
162921
694834
887076
968241
876717
59606
158189
16601
464758
243297
562611
708272
467181
499640
69905
926791
156603
259783
385557
764641
617850
118581
493708
938001
248345
699281
411201
595173
596721
94761
185167
993649
336696
953373
467301
655285
169037
572359
143989
107442
460996
400417
156141
331309
148651
13761
313306
920781
981806
609135
106396
157465
276289
583539
750021
650607
50101
610561
659799
689188
955376
741881
757994
230471
957726
858373
406371
952749
889463
293041
866049
91661
566849
335837
856376
395445
74599
941345
569697
121901
100101
247378
443440
383757
409650
510849
507643
315942
970281
578049
640176
206554
438817
934281
430945
149033
118291
127288
504593
208715
228877
252967
444309
426528
414916
277427
626696
171502
100249
169401
20041
588309
906433
705629
184761
992689
717265
279637
37161
92668
197208
476701
574545
265321
990597
134203
473826
704617
329777
978065
673829
366061
360921
711994
72557
132501
709435
591171
140963
925617
819092
16125
154977
920129
54582
519633
114786
754321
890676
244705
723491
755199
20208
580291
975513
459599
242091
821956
390225
931227
915744
588526
833366
569281
127261
516398
346251
843777
819249
7651
630605
718381
924161
110366
663889
293163
17405
242326
885801
966181
240145
466789
575721
806836
641320
999201
674121
451571
763340
823721
453435
864280
861977
567226
561265
423587
680885
922657
570801
663351
626601
158967
686786
106001
49273
487257
945717
780296
390334
273210
796301
775455
857257
519849
619221
518721
505717
246708
440681
193851
779754
256534
962382
812445
47050
200001
81201
898336
601071
860679
144959
224621
750377
783726
827897
21972
443711
585260
425251
761433
694411
477129
441873
8325
925141
958781
475197
875288
238545
308173
919781
562449
498445
116077
604409
991983
457629
565273
572699
10077
717463
770582
797121
869251
644223
973
334594
485067
454531
588925
960166
67448
136177
792326
545659
404822
411690
225071
719881
889801
945668
478456
108769
332346
714033
989101
337877
152735
146342
320187
307381
93393
372856
552523
461233
544291
704114
272400
728634
675427
893991
662677
320695
759857
225942
193819
855261
173793
725441
598577
463269
745254
333757
767436
820225
414265
145961
268114
83531
59057
818137
63545
288899
384956
737023
550921
921875
20502
980897
860360
441922
412017
63431
324661
47416
381218
581815
917016
946669
953793
852423
851915
876099
484442
773408
670446
800554
467361
78441
55207
104647
738460
780582
326201
8607
974945
988997
730101
417809
908826
202925
343241
156901
753091
971159
477984
968277
416321
831522
141341
58901
694910
598626
423696
918417
769198
627261
323249
682783
115731
510947
621225
235814
405169
633651
676641
37001
327865
737415
441631
350481
787686
528052
71039
830951
909453
688221
814340
775003
235402
325065
375457
963650
25253
58358
718571
970241
924402
819795
649601
853307
132858
269301
202216
321827
892817
245221
151755
793573
399053
658301
980006
219701
309569
426737
212166
769073
874090
3969
651251
849848
394541
729433
34615
853976
379282
999944
364796
72120
705992
968916
597497
226081
197921
720911
807634
215441
977021
922176
290433
992721
729201
92377
975797
92951
404519
714511
16081
43573
167617
653108
947239
620639
918441
317153
438906
407241
767857
601664
44045
673939
349377
263946
656142
297993
846273
954957
731329
622056
221113
407690
642283
965367
388529
527301
652257
711179
666917
825488
12465
289496
816131
683117
934849
789121
399019
970006
672300
432567
44636
268807
153601
111845
416406
330561
202924
530411
173013
787041
463751
648926
800954
973206
489308
497169
838137
917767
153741
203013
901413
517112
660665
809403
74863
441241
12651
801873
92525
15536
84467
121836
985768
904822
437747
639325
795025
936881
906901
556889
517569
17065
404211
489961
169632
512737
981633
499233
183619
244759
368155
213969
116951
638976
569771
745418
734101
441070
109601
46260
589009
762521
656164
206381
749356
842176
190839
159646
343043
87601
894838
431356
218823
577731
140626
413815
882097
527782
918201
441871
699276
43129
708069
317537
84690
446976
712044
794933
195435
873164
853123
610267
123961
462900
918221
860197
22971
630705
923809
37236
304041
794601
532173
300896
44033
776921
279189
886508
400402
79841
119969
64927
652366
380824
493127
221190
834030
692201
841385
781821
495101
946206
88115
501485
231657
648983
406575
803841
108383
968511
908674
132018
242648
351256
796289
478541
421501
21585
971745
286321
747556
117841
971856
691777
718001
51665
597631
215311
169149
856743
31954
611666
237457
437214
922331
91861
667947
500351
157091
181369
218355
277326
199649
817001
634229
439325
107233
472393
958881
287021
81404
330559
784133
224923
122573
472965
393449
774824
286527
702865
522700
839709
427529
586218
63956
855509
670787
334730
286261
998209
608917
519895
324449
626517
860897
670418
80951
144927
519859
570066
663606
864577
161025
686593
148229
173161
109553
173207
988262
342395
431961
544575
480875
893501
824853
387381
322301
866381
899911
71120
631749
382268
700833
742525
674472
41749
69307
357591
958225
700712
721613
620337
34521
980373
845059
861642
43113
99051
230495
803369
936161
694521
830278
181839
887711
209366
95306
858985
512571
300111
190661
916857
616441
81551
640481
507359
28369
364651
178309
101561
559552
957149
805881
13249
861245
896
10371
196741
853485
252386
70160
947426
408150
988483
771871
227371
313385
916412
115941
982451
1573
154700
208151
796020
725995
260946
919909
245151
210348
149656
846731
735829
234177
870200
734970
77865
207971
735887
702176
928943
16606
485369
621309
650581
346876
8128
771135
269769
310408
573036
261334
370118
596184
756685
436337
952341
792801
181276
93081
473311
850239
116389
474117
76097
223281
388253
531775
690071
277980
264105
572961
642886
245841
447902
518048
115841
423659
898119
696439
847925
36097
506625
639889
152361
776288
508898
995449
909477
929115
65933
65763
901761
483685
850621
521745
74190
693785
796305
674693
449101
255042
506945
954091
547525
36197
487921
518051
760471
722785
794997
52846
31721
698303
96361
158026
617197
184997
242823
720801
423221
608241
942405
494433
340964
835301
794433
162144
35581
485897
442982
477555
358206
808231
439475
659631
42262
592001
636025
836221
411966
240188
485270
260707
815255
973198
508733
737037
167425
202701
985059
618526
485741
605696
258940
359915
438985
464023
244791
406575
747370
616719
412767
769893
997634
518832
146221
772237
605906
677082
530993
268177
413340
946305
424994
556841
303097
528266
101853
524921
987493
453785
293519
750505
861993
282785
252201
865736
941633
853217
676073
445035
804831
21281
580869
766697
229449
638525
391685
661001
881961
96039
567531
590273
383033
546185
640822
744389
838005
993086
499169
398878
31552
128014
36617
287461
978891
686341
453877
827332
595466
710781
742872
650901
325570
608875
979179
482076
305447
404765
647985
103857
295389
224338
803213
986527
200657
908694
664881
121453
15377
175497
978167
518265
749065
674761
479303
252700
858195
806321
741301
521706
746052
329805
157737
184151
461021
734732
580046
502249
905451
904049
234286
411881
187009
930826
338169
933367
303397
263673
523003
137582
460961
539879
252961
816395
720713
404693
76747
793355
931901
821531
735553
289065
349858
270021
428142
49927
240795
291998
291753
141129
623841
630375
693293
927047
125018
733636
685356
391539
671111
853546
700973
808805
266801
500298
738889
154651
842252
987975
584736
510279
944149
836333
470009
525384
132847
586876
846699
279151
194731
235187
825564
472537
664603
544053
844541
367908
902639
69171
739630
629919
441635
137933
671260
112583
361943
897606
2101
924137
947541
439374
22351
821919
198301
598241
515507
84534
407001
666767
173660
951921
770577
446075
400633
282417
621709
974140
223571
358264
563156
905571
795535
617336
796658
250593
356458
11876
812093
149248
660994
979681
43643
836161
926809
720353
403763
183930
899017
314241
82612
415617
428233
916946
390245
778299
976409
693375
340091
380905
433955
481395
457915
437905
695075
925725
338616
166873
779809
692120
841034
596481
930983
103783
156241
20733
631161
546629
617119
690636
121255
985409
164630
39425
292113
510359
240241
791137
590417
12257
460735
713233
429411
241629
7741
911333
204353
461645
508523
87968
356431
176257
615191
226235
403454
295673
523972
142440
607079
161009
498943
72113
593886
458445
447359
695723
876071
452690
72649
679721
816249
302099
468505
976653
69151
389021
984121
404657
112601
189497
404827
499646
473142
850761
814911
662929
969165
977791
138195
104833
801216
326485
269575
862809
338481
670931
754401
557837
44141
432559
934939
134981
262580
582946
226523
945001
606662
377345
226635
170641
700673
989771
557386
7897
934991
637701
997857
921579
253889
342974
910751
666201
694261
140341
192866
587291
792312
700429
542214
155871
804089
579817
539159
791841
311773
158758
883983
675361
723676
746744
146305
691241
901422
824277
197707
523711
63503
563501
974385
719033
328017
536483
483498
526738
840537
378884
469675
41161
809425
477154
159682
211806
361564
115317
571280
437357
882715
368841
511035
465129
276051
671284
420792
293157
65581
81655
441105
176526
863541
846979
540199
625466
746930
1397
901589
458923
47326
482612
252136
254264
823276
2652
55001
479547
267767
469303
396842
897173
28645
553349
529013
524513
801043
822353
785246
220311
144811
437139
756681
106448
198340
441485
779481
486876
212257
640921
82931
285540
409263
925761
253297
805260
654757
959293
76501
109409
730285
838273
753146
221802
393381
20071
59750
927489
208839
884166
189991
634665
622
247626
744141
565713
991733
413515
48773
888291
157730
808951
973765
827069
81688
991509
384841
563501
561463
540756
37946
453005
340933
526512
285629
710305
343385
871293
91590
392419
197085
567414
970615
607688
967253
426601
767099
302881
487101
214596
666821
109821
745235
205647
137481
443796
434801
169945
810001
123941
524089
359956
90977
443376
239895
619696
950789
395345
255841
302769
33817
491329
654101
566701
956165
938661
644009
330276
552161
126491
4031
359641
706613
788641
648971
774841
100124
520960
563173
40045
156191
605185
879997
8374
721141
208456
438957
802591
45585
35129
994468
921356
540113
883990
837249
875637
459449
249809
283377
190207
996063
411731
455805
137073
440706
378523
481012
931265
667825
915969
525302
288757
377601
443685
792267
611943
247400
695928
840303
745886
86996
721926
926636
337251
712960
445789
600409
457601
825745
301926
914051
719251
102291
879407
981616
320749
777201
664905
913488
477811
175914
277476
452968
901917
111059
971421
736973
990603
605301
573371
899522
873923
785241
126707
615737
547162
782387
770957
202171
437161
825309
351721
987924
270451
311979
836437
357085
885575
925025
581496
3013
963513
520041
907151
543575
807541
729001
471781
119529
820685
683651
589858
168791
490959
415569
86235
28359
863265
254472
821256
241841
205488
943895
814852
178881
709157
19433
972630
9017
391921
188352
582361
514113
316971
459649
419369
176321
575409
168113
343959
734390
102401
308351
468473
484502
892241
535249
572889
491721
573484
886264
364857
914126
749642
150691
766140
638830
52010
66983
327533
449285
901107
206756
130517
940123
565649
601001
927269
684601
618146
793316
339721
480701
56961
113731
800517
297781
491011
935041
313253
459603
502531
503500
746198
407514
770641
425721
415232
540945
271165
828705
749381
114780
625609
678955
160401
233971
467201
934889
90801
289148
276565
932488
899951
552518
118495
901501
578351
850391
579083
151131
799481
47117
59809
961651
784074
526732
841088
155789
322621
729544
469237
770634
678095
389485
381617
400081
150901
882055
2487
387033
280055
672723
747145
387413
342981
428609
156242
663461
316573
575361
197647
961233
194881
90267
324874
27457
687201
952813
895218
973283
980649
905917
399061
985501
748881
544065
802561
755569
996121
83810
948331
673531
153751
513401
825229
347092
349121
222881
102988
566433
797715
8620
433988
663113
173341
913295
923747
425729
774101
63672
634721
16101
481529
88326
605813
644049
304001
563651
894881
958587
998153
72172
508095
895148
341620
982941
133769
764580
474671
507822
219267
30436
629237
210251
316021
240385
554978
431211
185011
516685
133981
30802
1343
784614
204301
180791
193921
549121
923111
555569
104552
273901
126238
594905
491717
882567
701971
117651
463796
387446
546324
501144
823647
308072
494839
838941
630339
410857
163
131201
72412
508900
342170
633105
175774
4096
871362
32845
274227
478851
643256
138953
610097
133100
976687
683577
961957
712599
962575
376854
314889
22281
96464
836590
757471
668050
830207
636325
795501
473842
810517
110339
638549
664641
344201
133092
641904
375803
804821
618265
27501
5676
427659
220245
33884
733673
502117
506961
677497
521115
216465
106401
102145
512718
896593
606247
826789
362901
98756
784417
791155
380483
214061
164530
961127
891221
250195
9521
242389
948958
34501
371746
486091
804969
280623
109381
622923
711875
443269
267992
457523
91291
26422
69942
652977
891151
570913
265766
988210
89371
898341
37047
232601
99016
907141
86346
744710
109307
505185
773436
633169
782793
320421
373897
437349
278301
160045
782475
744075
783196
530577
180195
794121
563685
794136
115591
554153
550209
633086
108991
612956
981561
61369
538001
790755
674326
549985
115297
303768
610449
776753
403569
918284
45221
337361
945617
881256
824558
397146
866751
178153
145144
993219
546471
130001
318756
936643
902049
370061
379333
737997
663627
803436
625725
37471
888329
276701
672728
943656
706489
951268
951201
559981
582702
867087
796367
62293
486451
931896
190941
85697
380192
780129
520481
413073
862761
274895
389943
784123
267921
837601
589857
453121
954201
952823
442647
107803
255887
650324
293893
626112
801707
438401
26921
548998
552451
317803
6446
51661
814904
232985
64145
875603
267601
283657
837151
248107
748174
554191
338041
208201
41325
548723
866795
6505
505967
27353
532961
968852
349901
692841
938325
549841
377655
269001
740073
963619
381361
97249
524509
97151
444676
219909
830137
364481
500823
487289
971426
75775
867071
423983
780497
175729
903439
853319
680141
255305
555512
40597
351182
492401
470420
735579
561621
645890
179251
149870
543852
6232
229437
943508
611069
204520
894295
544400
548585
336690
288695
296937
239474
945201
77363
531614
231169
500032
476309
180249
27473
249833
191391
346319
874121
47995
444230
868721
624889
517068
61641
679281
587233
894184
819186
284345
75787
410929
856501
108561
944869
58671
208589
883995
524095
326961
377825
282535
20203
708853
65671
54141
61052
399057
566670
491813
173690
700441
791059
326249
754544
679995
240703
347812
817801
123001
361805
420337
162791
647112
671346
954625
978061
55462
671946
331167
805298
88093
868436
60455
163826
559361
515401
852941
536641
156801
648748
390491
178585
607602
469966
931085
453091
411917
112530
257821
712185
570849
925841
491929
415859
505375
29405
816141
163225
68101
234405
379801
997608
695186
249515
990161
101889
65254
934608
419944
140417
213563
937337
355660
652629
724726
274065
509561
787901
248186
618201
349461
420109
426656
292341
393657
285877
615491
189350
159381
618722
838627
985435
487149
636861
412668
479933
355182
791519
252991
512631
993747
152769
700942
461992
551777
731485
718906
400913
746504
332533
582229
353113
469601
548744
363485
489529
676494
959373
354697
558113
386501
121355
710019
668431
805421
987897
783385
75104
165769
865396
979795
288761
62641
731073
862627
490941
111816
510401
882577
682302
376841
481645
288766
325049
507217
650231
979434
995271
288904
818391
999201
572290
693299
128339
245188
886161
697457
297833
866511
504901
288555
45343
555816
837133
750591
942997
84417
154765
117239
644321
393406
410141
479691
653371
721791
807814
382325
291836
785041
420679
778163
43755
431331
803505
716961
283899
305233
845749
992667
361585
658853
550528
791233
420751
947840
678304
137011
447712
928584
406034
716051
101583
460577
129161
777013
737515
416277
878633
145545
668319
508315
672057
528333
966705
83792
707601
444689
271364
56314
89377
997433
183817
325917
751816
724831
430951
947529
642685
885453
361173
338778
906991
120876
7970
926250
907501
438492
455635
141801
101641
96318
463293
974536
266796
718455
994205
870977
276553
883043
81571
485576
887627
484117
279151
296001
597585
669727
952081
385987
857567
504443
189777
375183
119529
19504
496947
233501
313973
504711
192033
42485
665846
766671
916759
95765
32733
300571
838277
68001
225025
819929
383214
325261
782081
881392
418123
816195
806109
318675
865548
997485
281325
861026
681679
389105
292043
120898
723926
982815
658137
977601
57823
262891
818367
739393
687645
789747
125945
191767
278396
95013
648912
549041
589158
743769
331426
130668
575271
295971
476541
934295
369083
407685
156834
635521
640088
942441
144545
948253
591956
933796
111793
22081
944976
35505
830041
958280
53905
450162
568033
101172
88901
587713
780818
515561
789725
190042
544327
651419
730239
98369
419501
858663
599131
147276
588201
32801
928583
468025
814771
474583
511751
567591
302715
548505
848145
74917
658711
788183
704382
912237
280181
710411
61571
603971
748345
905976
834531
217627
235601
216846
538177
99201
461557
287659
270355
977665
80731
495999
620979
306098
695721
552184
33923
496036
552401
264808
366977
605979
470001
178587
738785
375277
384276
632285
240111
282281
943313
829274
430997
551801
867081
49825
902693
581945
766625
763297
788961
500139
134669
77501
181609
922103
711977
501891
834961
388693
64545
764211
275316
985030
281881
194203
297553
256599
258246
408959
52293
183491
722317
553345
33684
897481
112959
971131
859595
563811
313131
225403
893957
166741
672343
219759
583955
445616
701449
129370
791126
750747
613376
456275
837941
442117
938401
741713
957727
199187
247829
424767
87281
89864
830561
864497
171061
521751
710785
809141
385157
863252
887561
855381
75142
929981
670335
575561
450964
214544
43381
109801
233031
582176
436171
243169
409360
760569
314681
471406
606492
385649
944116
265081
625005
199405
198369
840936
203169
890941
730947
438001
645061
603057
961296
638585
247161
647694
257673
479885
484707
900751
743813
72116
318995
977801
48975
272117
572411
688933
761181
510645
715083
752953
719165
88601
644994
509801
642345
891241
911551
699689
828489
82337
95268
885478
49570
696201
489209
348541
215279
595374
355776
234305
405996
504763
456391
49801
135381
45589
517633
213960
344021
836828
256183
93711
64436
232505
259745
749681
789201
91065
765751
608542
177346
928267
785153
873571
710039
151777
418061
815249
410506
200129
677799
66913
583621
305151
247137
240113
407055
186945
26646
67111
213773
287221
66481
615721
75335
392504
775401
648229
201699
635585
577389
376943
483001
31261
893326
603095
71848
757949
635765
773305
262381
213806
657137
193758
545826
485407
925921
834601
195937
420054
63935
630179
653091
288765
612456
947725
787889
513414
409680
778045
456513
416711
490519
465791
170939
561639
242882
610115
775520
913378
36195
743491
822761
524097
612861
944445
749532
650207
762049
41813
143326
442202
108281
293316
333400
681199
213149
542129
776513
395791
988857
620441
348693
931861
754830
945727
812715
481495
862780
396155
38266
17645
771851
546492
131887
519457
823453
129063
4167
399646
433029
245197
532126
750592
457844
930481
528073
260509
74961
550974
529524
326133
379497
72129
852953
169499
907369
753775
780109
776580
353251
405096
949747
873771
465678
582592
511241
183550
4201
771881
938443
839339
821457
325618
296376
499329
771799
581327
218998
880505
860536
561900
815432
510596
702074
34361
133457
831913
801809
454225
484301
728549
187826
914918
705361
331457
209953
560120
794239
615495
32216
838027
687561
854417
670521
910023
465845
434728
32311
535138
576285
71297
380299
217960
168561
778211
389224
581341
258525
705505
405387
655601
472593
953332
839975
294480
674012
951793
91041
738888
705955
428499
2462
177251
2501
902625
412833
574329
928609
778328
133632
794911
126126
963307
222225
164575
116819
677187
220945
613991
343041
921631
404972
135393
382409
531633
568107
588401
132428
198435
67281
924364
410176
98122
421678
666606
734320
545119
35601
869343
678890
937422
745626
946656
493401
580043
868686
592346
821711
811311
838424
737681
262048
323147
556816
783337
473853
893201
75664
736360
384381
818749
928817
878843
513291
388101
606341
17928
166489
54081
145501
497901
673
498201
775895
576989
894585
630001
556058
680638
961035
80065
726906
659072
722385
581471
774310
344453
733043
233217
791597
829118
231711
616089
477083
319568
504467
641216
359601
432557
457729
700580
283971
357872
190681
805837
696767
749188
264930
92481
981521
327831
77805
847761
426350
452301
624141
379911
682526
667421
664929
297391
599989
180505
582637
966744
41173
362116
291329
124841
789121
443961
180067
856709
124758
107457
650257
530189
972007
696315
813711
966101
784087
147481
676993
821178
313741
795376
410623
953865
829346
118385
475393
640405
187991
448729
937349
202721
728192
734365
871035
200756
222628
576956
172425
334769
167491
339457
610576
33649
256589
871298
802049
435134
160534
812266
291772
252101
323101
841287
10001
626823
340256
116831
927544
897152
209462
366051
21641
47145
242251
580501
346265
768897
551481
952056
741861
870749
515037
732520
881071
972218
445566
884977
86581
895901
24370
991267
176465
97881
230631
822474
576872
138791
268695
462176
176311
834309
835823
201101
730790
281606
787397
747340
410103
326217
426489
633665
101067
623181
931021
470569
699729
199784
121001
838993
849857
50319
520993
410749
606610
40680
658595
194241
8087
78821
598761
259301
872230
452829
250506
205343
252606
438355
829133
449643
842237
598662
965841
185215
245809
596003
652957
499603
721445
360355
397424
780071
636501
497891
456756
743457
485321
299435
664973
112001
598005
132551
784441
80187
36280
556461
160719
602105
813138
402951
948947
261212
541597
454401
998181
152516
371885
547165
617801
99846
971391
375681
609317
434197
321613
618039
808241
308113
804031
263713
767147
648617
877613
69691
167247
550841
158208
251680
310031
202753
576783
292381
773665
8156
88681
781521
662562
903579
327791
537635
929658
587617
868695
683847
305831
461353
607899
507041
650705
46019
818478
879577
659580
391799
337941
148617
360630
46929
867930
932133
690209
689157
875336
70759
753963
371604
719474
524838
694900
874366
25431
434261
666592
613170
772679
26466
981051
218841
390658
276012
625857
735201
8993
706201
889433
471233
788350
272110
907157
777656
225800
322096
328216
80837
430645
16179
155192
105681
732797
995951
558295
620717
820738
991041
47269
121459
146049
804051
482024
441761
677762
167801
904984
345985
817601
158032
912753
661507
849461
568781
890202
296973
735568
703411
458515
736301
380281
255491
354769
417297
334065
102465
825676
312993
293681
147701
860617
133001
689521
231131
906881
601253
304875
108701
375271
579521
171523
105621
398547
554708
506850
558727
755167
457351
342950
214205
755104
604067
483914
318401
469513
495956
959638
481681
547951
546374
314841
931148
786865
169567
711687
674523
99641
908221
172466
760401
208531
481
58683
247447
963281
903137
315457
93401
887001
164217
20780
167201
882581
926713
344509
389741
276413
9091
518826
426020
33361
347559
985326
250227
799169
260791
452394
167381
590786
961921
721233
800251
52969
895311
531081
913979
464165
569381
165474
5937
909921
283201
705315
884285
324992
23473
656883
12599
246541
935737
352457
888066
654361
105516
166920
307961
989617
208646
520514
72866
391499
972145
380945
337012
105611
313434
657441
604057
406129
379880
867421
409199
181885
451681
919151
893346
813773
924632
151328
80057
843481
444410
648085
173393
109969
46967
935633
725702
666677
407591
466101
889661
339093
535343
691694
215357
812721
471106
661537
613952
313543
474802
898338
385729
74913
680887
880185
324969
645601
845286
801694
4481
124561
696931
140891
695817
443453
386310
853606
395043
40985
246868
158120
63558
343270
673896
455364
270839
490203
983881
397009
296926
860031
527651
711735
763241
576737
352478
561393
397541
489281
357431
919201
270830
727748
617968
988241
238828
988474
174697
423178
161646
190529
352651
353457
183085
976689
615297
75561
772589
134681
374395
752627
626525
443265
23145
330259
368309
872622
964843
670191
34027
2793
470761
995630
915792
979587
341853
339389
552889
714151
578461
216526
302001
984161
745063
748673
655685
894836
195731
597776
271784
344665
150145
954547
191451
870446
642787
293107
134689
545783
105366
3099
835827
114286
151469
216881
412649
925732
891521
770526
635241
219150
756274
448477
167156
670881
391687
796381
712441
86885
261761
737856
63313
77651
325716
82846
545390
196837
592493
968288
172201
188543
924369
121025
730617
652361
913911
31873
45919
652661
360561
82550
188642
381001
331771
718584
215933
281429
300089
690868
194231
158036
927277
763628
333012
407611
663893
343057
785399
73219
80765
939344
268938
414116
878335
697731
961129
699001
900500
512847
591025
136009
139321
758301
487001
951401
208413
129985
732143
341783
169976
610265
433781
736637
432840
386261
113041
843221
417688
352166
900081
299937
79726
234689
595142
54277
916485
10991
313470
554831
740351
671809
686855
13906
69115
829441
914341
23081
61441
669981
208950
91303
716257
758218
246737
365815
734317
787463
523877
95853
292639
678593
539965
567241
32701
626996
591162
473841
653751
731971
229433
988347
388354
329129
965989
117612
323618
627501
70576
594561
879001
334126
165606
146880
855987
616769
217069
320001
343223
702391
714710
871741
764389
33001
492303
755586
682581
511697
832021
791655
696510
732798
768281
328001
634481
465565
839306
331395
788789
129326
209325
241451
915702
158567
336502
263243
954801
390021
570051
121001
563193
704537
605684
819496
334969
78981
248860
324265
963233
967896
430091
308987
645760
998717
519699
802981
99785
525864
506881
269287
316421
269388
596897
336161
162903
281416
798161
140861
347065
748229
484345
579731
247301
285754
743709
921074
802258
386561
212364
685362
303994
569266
995101
378730
138020
868751
773137
318377
475501
445941
451753
455179
718543
828833
139857
754997
58643
667014
614595
777591
822108
771975
769589
291107
293991
140967
383813
918949
560368
595777
777352
615561
59879
521075
769137
372423
937843
835656
934856
926191
2583
500216
550886
771869
18049
152861
708131
763290
438281
1001
801257
972691
511157
533201
626577
793570
836508
195066
473329
627605
700431
316669
200148
294765
287660
389919
691242
424701
558122
581401
344717
81963
328404
886863
845209
479430
454581
13274
356068
742701
734583
820065
167213
837357
724996
590117
446029
996681
214493
610685
826021
736981
464886
580928
686961
455025
550705
431621
181781
965901
720245
934104
694000
666351
584011
105833
465051
145000
908839
615177
336541
161434
765663
858090
381239
69031
579858
978657
242736
961591
255159
290849
858169
326750
904261
640109
896841
640494
615327
884176
779791
438621
461745
345383
263486
301909
71457
246701
724481
433581
386113
632605
531885
958088
584961
194311
837976
397259
560311
505509
418241
778041
722813
128929
178423
507421
400193
292625
246276
605081
980524
865511
493552
847101
70611
448185
245417
565238
576481
477665
384521
172108
663086
632572
901297
371238
428514
849457
66907
769893
152344
838326
176555
160461
228381
753829
473179
571950
41952
87185
922631
868779
710961
790052
17653
60245
262489
585576
358321
686831
510165
216086
317637
211897
361365
199369
281971
813913
703301
887022
828266
5515
699925
458813
537651
300977
228961
407121
149090
452505
972989
62
529889
680065
990507
719533
874407
455575
684491
213227
965046
882417
886250
598289
991666
619137
716773
81601
463618
751095
658195
270027
877201
135329
389105
606705
14782
616037
104907
619463
468666
246701
286504
689577
936007
248110
287697
344233
728041
183275
798761
199778
327307
545141
532736
972681
613090
421642
532147
697304
494312
61549
205133
629763
916291
476197
66229
132915
745021
675338
230737
174456
189383
400037
529471
579457
422389
565617
361001
564076
349319
21031
490464
729276
163841
369601
978669
319187
968067
391261
627149
982013
923613
595070
764015
21727
977646
767873
859169
545249
352203
236875
701452
342071
769670
303161
113997
292271
110243
828114
498330
479211
303236
124971
546631
321515
673939
255515
615567
915717
332861
584486
730855
62177
285009
710045
862737
295497
51569
438419
211157
106836
550401
307001
26015
929959
825951
639379
871306
709799
386099
106177
740203
468241
253643
731891
611826
517958
500507
134581
570491
125003
400916
341305
785076
508881
489546
135549
290280
894665
149139
32201
217297
63612
278905
322171
251001
818273
855173
11121
783605
663745
734654
461339
901634
353270
740441
527181
386023
258975
929685
698841
986165
567849
886421
47361
184625
675601
618861
538332
73326
374104
957806
4906
362461
936603
10261
928272
557057
224011
389906
566462
428335
571841
997641
92253
452173
983601
992914
998276
359599
930651
75477
404126
965376
764275
771653
455120
663787
522187
920029
218225
68894
7189
645425
824737
414798
884289
554757
116429
48326
381730
610731
572980
63432
623588
525089
396633
541824
317421
816601
691016
895121
223895
941569
680188
954032
900175
556676
4461
744168
9793
685301
505793
801269
498881
484561
370161
792851
681127
744734
752925
195199
834137
780689
429241
684307
745521
42685
225331
88411
311241
871560
658156
974752
639785
374515
483326
229687
533388
339429
660686
406785
411202
93451
960581
116621
448426
333321
52393
175686
884801
140314
793943
88339
986057
743378
591392
596846
820981
255479
749996
923395
296250
161877
490071
201437
380971
91405
162241
282741
827631
885233
857066
634097
663181
570049
733265
867905
705761
413729
803073
907777
646722
333714
246099
298778
298213
705241
751941
955635
606251
175021
897537
183420
61433
823323
901683
768993
5109
78083
444083
70937
674389
975437
507927
77109
293041
693205
643317
885423
415009
614141
648291
404609
880861
588639
293085
542185
556967
535265
728777
364138
118005
388997
433557
798477
821335
835493
943422
150277
368769
840291
831267
480285
986981
825581
260649
712424
698814
964705
393851
366597
937103
981763
106041
90676
185870
904816
668025
555541
199269
960615
928633
864325
759708
371501
322320
66531
24135
26457
202312
76101
264221
787101
251611
158656
839733
13489
155119
486177
960573
369679
36073
769986
955917
61955
463045
310953
403834
371142
607801
871001
402336
863396
775497
729751
772571
643169
302204
245161
613201
753201
50307
950649
640507
32821
883841
953315
63529
196018
343208
428801
71129
893377
192125
337001
307767
960171
176253
325871
48117
68299
686349
556951
255449
60940
128411
300546
116097
499418
558915
427137
820605
383519
653628
778147
484484
918193
770320
707325
855401
401033
948751
260673
954581
13412
638651
797559
321153
271861
828871
424815
735062
144345
882117
242923
704618
910269
656446
759331
935047
626457
178117
299409
396605
970596
186543
845466
954701
696495
348741
794636
454027
735735
81869
660131
669761
226406
903475
459674
887534
706401
11654
150151
412973
960387
316234
743681
240418
430451
880229
952899
224817
743690
153905
740945
423643
20025
601619
476093
497221
524228
662519
87951
652183
841568
171037
146172
413793
60425
481366
683183
473261
466209
20189
815563
690434
445681
897993
137237
525425
612401
403671
271491
372045
646588
325671
544041
422485
162385
221249
747021
893661
562001
875457
666161
753061
982276
479307
775226
209272
673081
879001
236301
780397
631590
350068
11527
486705
771106
125656
57311
700221
972993
218881
466374
817714
201439
734687
83227
801941
153881
794831
401652
294526
154704
179201
749806
548901
930789
391696
605089
511389
164029
307501
430723
340781
519889
564421
119511
398273
170341
876589
268165
285265
325741
480076
156881
26785
823891
281826
836719
703241
28236
148402
460313
80785
517036
974527
291571
713493
9075
819437
702790
809638
909226
534011
160201
956981
944369
120867
529749
260863
497461
959072
998273
875325
626345
283751
574293
667348
60223
996961
711873
732253
213393
309917
254584
319721
287119
54641
262165
996983
207881
392184
857824
126919
537473
986389
497790
771677
815509
180209
257377
271191
84361
753083
804081
818775
632037
998561
445057
819541
47691
80197
227735
68961
273863
860651
653741
928118
315670
911393
814880
54955
727551
491401
505201
168309
100791
627660
962069
974548
783208
376421
739038
992456
149908
888455
859431
883993
790729
800158
325611
170971
67307
812913
262885
483630
821589
740133
333541
448527
450577
769576
339541
885409
252645
713421
741646
164641
359297
329461
345741
425877
131513
259301
347836
436801
548613
739976
749825
862223
131251
400737
190162
151206
417673
266133
261769
473445
532221
496279
280623
384257
9142
587261
866620
725949
214299
387172
266269
506609
736356
123813
131019
640112
958716
230601
195057
286001
607592
951901
371041
748943
530741
883551
354349
533301
280126
190494
834739
556985
118941
38017
772577
508921
112500
29601
395576
184176
689169
332001
80349
590851
22113
103761
331799
2475
767016
359398
163161
510035
667801
988667
840287
808361
920081
683601
868609
988629
943745
853749
264061
721031
831265
253013
234301
717441
227441
918647
841585
402705
935426
418399
475229
797289
933261
918881
949205
983451
115307
58001
227576
433241
142475
982675
283256
619711
551545
44820
573348
232225
330001
541761
308437
584371
444501
360425
357846
617799
826774
605071
127045
15961
42869
401093
835393
712869
960831
4185
66425
653621
43948
888765
981621
215626
603681
749956
589835
700242
412293
231205
397861
929389
83471
159469
734225
9063
29196
239691
448325
193332
318107
399201
258375
762401
190917
772656
65155
163569
45649
278356
538695
538234
462814
311856
675457
795311
35367
486609
734096
419851
953081
88952
227668
873544
858621
188801
685608
803146
72321
738601
331639
837371
242206
918113
351452
863693
422631
961913
356587
329281
224921
489201
652153
971393
907477
264491
300283
496031
375957
323996
98805
848341
765715
309526
252345
32926
44176
653601
307373
726846
140141
774315
702003
839158
445707
847518
846501
17651
28521
616577
427330
778536
254799
366863
236035
16615
319547
914517
777258
810843
513737
317031
24801
602097
471554
964706
750945
277181
860865
127722
951473
748377
434073
254791
604996
22851
436081
497891
280891
320368
190021
717415
194443
168021
293697
442761
94047
372321
729545
217181
403555
626609
926637
259579
73953
713501
287996
584673
410551
640461
281203
131961
49921
470843
197687
528589
446437
741889
685765
815281
169961
328732
116689
613449
477725
455569
948915
887841
321126
460381
839636
776863
914857
457603
147455
784210
432661
104841
836025
457746
475485
806306
107841
713110
880705
683241
356901
652269
400261
495089
87753
168625
40332
95097
232929
883219
740457
421051
710581
217024
245892
62997
556673
365133
503153
267611
268257
793647
619368
923621
902245
808639
389603
919506
495833
783425
244093
817377
958699
767290
944368
423746
58106
77262
186326
614247
794907
197265
353681
460425
979711
533221
135689
953341
411905
800220
436041
526981
477051
932281
844041
815865
426589
162777
645776
57809
158057
981848
914251
116301
687981
522741
190313
62926
78705
99931
154717
961029
247337
251301
824193
951228
556671
273200
30098
542599
577521
406899
281622
486113
470321
794721
475276
281654
700028
796015
847829
483946
707117
44121
626540
359491
739009
924405
540043
628401
762390
247331
882873
199265
71460
621165
247246
264969
757425
157537
254125
973765
779201
330201
200741
134928
956244
454853
303537
480721
565833
810576
170241
495689
835285
396747
84989
715946
265371
146899
209156
74933
984753
847073
703304
779469
737940
181681
959941
873149
472699
733761
396638
742953
538181
844391
948713
980413
568612
739678
653081
433554
492943
110216
995779
636871
21582
545233
335702
940821
982386
413323
643073
798138
173446
219106
49958
796101
166751
448421
311527
885482
503600
353579
52657
149059
566966
203829
604248
367691
208801
154053
958688
648456
579806
124593
218144
649675
523171
318451
960637
7893
613408
178979
145201
909809
952109
335521
488001
757098
811871
631041
432101
22408
810001
768181
280939
192889
656363
686273
950006
444320
166417
519909
627321
399275
88301
474625
90901
976010
806481
417107
850070
745716
583564
828797
921754
718961
936015
62945
107501
576371
255481
930435
255117
525146
61136
332553
958689
859617
26812
117833
288001
983377
103141
194794
358561
624057
784521
503758
772161
495940
578011
21140
356259
130561
542881
157821
758957
55996
472577
291841
791631
768266
926633
765541
573194
617155
801433
972497
266841
890501
27621
362277
693739
599104
402256
376498
155381
492224
948889
301165
418857
336631
388003
986966
97841
243393
898069
249229
108565
274153
564705
270889
176925
971994
895195
972305
283255
233401
244889
998752
289889
573135
312793
6218
530086
457068
448577
508911
144949
914441
829641
722701
838709
514871
351575
838681
315167
675633
962213
173377
111717
329681
567149
200218
689369
279265
734057
185075
439005
571001
918201
698451
176569
12601
923966
378501
65489
718425
283029
589878
542211
961889
873787
153027
63553
285421
46230
762389
589441
887286
943030
13015
259577
101507
831329
446201
115351
885922
840870
141026
414203
971201
449565
692673
364337
528382
204129
16671
411137
20091
428689
991544
315969
364353
457461
723251
418051
742201
449446
144923
460660
233526
582841
540001
246243
341631
689494
503416
543056
394317
187117
954589
44015
686097
333535
325141
699877
622209
954757
389235
960001
641113
242239
896961
609672
207657
518817
78489
854126
858329
693823
536123
423861
960513
848996
935697
306483
869700
58194
868659
431481
241113
400696
792881
894676
413034
353805
454805
254293
312696
61564
517137
864891
259641
803546
266459
269326
424371
653703
447669
189049
275227
492603
63309
626895
24615
26832
307009
886067
604345
276491
844575
216961
432635
221815
33641
644724
608476
88067
25501
697225
577041
523671
288281
936591
944902
309977
928909
897144
364649
395881
918621
983617
494331
89546
436160
165095
270590
987127
899065
672176
631690
398839
569105
529663
612764
382831
349337
336368
830791
592347
129145
673519
433450
573659
758641
448828
467502
897035
289243
247215
305937
465847
58121
28161
471445
60680
18049
293729
646909
654569
352946
429027
557651
479696
225321
655955
358649
576809
520596
189801
203809
355169
695369
290688
224771
628276
922539
173697
802341
788205
21876
83621
384249
942826
568706
181589
220701
910849
570463
315802
343181
696009
652429
294104
155549
376652
811549
805281
960743
531003
114597
255981
378006
437259
112001
466521
255042
297909
539440
459601
288981
841505
468605
51201
404001
567321
874705
590467
246323
188120
520616
518947
658345
146955
687585
635850
844903
357661
630801
785281
686781
498511
708793
817601
957202
459311
25975
587485
514529
57137
903181
15756
79861
912673
855829
594363
44467
355791
603066
514366
479841
205435
969039
782118
92883
482561
576787
870811
819087
985352
835207
934145
873699
308784
117057
627671
503385
207057
449601
248285
374484
506221
118306
75321
363453
129361
534908
644514
521010
398741
827616
909166
324741
53241
54081
676481
507731
682855
222325
867051
362581
297171
122164
498467
817601
567502
690161
181303
692276
160641
673429
20071
156529
404110
783981
92271
57177
592369
729042
822893
544041
36692
605121
299615
25819
845465
840536
216763
235137
336331
284793
663084
793265
652250
359981
598337
14091
86841
124787
301681
287357
565749
739931
463201
795716
625043
763571
884419
195341
355225
30291
680126
767691
177757
200841
232113
32611
60789
401985
299805
796664
601649
310371
116657
960681
688854
730117
555448
911431
499410
489245
481749
44191
531381
185173
46897
313045
200793
799429
316171
477661
442031
403646
909972
677073
300044
108293
556270
233481
323777
708187
101301
876901
408108
303741
520353
818051
547307
707276
131773
638860
519551
262813
483063
147635
554204
751961
429425
421671
834668
39586
105861
889409
437429
930761
904181
902569
274601
70671
793276
932801
489241
744017
426796
29638
347901
964881
28408
963969
862911
456097
887706
962525
884981
812876
307904
612073
460201
801696
920346
933889
601459
918313
985603
391047
879675
678151
9657
522157
352333
448653
978370
744241
198673
544593
371833
197945
824525
85359
339499
922613
697953
194945
649600
132518
383979
389439
207434
948791
787065
556479
617581
140561
625709
33326
800665
882321
65013
546201
562561
196725
777009
974436
466726
746257
376081
247141
153301
679132
109811
319061
33811
832705
704629
139321
110166
101170
920334
914298
443222
894346
13697
77671
775501
657143
407325
923217
191489
366663
990241
377886
675359
221361
708715
784001
103915
608483
826402
422545
999585
978383
615208
747361
829126
460691
272321
351257
456731
162432
791678
911832
948177
867153
834251
114915
735520
43665
694871
156151
968851
368203
135329
88341
334979
411952
44236
695433
161701
440657
444986
954068
329193
441825
790569
359861
643973
422209
27764
826406
162867
273399
543753
640083
203782
215197
818705
355431
985713
530130
496882
508833
661251
866455
130927
258773
248589
644061
615714
108005
920659
590815
209951
962949
41506
812780
262653
895196
554067
443829
12001
278655
777954
21241
750036
525648
74841
482307
209437
272078
875612
146851
486117
400329
626033
704441
475001
747846
170229
706711
201847
997665
733811
448951
726501
394175
882369
138081
969021
698527
477685
888556
327205
757207
490521
748937
672013
767433
611025
539249
953335
373107
6851
171768
77066
547821
652905
627297
109501
84517
404785
236741
566362
286161
410407
399687
816084
765169
702037
325012
518826
478551
965774
986456
656961
530593
847075
563193
6241
476333
450170
391326
42414
798679
502425
94161
657847
651881
569897
66861
312316
546772
869237
655459
727306
721963
776812
918392
562761
354671
839851
404000
204255
322220
378013
582465
138617
230939
593327
998561
196004
388417
352895
708891
215306
378389
57317
707787
512981
921782
997661
632513
81332
695457
914803
372861
677839
923108
694922
863849
495945
939243
195145
422401
34381
257105
730345
190056
654853
49349
913899
936485
3791
666721
216733
814397
854893
984099
877218
638519
10641
782579
412518
304918
312147
567941
596276
185121
48641
207957
798479
8663
941979
904534
294641
674561
296303
232829
942786
92065
99777
495649
782945
313164
87469
446985
36065
278681
25829
95429
916305
194025
576144
53173
325385
822464
662543
314433
593821
755890
506204
831687
460995
970041
148380
10681
888183
260353
606021
212288
921401
34302
553769
807331
866789
451365
427777
538179
632397
791915
659176
842791
439334
102727
46059
122134
952933
605016
445135
225261
555221
437471
186173
359149
282986
109890
873851
507937
343931
512272
18550
12231
225640
944065
88201
555516
984125
269889
951001
703809
267251
295297
44813
673416
788621
19405
709155
804483
413281
369969
111246
39689
573965
938029
222025
223686
14177
851099
493393
863666
300897
93371
422329
142717
713242
953686
753560
710921
26625
803133
474279
300508
16986
739973
929837
513841
816797
323956
245282
755289
954363
30201
915847
24513
20458
925297
435480
944588
798457
164005
864999
638476
57531
522213
411911
34821
586231
625485
238072
483847
902625
154591
222495
947137
872539
270471
322233
590565
541313
959703
105004
668881
990281
595009
499713
413005
424120
577840
255201
116010
459797
759857
235925
806865
937895
518906
626317
484069
238417
883063
688415
479211
768266
785647
829126
687437
288473
631755
91137
911351
608331
596485
904953
977921
790923
686237
353487
938258
713201
866808
458801
698669
40807
531233
147916
12281
939301
530113
625821
558574
781001
596563
920602
563201
137221
169881
301021
721297
106423
805421
250801
241297
103502
105361
792400
704734
582620
41425
169511
576265
720261
451009
642591
133215
748217
618497
327606
990401
566437
85957
705617
904569
373637
379001
278071
482326
647397
96137
658612
529777
693547
753697
488057
682377
633363
76171
11485
291337
497789
724993
223434
956505
666001
306866
391401
247381
856526
562591
303153
769051
200410
596126
654829
699367
671317
496507
849861
420808
812423
321420
140721
640665
542753
376011
213283
54201
687208
748811
601001
224107
892294
136105
940592
875476
796303
216896
755407
230060
604721
612681
651925
343694
913685
283313
492711
123841
508984
588461
305228
324901
351105
316743
276737
165911
23995
654657
264812
691633
834273
833057
141142
816525
842301
422491
797391
375217
407761
786596
617183
135139
442699
41521
537781
423009
989861
767720
723121
336397
70121
521897
270331
564481
181569
384281
512801
191363
145910
595230
850303
633025
216881
499938
495525
960927
733623
803545
530216
521939
224597
440577
235389
915569
107347
923858
435993
137281
468113
742033
859065
268314
383923
966933
163215
496010
663655
3381
795336
601515
433161
595919
426265
233915
103265
73449
89926
823189
988026
505681
265926
630950
982849
331393
320031
756221
253659
143085
137241
381659
100061
222493
466827
642429
208985
807198
704306
473130
317321
510781
617713
917891
397713
130629
930101
943900
431571
436961
967014
513321
483627
925333
385671
991288
972351
203441
556018
138658
955001
328020
486620
678668
216101
490495
898561
131245
268731
415746
115987
395845
426068
332289
241371
157939
469650
843783
706332
376860
263067
618297
625709
534801
795349
309453
255137
306857
566913
927091
188686
510881
308202
717901
819853
625976
619561
203391
703539
584639
479126
244769
312618
141614
834509
625241
59493
432701
697197
409843
449906
2295
712319
562419
256961
87196
354606
234681
670201
188537
721181
525541
23831
866325
591578
909415
661402
573249
326078
650225
593363
961089
528270
549093
112031
211376
784537
391020
198961
210812
710797
189417
141251
988098
247686
821945
966317
934044
708683
279558
827941
401993
448473
133011
131819
24129
382259
267685
565718
677321
351441
114510
244325
862961
908433
39884
1081
520516
133711
884486
694165
729459
92641
248037
460461
549549
330403
230963
80641
576903
472121
91693
241557
251156
698601
331183
807596
318781
106904
775483
726957
494121
489413
156012
512913
17701
83773
504257
968994
755606
222614
938399
859227
754621
489413
576961
976127
790259
647796
210896
606561
767881
893381
412185
412721
6641
711521
484639
66301
259967
426276
816613
864273
518318
89424
142676
640295
161686
500126
544059
572457
393176
197539
232149
955026
601115
445151
347105
164933
713926
490086
165340
72392
547105
526810
573420
563237
939365
780419
946753
954917
525211
241187
125921
409901
417553
102451
577213
936164
366276
192497
856709
323830
210398
962261
297477
130471
716225
761708
597445
49249
184974
71308
69959
543577
329513
926717
423694
425367
943803
482801
127153
591989
238185
469387
247861
808619
829487
373389
133623
950191
449337
267567
539513
429026
598781
758177
58719
165082
268898
125189
502193
263457
808601
286997
568881
360526
804172
994137
390608
970143
613208
493916
223111
455905
510165
974129
673011
586056
367757
568238
423618
740012
990079
132385
596126
594089
841001
794876
324476
568365
854519
183046
386886
905573
405698
774141
81825
368153
300930
817201
436831
75583
825005
576053
548669
660093
121825
258595
612971
226195
31163
747305
240184
765929
629007
410910
990244
275711
341119
175046
630887
713265
411065
758536
371865
50131
656193
81561
660781
915780
303951
206401
330185
889413
946534
422633
275201
573461
859411
723951
411950
500421
275646
122501
740264
18969
507725
314023
962213
181601
58112
941554
236815
48621
733568
486593
716936
528161
347901
535898
890555
19776
456570
616941
524437
827964
152969
629761
63425
560221
45961
793921
193921
703072
359105
341273
950057
743317
473767
743506
42184
606382
31921
789881
171280
315667
437263
377249
811167
144065
892801
144620
206065
87551
117001
102301
677801
368277
722999
891369
34463
670653
340666
562704
80503
714380
618067
892401
342657
9585
205813
412353
360226
980956
25751
225601
653881
47813
562137
836772
208526
847126
388801
729460
746241
497676
951007
377097
151181
309886
621601
347709
132937
906597
41781
937393
743169
104091
147425
947021
383581
50982
296725
955308
551937
519649
358718
594657
241341
474861
847426
907601
255864
521809
519267
885141
284241
421761
699213
473315
984971
96769
234324
1
324761
374427
369411
229776
141217
493465
725121
722355
779031
411983
241298
665817
147969
855381
199164
134389
20507
564126
13005
911575
25375
66081
945729
726801
661058
169051
488097
55491
91171
436481
487865
574121
956444
268145
750543
876451
586475
383837
225
420453
704441
1097
876461
444481
983551
889835
612061
396001
263213
455169
400476
238290
237801
603567
420521
970737
843543
837049
184704
761249
778209
867039
402945
416087
432468
896446
510241
976776
494489
390170
189133
333601
105751
556086
174127
995105
402421
748925
386383
509065
459393
430401
348020
471043
790635
157121
851702
507905
274387
582596
106301
145399
977729
998001
476759
948797
836571
995621
968073
658527
724050
825596
281625
327981
839021
804106
411461
413137
754001
762861
846641
483053
909149
146476
971933
68935
333215
497576
224826
248411
317780
112389
262129
396507
304384
368462
812501
815512
594105
147920
903959
611083
335267
358277
354691
735138
999853
445769
645470
829539
309451
456385
440657
524889
275471
702232
7373
998766
679009
73941
920425
234748
958945
910472
135907
444292
842318
632769
676057
14083
778277
263499
521069
847021
131639
933337
994319
310031
859176
559282
837600
338616
630401
171266
129583
722949
620001
312529
294689
947562
752474
215175
127647
421725
786827
704585
145141
955971
288109
631155
998657
820961
246315
625713
756766
489137
284829
581838
590970
452761
350196
994805
86546
457979
167277
454551
88201
938621
772845
339211
596547
456291
772088
597789
460385
673493
881967
823181
899449
269299
286961
867643
635001
303015
720997
192101
226861
874403
601111
612243
610873
928796
150781
700280
992434
600465
95595
124068
233357
109100
552816
733189
428017
683172
635713
784458
702749
488136
191105
361201
501817
999833
404369
127839
153713
50616
209433
539950
667329
433257
80236
810137
950201
456809
308081
962184
304073
200975
566416
186761
937601
3810
709831
409623
835936
747483
345941
27861
742536
435351
217012
128373
171441
601641
795165
496775
833575
858255
161081
832084
626191
777659
588141
548001
745989
572028
242753
448969
323009
129137
227304
230591
52611
297253
992473
64077
275376
711973
617908
908865
385681
35101
741891
164017
453181
244119
156233
389489
792059
992529
635361
131027
626195
293307
452244
401101
159985
640041
290725
188626
682981
380009
856685
137326
727309
23210
244937
441121
85821
625375
965235
736851
928527
950441
681501
215754
832109
627484
763750
691494
20562
528209
107443
453946
836881
952776
481713
505225
791019
780411
363581
37825
706221
181154
833685
313199
4126
668205
994209
731553
163551
695111
426813
228245
711925
215001
153113
918206
356923
105451
214399
727409
377326
429449
583955
465569
274457
912937
9185
950727
680223
752651
573541
433541
732821
50693
975665
280081
389907
857872
436865
671959
163713
665266
511805
284398
429341
341473
518429
294339
945901
48641
172809
4401
270321
421167
611777
159537
473633
572788
435241
406769
662961
798821
278001
451976
48993
903121
157422
506269
454577
259095
570016
341538
611137
571861
89377
219334
618557
482569
743208
685697
223519
324414
214947
366739
735233
523394
292793
991259
458481
978993
552136
128945
685897
755087
205775
485537
123459
795679
571501
733376
357001
591001
414082
814413
169721
257785
95454
746185
334141
179164
779079
823046
159895
403825
289683
337159
621393
199121
801748
352609
192298
212192
128201
929121
970029
480225
498469
788903
872756
373589
482661
267701
960961
106447
258882
563541
562521
241201
133450
878041
312797
574545
998103
82641
853721
860978
126764
16313
604161
712193
881217
755672
939522
451223
798337
306213
515714
299041
72158
978158
845081
412309
926759
350326
732867
839366
929329
164249
256817
835177
636065
343435
185770
5701
351281
713191
863652
501063
985939
703906
77441
376741
250337
318841
497985
346317
243782
39135
863199
168325
930101
67577
737171
873681
997102
469507
797166
845641
560121
142600
527301
893779
662521
580465
975990
715873
571825
532793
109441
985223
720191
148005
106913
82825
358935
938603
400501
305591
324593
192435
979126
436721
764645
395428
297172
804641
35918
650251
697291
733663
682551
94209
542861
176229
913109
725537
986118
666299
7991
400481
600401
465469
488125
506741
682701
49933
347937
32707
818905
225951
182113
768499
208688
251997
694905
597769
647085
945550
79989
317280
812497
637496
813975
18751
845921
114799
65995
602225
146409
498977
995671
634201
275330
54314
937407
145455
174969
536281
836257
970339
73397
706049
383759
555681
698248
719538
485829
553993
997897
171068
828031
48193
856781
570714
711150
76831
938366
450153
901436
834329
495331
343908
762024
536601
352657
178610
469565
682961
702615
588714
520681
970251
616715
431267
319569
725766
900569
918453
311401
727285
950145
674201
405391
159614
39541
343405
948817
209197
598073
208747
812401
54247
43412
542561
270309
679901
922043
874017
599991
511896
495489
106261
919426
741217
697441
902329
599237
991953
617057
676129
930770
571685
516140
624235
943948
769731
916219
388516
656361
982640
837543
519361
911876
311787
872941
295007
429883
862341
839989
493545
1665
18593
310130
315487
991095
904447
968633
203749
693875
860966
88636
241825
543548
126865
202040
667848
649025
2732
682762
38865
734561
672101
455126
412060
6481
935646
675064
172841
593393
80761
660521
638401
354161
626661
6406
486839
764750
885431
768299
105440
83865
183854
352241
51879
863476
277461
552833
743524
25789
135634
349551
913623
966636
700241
280397
656729
713457
659905
785819
589554
934561
32837
572307
828222
174651
401447
768874
171098
326062
829181
439321
127487
774767
814185
309101
546465
61575
804879
127406
948561
641806
381941
320033
288131
429842
837633
960841
425431
504025
580181
466633
175585
367912
529527
507867
176546
780261
511769
779422
966045
601500
916671
377147
676037
884265
73477
721289
896
683101
675965
402776
702239
350185
701199
124839
919132
108864
103759
211615
685802
644726
538785
167596
699558
210839
888090
953893
714723
149593
927987
621957
816600
948073
324323
360889
954844
82395
601761
570936
683675
785562
6538
629939
919721
461921
758451
145793
781507
241153
145961
970150
554001
191788
349045
741006
879601
738283
294049
135375
318241
241545
973599
869677
141731
290871
140241
74621
313001
394081
206904
361921
900489
849768
85201
968977
302041
619435
252184
646535
140033
513009
798785
862118
69805
241121
786415
89351
544577
776336
757175
514726
326207
132678
682156
424469
987884
77410
593131
430075
473359
84341
773452
67449
693573
837172
699231
35621
959818
584361
947701
346823
983681
932194
880518
206901
332001
259001
988563
19228
278116
53867
183305
97225
211547
697933
177225
802316
790117
357
297347
165287
719387
580356
137519
331625
444472
98369
734491
144498
848663
121494
837851
37217
545540
960533
182881
420441
509673
897511
583591
774161
658361
556226
873607
388906
856071
580906
504621
984327
292146
143857
713959
178496
615100
675408
32776
974015
536040
539465
966451
585693
609051
567885
264459
184121
106359
529100
601913
33847
158243
568155
143011
843281
848601
684923
924241
292591
225814
937217
708817
214081
260989
284354
319823
824585
335969
273397
448271
152558
913513
764657
971901
718709
183526
940815
290149
407761
442433
377733
905501
624033
772777
603821
162894
685083
95996
441141
483120
559387
132858
186111
818113
736992
449606
316049
158909
578485
149086
367084
526211
230853
169473
706520
509159
729823
914801
613006
52221
137733
181947
66591
520367
934850
223271
626685
129377
146976
123965
194647
309313
325801
181319
132290
205655
396022
532006
149981
417813
409327
330661
479528
635073
624944
841769
264151
402497
138227
724112
30601
67745
194985
552751
959043
676143
694649
684731
791461
138985
830774
711654
660402
628099
407151
430554
67511
586049
97533
565701
222669
22645
83781
763521
586501
200001
55848
501551
40833
72173
931521
803641
274591
247355
697891
641797
759817
29596
878833
480621
188089
441518
711646
909376
213823
220185
510343
906249
691271
75026
753875
778767
47696
307781
185286
938804
688545
56759
948209
363226
703521
771386
467653
317910
976176
334286
479593
955701
997265
974321
235441
85884
522573
493445
960551
414953
257075
502667
525493
105041
923499
500541
208528
611911
985516
533361
795149
196821
172969
31681
812294
475577
121201
909094
996137
189726
97515
783800
613614
87677
849429
604585
572515
110221
209345
516090
182189
729609
553425
299930
904926
861535
236453
523558
673194
673710
489487
267249
944477
44257
157325
379385
164966
802049
574073
366211
706049
10870
7825
822733
284925
733221
468255
830690
384897
294593
683909
932785
896081
202295
884009
352343
427986
62896
761698
671425
44679
334105
806821
792928
742732
968921
362157
949497
718201
491249
261026
421548
595941
579246
793539
535670
725037
812703
510027
159046
755821
798128
83571
207766
208256
355789
851537
938081
122993
539449
667583
221321
65758
706096
25481
91341
546001
853559
774756
922709
218753
321593
317049
306227
112341
598051
944341
162687
602593
686181
428841
226123
341955
3529
737697
151065
214698
863213
39473
787754
455489
682168
413081
469981
893701
483101
810025
638831
312605
606945
221441
192066
850035
894371
824371
641217
610471
602001
224321
979097
585305
550005
231739
443882
926205
167096
749907
212462
916939
978417
399813
602653
156516
75037
693365
39545
229001
972377
400125
659911
678801
568261
63985
343910
452367
672828
872980
885118
424795
344516
91809
59481
968249
314205
950793
522850
904981
979593
716241
489785
305041
141772
743193
867286
412545
826925
649463
909698
150097
890681
761396
109221
563701
960375
760183
153729
778277
479985
50294
815547
428881
970591
623033
405335
976597
504401
834465
257318
986648
372651
572947
458183
502501
862292
72423
617451
822851
382726
928031
560001
56551
516525
724096
452551
789531
960693
383417
346874
476693
315451
547314
679527
910241
184493
560199
523911
929065
785201
523778
360230
568113
676649
492663
356716
959541
16661
717349
324864
745117
437085
500533
582670
837689
125993
215625
65969
478741
825947
253923
884817
278056
393755
391741
175208
833811
536031
560928
219334
775533
232257
418941
395851
902236
173507
552914
403553
639662
986465
823217
397221
700670
298002
272682
574001
101721
563525
146747
943161
50945
677485
969185
189837
547203
650175
702993
968013
51136
544515
577939
566781
106018
573593
975297
358141
222001
803767
643536
31315
872061
416339
840876
617074
86815
224031
44089
422733
467489
160771
276609
690159
667209
747249
401498
760211
505919
109569
128799
66831
648506
876801
667581
209917
316829
603017
66891
904076
233245
292429
697001
927545
693297
39001
812116
979481
668399
653191
49345
964889
772259
607470
933512
269901
309469
340613
10401
800691
428845
230961
300021
579633
727042
927109
856088
103329
735724
457129
720923
965034
233249
118585
423717
544901
406142
620293
270281
731406
666251
663701
80177
421601
644505
520577
285697
145501
734335
376445
986073
614967
136701
32557
84175
120521
574071
258008
669429
416510
441121
549413
813273
387045
603336
51706
587971
494275
421617
653545
986434
695401
45491
372290
893052
874731
915701
866196
381189
802089
737401
362095
465525
172534
529806
160807
547041
552686
475783
351321
543511
472401
861627
161531
394824
733321
277201
290116
355521
240697
94796
620381
32697
668801
438721
600355
364095
303931
610921
983254
667377
402572
749246
859404
404363
205145
876877
500294
467565
328901
192441
506461
741276
20739
396960
704481
755336
403021
501231
38237
888469
947161
156547
934097
633941
776409
438081
46731
429604
342029
849954
857711
605710
764980
931681
53633
244822
755766
28287
633195
90051
270586
376840
358691
692291
333065
693501
462111
616113
875143
967201
821261
797358
218785
72659
495691
475411
836251
918581
666886
387889
840694
507783
177249
433053
450497
485719
313857
625217
25235
416091
858347
22922
703129
389471
532147
895937
269107
650602
262851
154492
496084
834993
479908
666889
708093
312023
658951
418407
562661
776171
797038
580647
520121
884166
79628
777997
878021
477840
575187
515601
177030
879720
591217
452305
88513
30899
311897
839745
313121
755209
433392
38170
530662
845171
511606
747735
727472
488022
546152
567464
880905
770211
501385
246709
966145
109671
448961
897876
610726
36031
545321
994226
983278
617146
338415
642234
318069
396001
591091
364186
975497
548521
485148
373738
213460
441043
577331
648908
18201
578989
175105
711043
621513
388672
307503
358385
975233
608775
492335
144654
923601
330849
612553
152578
371951
398906
940447
796645
564521
513590
28911
749201
316701
171663
514625
195838
541241
238785
496973
303551
104216
598216
372078
217669
356276
492004
962307
7116
337246
734926
271191
331753
334681
88245
906588
411865
688717
333867
523439
919656
600257
594657
280537
215290
819909
495929
810501
139167
279224
186027
79056
394176
663511
114625
778181
378662
57105
204213
174343
259009
866273
407765
53299
323425
328385
740739
77353
672883
639181
653169
375361
90275
195367
439566
363199
479666
75625
496515
616586
698753
6108
864166
423660
225649
491889
661977
590981
646215
612501
328671
781099
195188
23398
186268
553751
737825
989703
448556
817185
386311
129960
624776
670905
111804
306471
837040
956125
109961
752031
780673
37942
349984
900636
946851
75376
236164
665063
922795
182723
584361
561251
717149
855869
678696
419333
973537
721234
989633
603280
205241
619722
383271
6001
326753
294094
140465
392327
240878
669557
136938
863816
77087
427072
8401
363546
710721
682945
244718
166541
566754
695905
904506
997591
831064
471251
621165
651164
519626
429425
73526
295357
564201
29329
299998
882991
65339
116933
313603
157357
625113
879511
162921
984891
390458
598341
101379
674656
187919
324315
599619
973165
594213
108636
290585
411477
241696
749857
378779
210779
151336
536097
859293
462187
135299
557173
270873
168957
171173
384716
70293
87321
781440
852569
467966
657493
684977
646413
784575
897679
343740
303710
595288
964693
738251
632669
988393
616643
494297
202097
735644
586757
224941
803761
532350
16865
258695
533805
806971
723215
808704
17213
76953
764541
605641
897097
322491
81451
70726
477517
773961
2235
205961
326678
429301
435863
688801
272823
429579
794114
567926
565569
940201
259081
330253
32231
959001
70456
156142
104257
506460
157903
837256
802937
752821
99281
778452
445049
551731
421065
881665
643822
12959
931286
753409
264623
925703
276387
361985
590331
342645
857921
961793
325576
50169
121841
280407
822959
32944
35053
369418
831353
819343
434381
412673
556355
408761
9017
182625
841968
907013
827718
774835
183772
355301
397918
636353
939900
859615
60623
320593
75176
778625
39406
157283
494911
157833
513505
981789
458991
222641
16631
540161
613705
174137
478257
921449
527157
376801
217170
999012
490741
939507
440504
65365
349241
509261
922312
327989
158788
241861
306424
361313
693385
741210
71221
88571
517465
735033
944683
859073
185322
515725
348756
424753
823043
575925
993271
811931
204726
832809
289589
803572
532131
792223
100202
602665
80865
546596
277936
956918
179769
21641
408683
816178
640751
854518
194381
721009
117041
824307
388445
231093
650055
360657
524277
135826
167482
286258
135809
447912
520224
410233
278117
293931
325949
38345
887140
553879
539320
718512
786446
924901
536711
36632
977217
166845
12245
785223
208411
477557
520604
899086
994129
545361
123901
631385
536119
659001
769535
190695
688121
78397
77327
514296
934205
922139
59891
569237
997376
332009
782353
727831
855431
285873
725164
273709
910815
812805
67173
554199
327500
270557
673601
330115
496004
666235
387831
45136
471758
808531
2867
362885
105601
693423
144913
641753
282577
86053
786236
194057
242311
498873
751300
573653
103235
342161
678067
203639
773026
702045
304197
942477
565159
4046
358721
625453
677017
543971
49646
15093
557639
405447
68685
57511
396344
515245
528229
687282
764201
376805
284561
828401
181712
235819
687906
244434
26532
864517
182823
67205
800155
220421
519553
646610
294445
225089
874001
352939
148021
4971
519915
736477
963187
850199
333391
827295
913862
76321
679089
106121
885497
451585
474674
371209
111311
96229
84769
164511
428053
846756
344259
481414
79069
570745
547379
200151
750081
900941
46926
420999
522677
994416
722441
124991
502113
692336
828864
746930
629331
994941
379733
748433
308737
930153
819111
140401
643637
710678
393521
231545
900529
435008
872350
564926
323385
189501
654861
550977
638701
46181
452261
229649
577921
696963
662764
874357
641045
256193
654340
583981
502897
897967
130721
29150
829713
554531
871876
634854
924601
152423
526321
86131
958401
853581
15621
991764
664265
64887
357085
91725
809031
866344
372350
921393
608137
121573
696101
847011
112774
56449
414969
640024
80449
75661
531065
448421
452105
823481
962445
174297
951976
476196
729306
820832
455381
242793
258691
672355
759134
17755
606881
550745
360488
986353
899577
501385
655473
253865
637369
711197
621633
62611
50346
671907
582921
136441
722849
233659
922561
766571
652761
886135
723087
404961
928425
88780
905231
681840
255223
864904
992872
764729
507599
118441
6169
67851
962501
187073
965121
990976
207081
818441
172761
665201
229728
844844
767768
924525
855446
923661
52881
683821
38971
670136
709290
169489
635526
379205
68890
468623
646521
817751
592295
495151
750187
184193
337239
777865
667355
938659
505901
382085
416605
835309
968865
78561
849531
664596
291217
